CRITICAL - 2022-05-29 02:53:41 --> include(..navbar.php): failed to open stream: No such file or directory
#0 C:\xampp\htdocs\gigr\app\Views\UI\home.php(12): CodeIgniter\Debug\Exceptions->errorHandler(2, 'include(..navba...', 'C:\\xampp\\htdocs...', 12, Array)
#1 C:\xampp\htdocs\gigr\app\Views\UI\home.php(12): include()
#2 C:\xampp\htdocs\gigr\system\View\View.php(210): include('C:\\xampp\\htdocs...')
#3 C:\xampp\htdocs\gigr\system\View\View.php(213): CodeIgniter\View\View->CodeIgniter\View\{closure}()
#4 C:\xampp\htdocs\gigr\system\Common.php(1089): CodeIgniter\View\View->render('UI/home.php', Array, true)
#5 C:\xampp\htdocs\gigr\app\Controllers\Home.php(9): view('UI/home.php')
#6 C:\xampp\htdocs\gigr\system\CodeIgniter.php(832): App\Controllers\Home->index()
#7 C:\xampp\htdocs\gigr\system\CodeIgniter.php(419): CodeIgniter\CodeIgniter->runController(Object(App\Controllers\Home))
#8 C:\xampp\htdocs\gigr\system\CodeIgniter.php(326): CodeIgniter\CodeIgniter->handleRequest(NULL, Object(Config\Cache), false)
#9 C:\xampp\htdocs\gigr\public\index.php(37): CodeIgniter\CodeIgniter->run()
#10 C:\xampp\htdocs\gigr\system\Commands\Server\rewrite.php(43): require_once('C:\\xampp\\htdocs...')
#11 {main}
CRITICAL - 2022-05-29 02:53:42 --> include(..navbar.php): failed to open stream: No such file or directory
#0 C:\xampp\htdocs\gigr\app\Views\UI\home.php(12): CodeIgniter\Debug\Exceptions->errorHandler(2, 'include(..navba...', 'C:\\xampp\\htdocs...', 12, Array)
#1 C:\xampp\htdocs\gigr\app\Views\UI\home.php(12): include()
#2 C:\xampp\htdocs\gigr\system\View\View.php(210): include('C:\\xampp\\htdocs...')
#3 C:\xampp\htdocs\gigr\system\View\View.php(213): CodeIgniter\View\View->CodeIgniter\View\{closure}()
#4 C:\xampp\htdocs\gigr\system\Common.php(1089): CodeIgniter\View\View->render('UI/home.php', Array, true)
#5 C:\xampp\htdocs\gigr\app\Controllers\Home.php(9): view('UI/home.php')
#6 C:\xampp\htdocs\gigr\system\CodeIgniter.php(832): App\Controllers\Home->index()
#7 C:\xampp\htdocs\gigr\system\CodeIgniter.php(419): CodeIgniter\CodeIgniter->runController(Object(App\Controllers\Home))
#8 C:\xampp\htdocs\gigr\system\CodeIgniter.php(326): CodeIgniter\CodeIgniter->handleRequest(NULL, Object(Config\Cache), false)
#9 C:\xampp\htdocs\gigr\public\index.php(37): CodeIgniter\CodeIgniter->run()
#10 C:\xampp\htdocs\gigr\system\Commands\Server\rewrite.php(43): require_once('C:\\xampp\\htdocs...')
#11 {main}
CRITICAL - 2022-05-29 02:53:48 --> include(..//navbar.php): failed to open stream: No such file or directory
#0 C:\xampp\htdocs\gigr\app\Views\UI\home.php(12): CodeIgniter\Debug\Exceptions->errorHandler(2, 'include(..//nav...', 'C:\\xampp\\htdocs...', 12, Array)
#1 C:\xampp\htdocs\gigr\app\Views\UI\home.php(12): include()
#2 C:\xampp\htdocs\gigr\system\View\View.php(210): include('C:\\xampp\\htdocs...')
#3 C:\xampp\htdocs\gigr\system\View\View.php(213): CodeIgniter\View\View->CodeIgniter\View\{closure}()
#4 C:\xampp\htdocs\gigr\system\Common.php(1089): CodeIgniter\View\View->render('UI/home.php', Array, true)
#5 C:\xampp\htdocs\gigr\app\Controllers\Home.php(9): view('UI/home.php')
#6 C:\xampp\htdocs\gigr\system\CodeIgniter.php(832): App\Controllers\Home->index()
#7 C:\xampp\htdocs\gigr\system\CodeIgniter.php(419): CodeIgniter\CodeIgniter->runController(Object(App\Controllers\Home))
#8 C:\xampp\htdocs\gigr\system\CodeIgniter.php(326): CodeIgniter\CodeIgniter->handleRequest(NULL, Object(Config\Cache), false)
#9 C:\xampp\htdocs\gigr\public\index.php(37): CodeIgniter\CodeIgniter->run()
#10 C:\xampp\htdocs\gigr\system\Commands\Server\rewrite.php(43): require_once('C:\\xampp\\htdocs...')
#11 {main}
CRITICAL - 2022-05-29 02:53:48 --> include(..//navbar.php): failed to open stream: No such file or directory
#0 C:\xampp\htdocs\gigr\app\Views\UI\home.php(12): CodeIgniter\Debug\Exceptions->errorHandler(2, 'include(..//nav...', 'C:\\xampp\\htdocs...', 12, Array)
#1 C:\xampp\htdocs\gigr\app\Views\UI\home.php(12): include()
#2 C:\xampp\htdocs\gigr\system\View\View.php(210): include('C:\\xampp\\htdocs...')
#3 C:\xampp\htdocs\gigr\system\View\View.php(213): CodeIgniter\View\View->CodeIgniter\View\{closure}()
#4 C:\xampp\htdocs\gigr\system\Common.php(1089): CodeIgniter\View\View->render('UI/home.php', Array, true)
#5 C:\xampp\htdocs\gigr\app\Controllers\Home.php(9): view('UI/home.php')
#6 C:\xampp\htdocs\gigr\system\CodeIgniter.php(832): App\Controllers\Home->index()
#7 C:\xampp\htdocs\gigr\system\CodeIgniter.php(419): CodeIgniter\CodeIgniter->runController(Object(App\Controllers\Home))
#8 C:\xampp\htdocs\gigr\system\CodeIgniter.php(326): CodeIgniter\CodeIgniter->handleRequest(NULL, Object(Config\Cache), false)
#9 C:\xampp\htdocs\gigr\public\index.php(37): CodeIgniter\CodeIgniter->run()
#10 C:\xampp\htdocs\gigr\system\Commands\Server\rewrite.php(43): require_once('C:\\xampp\\htdocs...')
#11 {main}
CRITICAL - 2022-05-29 02:53:52 --> include(../navbar.php): failed to open stream: No such file or directory
#0 C:\xampp\htdocs\gigr\app\Views\UI\home.php(12): CodeIgniter\Debug\Exceptions->errorHandler(2, 'include(../navb...', 'C:\\xampp\\htdocs...', 12, Array)
#1 C:\xampp\htdocs\gigr\app\Views\UI\home.php(12): include()
#2 C:\xampp\htdocs\gigr\system\View\View.php(210): include('C:\\xampp\\htdocs...')
#3 C:\xampp\htdocs\gigr\system\View\View.php(213): CodeIgniter\View\View->CodeIgniter\View\{closure}()
#4 C:\xampp\htdocs\gigr\system\Common.php(1089): CodeIgniter\View\View->render('UI/home.php', Array, true)
#5 C:\xampp\htdocs\gigr\app\Controllers\Home.php(9): view('UI/home.php')
#6 C:\xampp\htdocs\gigr\system\CodeIgniter.php(832): App\Controllers\Home->index()
#7 C:\xampp\htdocs\gigr\system\CodeIgniter.php(419): CodeIgniter\CodeIgniter->runController(Object(App\Controllers\Home))
#8 C:\xampp\htdocs\gigr\system\CodeIgniter.php(326): CodeIgniter\CodeIgniter->handleRequest(NULL, Object(Config\Cache), false)
#9 C:\xampp\htdocs\gigr\public\index.php(37): CodeIgniter\CodeIgniter->run()
#10 C:\xampp\htdocs\gigr\system\Commands\Server\rewrite.php(43): require_once('C:\\xampp\\htdocs...')
#11 {main}
CRITICAL - 2022-05-29 02:53:53 --> include(../navbar.php): failed to open stream: No such file or directory
#0 C:\xampp\htdocs\gigr\app\Views\UI\home.php(12): CodeIgniter\Debug\Exceptions->errorHandler(2, 'include(../navb...', 'C:\\xampp\\htdocs...', 12, Array)
#1 C:\xampp\htdocs\gigr\app\Views\UI\home.php(12): include()
#2 C:\xampp\htdocs\gigr\system\View\View.php(210): include('C:\\xampp\\htdocs...')
#3 C:\xampp\htdocs\gigr\system\View\View.php(213): CodeIgniter\View\View->CodeIgniter\View\{closure}()
#4 C:\xampp\htdocs\gigr\system\Common.php(1089): CodeIgniter\View\View->render('UI/home.php', Array, true)
#5 C:\xampp\htdocs\gigr\app\Controllers\Home.php(9): view('UI/home.php')
#6 C:\xampp\htdocs\gigr\system\CodeIgniter.php(832): App\Controllers\Home->index()
#7 C:\xampp\htdocs\gigr\system\CodeIgniter.php(419): CodeIgniter\CodeIgniter->runController(Object(App\Controllers\Home))
#8 C:\xampp\htdocs\gigr\system\CodeIgniter.php(326): CodeIgniter\CodeIgniter->handleRequest(NULL, Object(Config\Cache), false)
#9 C:\xampp\htdocs\gigr\public\index.php(37): CodeIgniter\CodeIgniter->run()
#10 C:\xampp\htdocs\gigr\system\Commands\Server\rewrite.php(43): require_once('C:\\xampp\\htdocs...')
#11 {main}
CRITICAL - 2022-05-29 02:53:53 --> include(../navbar.php): failed to open stream: No such file or directory
#0 C:\xampp\htdocs\gigr\app\Views\UI\home.php(12): CodeIgniter\Debug\Exceptions->errorHandler(2, 'include(../navb...', 'C:\\xampp\\htdocs...', 12, Array)
#1 C:\xampp\htdocs\gigr\app\Views\UI\home.php(12): include()
#2 C:\xampp\htdocs\gigr\system\View\View.php(210): include('C:\\xampp\\htdocs...')
#3 C:\xampp\htdocs\gigr\system\View\View.php(213): CodeIgniter\View\View->CodeIgniter\View\{closure}()
#4 C:\xampp\htdocs\gigr\system\Common.php(1089): CodeIgniter\View\View->render('UI/home.php', Array, true)
#5 C:\xampp\htdocs\gigr\app\Controllers\Home.php(9): view('UI/home.php')
#6 C:\xampp\htdocs\gigr\system\CodeIgniter.php(832): App\Controllers\Home->index()
#7 C:\xampp\htdocs\gigr\system\CodeIgniter.php(419): CodeIgniter\CodeIgniter->runController(Object(App\Controllers\Home))
#8 C:\xampp\htdocs\gigr\system\CodeIgniter.php(326): CodeIgniter\CodeIgniter->handleRequest(NULL, Object(Config\Cache), false)
#9 C:\xampp\htdocs\gigr\public\index.php(37): CodeIgniter\CodeIgniter->run()
#10 C:\xampp\htdocs\gigr\system\Commands\Server\rewrite.php(43): require_once('C:\\xampp\\htdocs...')
#11 {main}
CRITICAL - 2022-05-29 02:53:53 --> include(../navbar.php): failed to open stream: No such file or directory
#0 C:\xampp\htdocs\gigr\app\Views\UI\home.php(12): CodeIgniter\Debug\Exceptions->errorHandler(2, 'include(../navb...', 'C:\\xampp\\htdocs...', 12, Array)
#1 C:\xampp\htdocs\gigr\app\Views\UI\home.php(12): include()
#2 C:\xampp\htdocs\gigr\system\View\View.php(210): include('C:\\xampp\\htdocs...')
#3 C:\xampp\htdocs\gigr\system\View\View.php(213): CodeIgniter\View\View->CodeIgniter\View\{closure}()
#4 C:\xampp\htdocs\gigr\system\Common.php(1089): CodeIgniter\View\View->render('UI/home.php', Array, true)
#5 C:\xampp\htdocs\gigr\app\Controllers\Home.php(9): view('UI/home.php')
#6 C:\xampp\htdocs\gigr\system\CodeIgniter.php(832): App\Controllers\Home->index()
#7 C:\xampp\htdocs\gigr\system\CodeIgniter.php(419): CodeIgniter\CodeIgniter->runController(Object(App\Controllers\Home))
#8 C:\xampp\htdocs\gigr\system\CodeIgniter.php(326): CodeIgniter\CodeIgniter->handleRequest(NULL, Object(Config\Cache), false)
#9 C:\xampp\htdocs\gigr\public\index.php(37): CodeIgniter\CodeIgniter->run()
#10 C:\xampp\htdocs\gigr\system\Commands\Server\rewrite.php(43): require_once('C:\\xampp\\htdocs...')
#11 {main}
CRITICAL - 2022-05-29 02:54:30 --> include(../components/navbar.php): failed to open stream: No such file or directory
#0 C:\xampp\htdocs\gigr\app\Views\UI\home.php(12): CodeIgniter\Debug\Exceptions->errorHandler(2, 'include(../comp...', 'C:\\xampp\\htdocs...', 12, Array)
#1 C:\xampp\htdocs\gigr\app\Views\UI\home.php(12): include()
#2 C:\xampp\htdocs\gigr\system\View\View.php(210): include('C:\\xampp\\htdocs...')
#3 C:\xampp\htdocs\gigr\system\View\View.php(213): CodeIgniter\View\View->CodeIgniter\View\{closure}()
#4 C:\xampp\htdocs\gigr\system\Common.php(1089): CodeIgniter\View\View->render('UI/home.php', Array, true)
#5 C:\xampp\htdocs\gigr\app\Controllers\Home.php(9): view('UI/home.php')
#6 C:\xampp\htdocs\gigr\system\CodeIgniter.php(832): App\Controllers\Home->index()
#7 C:\xampp\htdocs\gigr\system\CodeIgniter.php(419): CodeIgniter\CodeIgniter->runController(Object(App\Controllers\Home))
#8 C:\xampp\htdocs\gigr\system\CodeIgniter.php(326): CodeIgniter\CodeIgniter->handleRequest(NULL, Object(Config\Cache), false)
#9 C:\xampp\htdocs\gigr\public\index.php(37): CodeIgniter\CodeIgniter->run()
#10 C:\xampp\htdocs\gigr\system\Commands\Server\rewrite.php(43): require_once('C:\\xampp\\htdocs...')
#11 {main}
CRITICAL - 2022-05-29 02:54:31 --> include(../components/navbar.php): failed to open stream: No such file or directory
#0 C:\xampp\htdocs\gigr\app\Views\UI\home.php(12): CodeIgniter\Debug\Exceptions->errorHandler(2, 'include(../comp...', 'C:\\xampp\\htdocs...', 12, Array)
#1 C:\xampp\htdocs\gigr\app\Views\UI\home.php(12): include()
#2 C:\xampp\htdocs\gigr\system\View\View.php(210): include('C:\\xampp\\htdocs...')
#3 C:\xampp\htdocs\gigr\system\View\View.php(213): CodeIgniter\View\View->CodeIgniter\View\{closure}()
#4 C:\xampp\htdocs\gigr\system\Common.php(1089): CodeIgniter\View\View->render('UI/home.php', Array, true)
#5 C:\xampp\htdocs\gigr\app\Controllers\Home.php(9): view('UI/home.php')
#6 C:\xampp\htdocs\gigr\system\CodeIgniter.php(832): App\Controllers\Home->index()
#7 C:\xampp\htdocs\gigr\system\CodeIgniter.php(419): CodeIgniter\CodeIgniter->runController(Object(App\Controllers\Home))
#8 C:\xampp\htdocs\gigr\system\CodeIgniter.php(326): CodeIgniter\CodeIgniter->handleRequest(NULL, Object(Config\Cache), false)
#9 C:\xampp\htdocs\gigr\public\index.php(37): CodeIgniter\CodeIgniter->run()
#10 C:\xampp\htdocs\gigr\system\Commands\Server\rewrite.php(43): require_once('C:\\xampp\\htdocs...')
#11 {main}
CRITICAL - 2022-05-29 02:54:31 --> include(../components/navbar.php): failed to open stream: No such file or directory
#0 C:\xampp\htdocs\gigr\app\Views\UI\home.php(12): CodeIgniter\Debug\Exceptions->errorHandler(2, 'include(../comp...', 'C:\\xampp\\htdocs...', 12, Array)
#1 C:\xampp\htdocs\gigr\app\Views\UI\home.php(12): include()
#2 C:\xampp\htdocs\gigr\system\View\View.php(210): include('C:\\xampp\\htdocs...')
#3 C:\xampp\htdocs\gigr\system\View\View.php(213): CodeIgniter\View\View->CodeIgniter\View\{closure}()
#4 C:\xampp\htdocs\gigr\system\Common.php(1089): CodeIgniter\View\View->render('UI/home.php', Array, true)
#5 C:\xampp\htdocs\gigr\app\Controllers\Home.php(9): view('UI/home.php')
#6 C:\xampp\htdocs\gigr\system\CodeIgniter.php(832): App\Controllers\Home->index()
#7 C:\xampp\htdocs\gigr\system\CodeIgniter.php(419): CodeIgniter\CodeIgniter->runController(Object(App\Controllers\Home))
#8 C:\xampp\htdocs\gigr\system\CodeIgniter.php(326): CodeIgniter\CodeIgniter->handleRequest(NULL, Object(Config\Cache), false)
#9 C:\xampp\htdocs\gigr\public\index.php(37): CodeIgniter\CodeIgniter->run()
#10 C:\xampp\htdocs\gigr\system\Commands\Server\rewrite.php(43): require_once('C:\\xampp\\htdocs...')
#11 {main}
CRITICAL - 2022-05-29 02:54:32 --> include(../components/navbar.php): failed to open stream: No such file or directory
#0 C:\xampp\htdocs\gigr\app\Views\UI\home.php(12): CodeIgniter\Debug\Exceptions->errorHandler(2, 'include(../comp...', 'C:\\xampp\\htdocs...', 12, Array)
#1 C:\xampp\htdocs\gigr\app\Views\UI\home.php(12): include()
#2 C:\xampp\htdocs\gigr\system\View\View.php(210): include('C:\\xampp\\htdocs...')
#3 C:\xampp\htdocs\gigr\system\View\View.php(213): CodeIgniter\View\View->CodeIgniter\View\{closure}()
#4 C:\xampp\htdocs\gigr\system\Common.php(1089): CodeIgniter\View\View->render('UI/home.php', Array, true)
#5 C:\xampp\htdocs\gigr\app\Controllers\Home.php(9): view('UI/home.php')
#6 C:\xampp\htdocs\gigr\system\CodeIgniter.php(832): App\Controllers\Home->index()
#7 C:\xampp\htdocs\gigr\system\CodeIgniter.php(419): CodeIgniter\CodeIgniter->runController(Object(App\Controllers\Home))
#8 C:\xampp\htdocs\gigr\system\CodeIgniter.php(326): CodeIgniter\CodeIgniter->handleRequest(NULL, Object(Config\Cache), false)
#9 C:\xampp\htdocs\gigr\public\index.php(37): CodeIgniter\CodeIgniter->run()
#10 C:\xampp\htdocs\gigr\system\Commands\Server\rewrite.php(43): require_once('C:\\xampp\\htdocs...')
#11 {main}
CRITICAL - 2022-05-29 02:54:32 --> include(../components/navbar.php): failed to open stream: No such file or directory
#0 C:\xampp\htdocs\gigr\app\Views\UI\home.php(12): CodeIgniter\Debug\Exceptions->errorHandler(2, 'include(../comp...', 'C:\\xampp\\htdocs...', 12, Array)
#1 C:\xampp\htdocs\gigr\app\Views\UI\home.php(12): include()
#2 C:\xampp\htdocs\gigr\system\View\View.php(210): include('C:\\xampp\\htdocs...')
#3 C:\xampp\htdocs\gigr\system\View\View.php(213): CodeIgniter\View\View->CodeIgniter\View\{closure}()
#4 C:\xampp\htdocs\gigr\system\Common.php(1089): CodeIgniter\View\View->render('UI/home.php', Array, true)
#5 C:\xampp\htdocs\gigr\app\Controllers\Home.php(9): view('UI/home.php')
#6 C:\xampp\htdocs\gigr\system\CodeIgniter.php(832): App\Controllers\Home->index()
#7 C:\xampp\htdocs\gigr\system\CodeIgniter.php(419): CodeIgniter\CodeIgniter->runController(Object(App\Controllers\Home))
#8 C:\xampp\htdocs\gigr\system\CodeIgniter.php(326): CodeIgniter\CodeIgniter->handleRequest(NULL, Object(Config\Cache), false)
#9 C:\xampp\htdocs\gigr\public\index.php(37): CodeIgniter\CodeIgniter->run()
#10 C:\xampp\htdocs\gigr\system\Commands\Server\rewrite.php(43): require_once('C:\\xampp\\htdocs...')
#11 {main}
CRITICAL - 2022-05-29 02:54:32 --> include(../components/navbar.php): failed to open stream: No such file or directory
#0 C:\xampp\htdocs\gigr\app\Views\UI\home.php(12): CodeIgniter\Debug\Exceptions->errorHandler(2, 'include(../comp...', 'C:\\xampp\\htdocs...', 12, Array)
#1 C:\xampp\htdocs\gigr\app\Views\UI\home.php(12): include()
#2 C:\xampp\htdocs\gigr\system\View\View.php(210): include('C:\\xampp\\htdocs...')
#3 C:\xampp\htdocs\gigr\system\View\View.php(213): CodeIgniter\View\View->CodeIgniter\View\{closure}()
#4 C:\xampp\htdocs\gigr\system\Common.php(1089): CodeIgniter\View\View->render('UI/home.php', Array, true)
#5 C:\xampp\htdocs\gigr\app\Controllers\Home.php(9): view('UI/home.php')
#6 C:\xampp\htdocs\gigr\system\CodeIgniter.php(832): App\Controllers\Home->index()
#7 C:\xampp\htdocs\gigr\system\CodeIgniter.php(419): CodeIgniter\CodeIgniter->runController(Object(App\Controllers\Home))
#8 C:\xampp\htdocs\gigr\system\CodeIgniter.php(326): CodeIgniter\CodeIgniter->handleRequest(NULL, Object(Config\Cache), false)
#9 C:\xampp\htdocs\gigr\public\index.php(37): CodeIgniter\CodeIgniter->run()
#10 C:\xampp\htdocs\gigr\system\Commands\Server\rewrite.php(43): require_once('C:\\xampp\\htdocs...')
#11 {main}
CRITICAL - 2022-05-29 02:54:32 --> include(../components/navbar.php): failed to open stream: No such file or directory
#0 C:\xampp\htdocs\gigr\app\Views\UI\home.php(12): CodeIgniter\Debug\Exceptions->errorHandler(2, 'include(../comp...', 'C:\\xampp\\htdocs...', 12, Array)
#1 C:\xampp\htdocs\gigr\app\Views\UI\home.php(12): include()
#2 C:\xampp\htdocs\gigr\system\View\View.php(210): include('C:\\xampp\\htdocs...')
#3 C:\xampp\htdocs\gigr\system\View\View.php(213): CodeIgniter\View\View->CodeIgniter\View\{closure}()
#4 C:\xampp\htdocs\gigr\system\Common.php(1089): CodeIgniter\View\View->render('UI/home.php', Array, true)
#5 C:\xampp\htdocs\gigr\app\Controllers\Home.php(9): view('UI/home.php')
#6 C:\xampp\htdocs\gigr\system\CodeIgniter.php(832): App\Controllers\Home->index()
#7 C:\xampp\htdocs\gigr\system\CodeIgniter.php(419): CodeIgniter\CodeIgniter->runController(Object(App\Controllers\Home))
#8 C:\xampp\htdocs\gigr\system\CodeIgniter.php(326): CodeIgniter\CodeIgniter->handleRequest(NULL, Object(Config\Cache), false)
#9 C:\xampp\htdocs\gigr\public\index.php(37): CodeIgniter\CodeIgniter->run()
#10 C:\xampp\htdocs\gigr\system\Commands\Server\rewrite.php(43): require_once('C:\\xampp\\htdocs...')
#11 {main}
CRITICAL - 2022-05-29 02:54:32 --> include(../components/navbar.php): failed to open stream: No such file or directory
#0 C:\xampp\htdocs\gigr\app\Views\UI\home.php(12): CodeIgniter\Debug\Exceptions->errorHandler(2, 'include(../comp...', 'C:\\xampp\\htdocs...', 12, Array)
#1 C:\xampp\htdocs\gigr\app\Views\UI\home.php(12): include()
#2 C:\xampp\htdocs\gigr\system\View\View.php(210): include('C:\\xampp\\htdocs...')
#3 C:\xampp\htdocs\gigr\system\View\View.php(213): CodeIgniter\View\View->CodeIgniter\View\{closure}()
#4 C:\xampp\htdocs\gigr\system\Common.php(1089): CodeIgniter\View\View->render('UI/home.php', Array, true)
#5 C:\xampp\htdocs\gigr\app\Controllers\Home.php(9): view('UI/home.php')
#6 C:\xampp\htdocs\gigr\system\CodeIgniter.php(832): App\Controllers\Home->index()
#7 C:\xampp\htdocs\gigr\system\CodeIgniter.php(419): CodeIgniter\CodeIgniter->runController(Object(App\Controllers\Home))
#8 C:\xampp\htdocs\gigr\system\CodeIgniter.php(326): CodeIgniter\CodeIgniter->handleRequest(NULL, Object(Config\Cache), false)
#9 C:\xampp\htdocs\gigr\public\index.php(37): CodeIgniter\CodeIgniter->run()
#10 C:\xampp\htdocs\gigr\system\Commands\Server\rewrite.php(43): require_once('C:\\xampp\\htdocs...')
#11 {main}
CRITICAL - 2022-05-29 02:54:33 --> include(../components/navbar.php): failed to open stream: No such file or directory
#0 C:\xampp\htdocs\gigr\app\Views\UI\home.php(12): CodeIgniter\Debug\Exceptions->errorHandler(2, 'include(../comp...', 'C:\\xampp\\htdocs...', 12, Array)
#1 C:\xampp\htdocs\gigr\app\Views\UI\home.php(12): include()
#2 C:\xampp\htdocs\gigr\system\View\View.php(210): include('C:\\xampp\\htdocs...')
#3 C:\xampp\htdocs\gigr\system\View\View.php(213): CodeIgniter\View\View->CodeIgniter\View\{closure}()
#4 C:\xampp\htdocs\gigr\system\Common.php(1089): CodeIgniter\View\View->render('UI/home.php', Array, true)
#5 C:\xampp\htdocs\gigr\app\Controllers\Home.php(9): view('UI/home.php')
#6 C:\xampp\htdocs\gigr\system\CodeIgniter.php(832): App\Controllers\Home->index()
#7 C:\xampp\htdocs\gigr\system\CodeIgniter.php(419): CodeIgniter\CodeIgniter->runController(Object(App\Controllers\Home))
#8 C:\xampp\htdocs\gigr\system\CodeIgniter.php(326): CodeIgniter\CodeIgniter->handleRequest(NULL, Object(Config\Cache), false)
#9 C:\xampp\htdocs\gigr\public\index.php(37): CodeIgniter\CodeIgniter->run()
#10 C:\xampp\htdocs\gigr\system\Commands\Server\rewrite.php(43): require_once('C:\\xampp\\htdocs...')
#11 {main}
CRITICAL - 2022-05-29 02:54:33 --> include(../components/navbar.php): failed to open stream: No such file or directory
#0 C:\xampp\htdocs\gigr\app\Views\UI\home.php(12): CodeIgniter\Debug\Exceptions->errorHandler(2, 'include(../comp...', 'C:\\xampp\\htdocs...', 12, Array)
#1 C:\xampp\htdocs\gigr\app\Views\UI\home.php(12): include()
#2 C:\xampp\htdocs\gigr\system\View\View.php(210): include('C:\\xampp\\htdocs...')
#3 C:\xampp\htdocs\gigr\system\View\View.php(213): CodeIgniter\View\View->CodeIgniter\View\{closure}()
#4 C:\xampp\htdocs\gigr\system\Common.php(1089): CodeIgniter\View\View->render('UI/home.php', Array, true)
#5 C:\xampp\htdocs\gigr\app\Controllers\Home.php(9): view('UI/home.php')
#6 C:\xampp\htdocs\gigr\system\CodeIgniter.php(832): App\Controllers\Home->index()
#7 C:\xampp\htdocs\gigr\system\CodeIgniter.php(419): CodeIgniter\CodeIgniter->runController(Object(App\Controllers\Home))
#8 C:\xampp\htdocs\gigr\system\CodeIgniter.php(326): CodeIgniter\CodeIgniter->handleRequest(NULL, Object(Config\Cache), false)
#9 C:\xampp\htdocs\gigr\public\index.php(37): CodeIgniter\CodeIgniter->run()
#10 C:\xampp\htdocs\gigr\system\Commands\Server\rewrite.php(43): require_once('C:\\xampp\\htdocs...')
#11 {main}
CRITICAL - 2022-05-29 02:54:33 --> include(../components/navbar.php): failed to open stream: No such file or directory
#0 C:\xampp\htdocs\gigr\app\Views\UI\home.php(12): CodeIgniter\Debug\Exceptions->errorHandler(2, 'include(../comp...', 'C:\\xampp\\htdocs...', 12, Array)
#1 C:\xampp\htdocs\gigr\app\Views\UI\home.php(12): include()
#2 C:\xampp\htdocs\gigr\system\View\View.php(210): include('C:\\xampp\\htdocs...')
#3 C:\xampp\htdocs\gigr\system\View\View.php(213): CodeIgniter\View\View->CodeIgniter\View\{closure}()
#4 C:\xampp\htdocs\gigr\system\Common.php(1089): CodeIgniter\View\View->render('UI/home.php', Array, true)
#5 C:\xampp\htdocs\gigr\app\Controllers\Home.php(9): view('UI/home.php')
#6 C:\xampp\htdocs\gigr\system\CodeIgniter.php(832): App\Controllers\Home->index()
#7 C:\xampp\htdocs\gigr\system\CodeIgniter.php(419): CodeIgniter\CodeIgniter->runController(Object(App\Controllers\Home))
#8 C:\xampp\htdocs\gigr\system\CodeIgniter.php(326): CodeIgniter\CodeIgniter->handleRequest(NULL, Object(Config\Cache), false)
#9 C:\xampp\htdocs\gigr\public\index.php(37): CodeIgniter\CodeIgniter->run()
#10 C:\xampp\htdocs\gigr\system\Commands\Server\rewrite.php(43): require_once('C:\\xampp\\htdocs...')
#11 {main}
CRITICAL - 2022-05-29 02:54:33 --> include(../components/navbar.php): failed to open stream: No such file or directory
#0 C:\xampp\htdocs\gigr\app\Views\UI\home.php(12): CodeIgniter\Debug\Exceptions->errorHandler(2, 'include(../comp...', 'C:\\xampp\\htdocs...', 12, Array)
#1 C:\xampp\htdocs\gigr\app\Views\UI\home.php(12): include()
#2 C:\xampp\htdocs\gigr\system\View\View.php(210): include('C:\\xampp\\htdocs...')
#3 C:\xampp\htdocs\gigr\system\View\View.php(213): CodeIgniter\View\View->CodeIgniter\View\{closure}()
#4 C:\xampp\htdocs\gigr\system\Common.php(1089): CodeIgniter\View\View->render('UI/home.php', Array, true)
#5 C:\xampp\htdocs\gigr\app\Controllers\Home.php(9): view('UI/home.php')
#6 C:\xampp\htdocs\gigr\system\CodeIgniter.php(832): App\Controllers\Home->index()
#7 C:\xampp\htdocs\gigr\system\CodeIgniter.php(419): CodeIgniter\CodeIgniter->runController(Object(App\Controllers\Home))
#8 C:\xampp\htdocs\gigr\system\CodeIgniter.php(326): CodeIgniter\CodeIgniter->handleRequest(NULL, Object(Config\Cache), false)
#9 C:\xampp\htdocs\gigr\public\index.php(37): CodeIgniter\CodeIgniter->run()
#10 C:\xampp\htdocs\gigr\system\Commands\Server\rewrite.php(43): require_once('C:\\xampp\\htdocs...')
#11 {main}
CRITICAL - 2022-05-29 02:54:33 --> include(../components/navbar.php): failed to open stream: No such file or directory
#0 C:\xampp\htdocs\gigr\app\Views\UI\home.php(12): CodeIgniter\Debug\Exceptions->errorHandler(2, 'include(../comp...', 'C:\\xampp\\htdocs...', 12, Array)
#1 C:\xampp\htdocs\gigr\app\Views\UI\home.php(12): include()
#2 C:\xampp\htdocs\gigr\system\View\View.php(210): include('C:\\xampp\\htdocs...')
#3 C:\xampp\htdocs\gigr\system\View\View.php(213): CodeIgniter\View\View->CodeIgniter\View\{closure}()
#4 C:\xampp\htdocs\gigr\system\Common.php(1089): CodeIgniter\View\View->render('UI/home.php', Array, true)
#5 C:\xampp\htdocs\gigr\app\Controllers\Home.php(9): view('UI/home.php')
#6 C:\xampp\htdocs\gigr\system\CodeIgniter.php(832): App\Controllers\Home->index()
#7 C:\xampp\htdocs\gigr\system\CodeIgniter.php(419): CodeIgniter\CodeIgniter->runController(Object(App\Controllers\Home))
#8 C:\xampp\htdocs\gigr\system\CodeIgniter.php(326): CodeIgniter\CodeIgniter->handleRequest(NULL, Object(Config\Cache), false)
#9 C:\xampp\htdocs\gigr\public\index.php(37): CodeIgniter\CodeIgniter->run()
#10 C:\xampp\htdocs\gigr\system\Commands\Server\rewrite.php(43): require_once('C:\\xampp\\htdocs...')
#11 {main}
CRITICAL - 2022-05-29 02:54:34 --> include(../components/navbar.php): failed to open stream: No such file or directory
#0 C:\xampp\htdocs\gigr\app\Views\UI\home.php(12): CodeIgniter\Debug\Exceptions->errorHandler(2, 'include(../comp...', 'C:\\xampp\\htdocs...', 12, Array)
#1 C:\xampp\htdocs\gigr\app\Views\UI\home.php(12): include()
#2 C:\xampp\htdocs\gigr\system\View\View.php(210): include('C:\\xampp\\htdocs...')
#3 C:\xampp\htdocs\gigr\system\View\View.php(213): CodeIgniter\View\View->CodeIgniter\View\{closure}()
#4 C:\xampp\htdocs\gigr\system\Common.php(1089): CodeIgniter\View\View->render('UI/home.php', Array, true)
#5 C:\xampp\htdocs\gigr\app\Controllers\Home.php(9): view('UI/home.php')
#6 C:\xampp\htdocs\gigr\system\CodeIgniter.php(832): App\Controllers\Home->index()
#7 C:\xampp\htdocs\gigr\system\CodeIgniter.php(419): CodeIgniter\CodeIgniter->runController(Object(App\Controllers\Home))
#8 C:\xampp\htdocs\gigr\system\CodeIgniter.php(326): CodeIgniter\CodeIgniter->handleRequest(NULL, Object(Config\Cache), false)
#9 C:\xampp\htdocs\gigr\public\index.php(37): CodeIgniter\CodeIgniter->run()
#10 C:\xampp\htdocs\gigr\system\Commands\Server\rewrite.php(43): require_once('C:\\xampp\\htdocs...')
#11 {main}
CRITICAL - 2022-05-29 02:54:34 --> include(../components/navbar.php): failed to open stream: No such file or directory
#0 C:\xampp\htdocs\gigr\app\Views\UI\home.php(12): CodeIgniter\Debug\Exceptions->errorHandler(2, 'include(../comp...', 'C:\\xampp\\htdocs...', 12, Array)
#1 C:\xampp\htdocs\gigr\app\Views\UI\home.php(12): include()
#2 C:\xampp\htdocs\gigr\system\View\View.php(210): include('C:\\xampp\\htdocs...')
#3 C:\xampp\htdocs\gigr\system\View\View.php(213): CodeIgniter\View\View->CodeIgniter\View\{closure}()
#4 C:\xampp\htdocs\gigr\system\Common.php(1089): CodeIgniter\View\View->render('UI/home.php', Array, true)
#5 C:\xampp\htdocs\gigr\app\Controllers\Home.php(9): view('UI/home.php')
#6 C:\xampp\htdocs\gigr\system\CodeIgniter.php(832): App\Controllers\Home->index()
#7 C:\xampp\htdocs\gigr\system\CodeIgniter.php(419): CodeIgniter\CodeIgniter->runController(Object(App\Controllers\Home))
#8 C:\xampp\htdocs\gigr\system\CodeIgniter.php(326): CodeIgniter\CodeIgniter->handleRequest(NULL, Object(Config\Cache), false)
#9 C:\xampp\htdocs\gigr\public\index.php(37): CodeIgniter\CodeIgniter->run()
#10 C:\xampp\htdocs\gigr\system\Commands\Server\rewrite.php(43): require_once('C:\\xampp\\htdocs...')
#11 {main}
CRITICAL - 2022-05-29 02:54:34 --> include(../components/navbar.php): failed to open stream: No such file or directory
#0 C:\xampp\htdocs\gigr\app\Views\UI\home.php(12): CodeIgniter\Debug\Exceptions->errorHandler(2, 'include(../comp...', 'C:\\xampp\\htdocs...', 12, Array)
#1 C:\xampp\htdocs\gigr\app\Views\UI\home.php(12): include()
#2 C:\xampp\htdocs\gigr\system\View\View.php(210): include('C:\\xampp\\htdocs...')
#3 C:\xampp\htdocs\gigr\system\View\View.php(213): CodeIgniter\View\View->CodeIgniter\View\{closure}()
#4 C:\xampp\htdocs\gigr\system\Common.php(1089): CodeIgniter\View\View->render('UI/home.php', Array, true)
#5 C:\xampp\htdocs\gigr\app\Controllers\Home.php(9): view('UI/home.php')
#6 C:\xampp\htdocs\gigr\system\CodeIgniter.php(832): App\Controllers\Home->index()
#7 C:\xampp\htdocs\gigr\system\CodeIgniter.php(419): CodeIgniter\CodeIgniter->runController(Object(App\Controllers\Home))
#8 C:\xampp\htdocs\gigr\system\CodeIgniter.php(326): CodeIgniter\CodeIgniter->handleRequest(NULL, Object(Config\Cache), false)
#9 C:\xampp\htdocs\gigr\public\index.php(37): CodeIgniter\CodeIgniter->run()
#10 C:\xampp\htdocs\gigr\system\Commands\Server\rewrite.php(43): require_once('C:\\xampp\\htdocs...')
#11 {main}
CRITICAL - 2022-05-29 02:54:34 --> include(../components/navbar.php): failed to open stream: No such file or directory
#0 C:\xampp\htdocs\gigr\app\Views\UI\home.php(12): CodeIgniter\Debug\Exceptions->errorHandler(2, 'include(../comp...', 'C:\\xampp\\htdocs...', 12, Array)
#1 C:\xampp\htdocs\gigr\app\Views\UI\home.php(12): include()
#2 C:\xampp\htdocs\gigr\system\View\View.php(210): include('C:\\xampp\\htdocs...')
#3 C:\xampp\htdocs\gigr\system\View\View.php(213): CodeIgniter\View\View->CodeIgniter\View\{closure}()
#4 C:\xampp\htdocs\gigr\system\Common.php(1089): CodeIgniter\View\View->render('UI/home.php', Array, true)
#5 C:\xampp\htdocs\gigr\app\Controllers\Home.php(9): view('UI/home.php')
#6 C:\xampp\htdocs\gigr\system\CodeIgniter.php(832): App\Controllers\Home->index()
#7 C:\xampp\htdocs\gigr\system\CodeIgniter.php(419): CodeIgniter\CodeIgniter->runController(Object(App\Controllers\Home))
#8 C:\xampp\htdocs\gigr\system\CodeIgniter.php(326): CodeIgniter\CodeIgniter->handleRequest(NULL, Object(Config\Cache), false)
#9 C:\xampp\htdocs\gigr\public\index.php(37): CodeIgniter\CodeIgniter->run()
#10 C:\xampp\htdocs\gigr\system\Commands\Server\rewrite.php(43): require_once('C:\\xampp\\htdocs...')
#11 {main}
CRITICAL - 2022-05-29 02:54:34 --> include(../components/navbar.php): failed to open stream: No such file or directory
#0 C:\xampp\htdocs\gigr\app\Views\UI\home.php(12): CodeIgniter\Debug\Exceptions->errorHandler(2, 'include(../comp...', 'C:\\xampp\\htdocs...', 12, Array)
#1 C:\xampp\htdocs\gigr\app\Views\UI\home.php(12): include()
#2 C:\xampp\htdocs\gigr\system\View\View.php(210): include('C:\\xampp\\htdocs...')
#3 C:\xampp\htdocs\gigr\system\View\View.php(213): CodeIgniter\View\View->CodeIgniter\View\{closure}()
#4 C:\xampp\htdocs\gigr\system\Common.php(1089): CodeIgniter\View\View->render('UI/home.php', Array, true)
#5 C:\xampp\htdocs\gigr\app\Controllers\Home.php(9): view('UI/home.php')
#6 C:\xampp\htdocs\gigr\system\CodeIgniter.php(832): App\Controllers\Home->index()
#7 C:\xampp\htdocs\gigr\system\CodeIgniter.php(419): CodeIgniter\CodeIgniter->runController(Object(App\Controllers\Home))
#8 C:\xampp\htdocs\gigr\system\CodeIgniter.php(326): CodeIgniter\CodeIgniter->handleRequest(NULL, Object(Config\Cache), false)
#9 C:\xampp\htdocs\gigr\public\index.php(37): CodeIgniter\CodeIgniter->run()
#10 C:\xampp\htdocs\gigr\system\Commands\Server\rewrite.php(43): require_once('C:\\xampp\\htdocs...')
#11 {main}
CRITICAL - 2022-05-29 02:54:35 --> include(../components/navbar.php): failed to open stream: No such file or directory
#0 C:\xampp\htdocs\gigr\app\Views\UI\home.php(12): CodeIgniter\Debug\Exceptions->errorHandler(2, 'include(../comp...', 'C:\\xampp\\htdocs...', 12, Array)
#1 C:\xampp\htdocs\gigr\app\Views\UI\home.php(12): include()
#2 C:\xampp\htdocs\gigr\system\View\View.php(210): include('C:\\xampp\\htdocs...')
#3 C:\xampp\htdocs\gigr\system\View\View.php(213): CodeIgniter\View\View->CodeIgniter\View\{closure}()
#4 C:\xampp\htdocs\gigr\system\Common.php(1089): CodeIgniter\View\View->render('UI/home.php', Array, true)
#5 C:\xampp\htdocs\gigr\app\Controllers\Home.php(9): view('UI/home.php')
#6 C:\xampp\htdocs\gigr\system\CodeIgniter.php(832): App\Controllers\Home->index()
#7 C:\xampp\htdocs\gigr\system\CodeIgniter.php(419): CodeIgniter\CodeIgniter->runController(Object(App\Controllers\Home))
#8 C:\xampp\htdocs\gigr\system\CodeIgniter.php(326): CodeIgniter\CodeIgniter->handleRequest(NULL, Object(Config\Cache), false)
#9 C:\xampp\htdocs\gigr\public\index.php(37): CodeIgniter\CodeIgniter->run()
#10 C:\xampp\htdocs\gigr\system\Commands\Server\rewrite.php(43): require_once('C:\\xampp\\htdocs...')
#11 {main}
CRITICAL - 2022-05-29 02:54:35 --> include(../components/navbar.php): failed to open stream: No such file or directory
#0 C:\xampp\htdocs\gigr\app\Views\UI\home.php(12): CodeIgniter\Debug\Exceptions->errorHandler(2, 'include(../comp...', 'C:\\xampp\\htdocs...', 12, Array)
#1 C:\xampp\htdocs\gigr\app\Views\UI\home.php(12): include()
#2 C:\xampp\htdocs\gigr\system\View\View.php(210): include('C:\\xampp\\htdocs...')
#3 C:\xampp\htdocs\gigr\system\View\View.php(213): CodeIgniter\View\View->CodeIgniter\View\{closure}()
#4 C:\xampp\htdocs\gigr\system\Common.php(1089): CodeIgniter\View\View->render('UI/home.php', Array, true)
#5 C:\xampp\htdocs\gigr\app\Controllers\Home.php(9): view('UI/home.php')
#6 C:\xampp\htdocs\gigr\system\CodeIgniter.php(832): App\Controllers\Home->index()
#7 C:\xampp\htdocs\gigr\system\CodeIgniter.php(419): CodeIgniter\CodeIgniter->runController(Object(App\Controllers\Home))
#8 C:\xampp\htdocs\gigr\system\CodeIgniter.php(326): CodeIgniter\CodeIgniter->handleRequest(NULL, Object(Config\Cache), false)
#9 C:\xampp\htdocs\gigr\public\index.php(37): CodeIgniter\CodeIgniter->run()
#10 C:\xampp\htdocs\gigr\system\Commands\Server\rewrite.php(43): require_once('C:\\xampp\\htdocs...')
#11 {main}
CRITICAL - 2022-05-29 02:54:35 --> include(../components/navbar.php): failed to open stream: No such file or directory
#0 C:\xampp\htdocs\gigr\app\Views\UI\home.php(12): CodeIgniter\Debug\Exceptions->errorHandler(2, 'include(../comp...', 'C:\\xampp\\htdocs...', 12, Array)
#1 C:\xampp\htdocs\gigr\app\Views\UI\home.php(12): include()
#2 C:\xampp\htdocs\gigr\system\View\View.php(210): include('C:\\xampp\\htdocs...')
#3 C:\xampp\htdocs\gigr\system\View\View.php(213): CodeIgniter\View\View->CodeIgniter\View\{closure}()
#4 C:\xampp\htdocs\gigr\system\Common.php(1089): CodeIgniter\View\View->render('UI/home.php', Array, true)
#5 C:\xampp\htdocs\gigr\app\Controllers\Home.php(9): view('UI/home.php')
#6 C:\xampp\htdocs\gigr\system\CodeIgniter.php(832): App\Controllers\Home->index()
#7 C:\xampp\htdocs\gigr\system\CodeIgniter.php(419): CodeIgniter\CodeIgniter->runController(Object(App\Controllers\Home))
#8 C:\xampp\htdocs\gigr\system\CodeIgniter.php(326): CodeIgniter\CodeIgniter->handleRequest(NULL, Object(Config\Cache), false)
#9 C:\xampp\htdocs\gigr\public\index.php(37): CodeIgniter\CodeIgniter->run()
#10 C:\xampp\htdocs\gigr\system\Commands\Server\rewrite.php(43): require_once('C:\\xampp\\htdocs...')
#11 {main}
CRITICAL - 2022-05-29 02:54:35 --> include(../components/navbar.php): failed to open stream: No such file or directory
#0 C:\xampp\htdocs\gigr\app\Views\UI\home.php(12): CodeIgniter\Debug\Exceptions->errorHandler(2, 'include(../comp...', 'C:\\xampp\\htdocs...', 12, Array)
#1 C:\xampp\htdocs\gigr\app\Views\UI\home.php(12): include()
#2 C:\xampp\htdocs\gigr\system\View\View.php(210): include('C:\\xampp\\htdocs...')
#3 C:\xampp\htdocs\gigr\system\View\View.php(213): CodeIgniter\View\View->CodeIgniter\View\{closure}()
#4 C:\xampp\htdocs\gigr\system\Common.php(1089): CodeIgniter\View\View->render('UI/home.php', Array, true)
#5 C:\xampp\htdocs\gigr\app\Controllers\Home.php(9): view('UI/home.php')
#6 C:\xampp\htdocs\gigr\system\CodeIgniter.php(832): App\Controllers\Home->index()
#7 C:\xampp\htdocs\gigr\system\CodeIgniter.php(419): CodeIgniter\CodeIgniter->runController(Object(App\Controllers\Home))
#8 C:\xampp\htdocs\gigr\system\CodeIgniter.php(326): CodeIgniter\CodeIgniter->handleRequest(NULL, Object(Config\Cache), false)
#9 C:\xampp\htdocs\gigr\public\index.php(37): CodeIgniter\CodeIgniter->run()
#10 C:\xampp\htdocs\gigr\system\Commands\Server\rewrite.php(43): require_once('C:\\xampp\\htdocs...')
#11 {main}
CRITICAL - 2022-05-29 02:54:35 --> include(../components/navbar.php): failed to open stream: No such file or directory
#0 C:\xampp\htdocs\gigr\app\Views\UI\home.php(12): CodeIgniter\Debug\Exceptions->errorHandler(2, 'include(../comp...', 'C:\\xampp\\htdocs...', 12, Array)
#1 C:\xampp\htdocs\gigr\app\Views\UI\home.php(12): include()
#2 C:\xampp\htdocs\gigr\system\View\View.php(210): include('C:\\xampp\\htdocs...')
#3 C:\xampp\htdocs\gigr\system\View\View.php(213): CodeIgniter\View\View->CodeIgniter\View\{closure}()
#4 C:\xampp\htdocs\gigr\system\Common.php(1089): CodeIgniter\View\View->render('UI/home.php', Array, true)
#5 C:\xampp\htdocs\gigr\app\Controllers\Home.php(9): view('UI/home.php')
#6 C:\xampp\htdocs\gigr\system\CodeIgniter.php(832): App\Controllers\Home->index()
#7 C:\xampp\htdocs\gigr\system\CodeIgniter.php(419): CodeIgniter\CodeIgniter->runController(Object(App\Controllers\Home))
#8 C:\xampp\htdocs\gigr\system\CodeIgniter.php(326): CodeIgniter\CodeIgniter->handleRequest(NULL, Object(Config\Cache), false)
#9 C:\xampp\htdocs\gigr\public\index.php(37): CodeIgniter\CodeIgniter->run()
#10 C:\xampp\htdocs\gigr\system\Commands\Server\rewrite.php(43): require_once('C:\\xampp\\htdocs...')
#11 {main}
CRITICAL - 2022-05-29 02:54:36 --> include(../components/navbar.php): failed to open stream: No such file or directory
#0 C:\xampp\htdocs\gigr\app\Views\UI\home.php(12): CodeIgniter\Debug\Exceptions->errorHandler(2, 'include(../comp...', 'C:\\xampp\\htdocs...', 12, Array)
#1 C:\xampp\htdocs\gigr\app\Views\UI\home.php(12): include()
#2 C:\xampp\htdocs\gigr\system\View\View.php(210): include('C:\\xampp\\htdocs...')
#3 C:\xampp\htdocs\gigr\system\View\View.php(213): CodeIgniter\View\View->CodeIgniter\View\{closure}()
#4 C:\xampp\htdocs\gigr\system\Common.php(1089): CodeIgniter\View\View->render('UI/home.php', Array, true)
#5 C:\xampp\htdocs\gigr\app\Controllers\Home.php(9): view('UI/home.php')
#6 C:\xampp\htdocs\gigr\system\CodeIgniter.php(832): App\Controllers\Home->index()
#7 C:\xampp\htdocs\gigr\system\CodeIgniter.php(419): CodeIgniter\CodeIgniter->runController(Object(App\Controllers\Home))
#8 C:\xampp\htdocs\gigr\system\CodeIgniter.php(326): CodeIgniter\CodeIgniter->handleRequest(NULL, Object(Config\Cache), false)
#9 C:\xampp\htdocs\gigr\public\index.php(37): CodeIgniter\CodeIgniter->run()
#10 C:\xampp\htdocs\gigr\system\Commands\Server\rewrite.php(43): require_once('C:\\xampp\\htdocs...')
#11 {main}
CRITICAL - 2022-05-29 02:54:36 --> include(../components/navbar.php): failed to open stream: No such file or directory
#0 C:\xampp\htdocs\gigr\app\Views\UI\home.php(12): CodeIgniter\Debug\Exceptions->errorHandler(2, 'include(../comp...', 'C:\\xampp\\htdocs...', 12, Array)
#1 C:\xampp\htdocs\gigr\app\Views\UI\home.php(12): include()
#2 C:\xampp\htdocs\gigr\system\View\View.php(210): include('C:\\xampp\\htdocs...')
#3 C:\xampp\htdocs\gigr\system\View\View.php(213): CodeIgniter\View\View->CodeIgniter\View\{closure}()
#4 C:\xampp\htdocs\gigr\system\Common.php(1089): CodeIgniter\View\View->render('UI/home.php', Array, true)
#5 C:\xampp\htdocs\gigr\app\Controllers\Home.php(9): view('UI/home.php')
#6 C:\xampp\htdocs\gigr\system\CodeIgniter.php(832): App\Controllers\Home->index()
#7 C:\xampp\htdocs\gigr\system\CodeIgniter.php(419): CodeIgniter\CodeIgniter->runController(Object(App\Controllers\Home))
#8 C:\xampp\htdocs\gigr\system\CodeIgniter.php(326): CodeIgniter\CodeIgniter->handleRequest(NULL, Object(Config\Cache), false)
#9 C:\xampp\htdocs\gigr\public\index.php(37): CodeIgniter\CodeIgniter->run()
#10 C:\xampp\htdocs\gigr\system\Commands\Server\rewrite.php(43): require_once('C:\\xampp\\htdocs...')
#11 {main}
CRITICAL - 2022-05-29 02:54:36 --> include(../components/navbar.php): failed to open stream: No such file or directory
#0 C:\xampp\htdocs\gigr\app\Views\UI\home.php(12): CodeIgniter\Debug\Exceptions->errorHandler(2, 'include(../comp...', 'C:\\xampp\\htdocs...', 12, Array)
#1 C:\xampp\htdocs\gigr\app\Views\UI\home.php(12): include()
#2 C:\xampp\htdocs\gigr\system\View\View.php(210): include('C:\\xampp\\htdocs...')
#3 C:\xampp\htdocs\gigr\system\View\View.php(213): CodeIgniter\View\View->CodeIgniter\View\{closure}()
#4 C:\xampp\htdocs\gigr\system\Common.php(1089): CodeIgniter\View\View->render('UI/home.php', Array, true)
#5 C:\xampp\htdocs\gigr\app\Controllers\Home.php(9): view('UI/home.php')
#6 C:\xampp\htdocs\gigr\system\CodeIgniter.php(832): App\Controllers\Home->index()
#7 C:\xampp\htdocs\gigr\system\CodeIgniter.php(419): CodeIgniter\CodeIgniter->runController(Object(App\Controllers\Home))
#8 C:\xampp\htdocs\gigr\system\CodeIgniter.php(326): CodeIgniter\CodeIgniter->handleRequest(NULL, Object(Config\Cache), false)
#9 C:\xampp\htdocs\gigr\public\index.php(37): CodeIgniter\CodeIgniter->run()
#10 C:\xampp\htdocs\gigr\system\Commands\Server\rewrite.php(43): require_once('C:\\xampp\\htdocs...')
#11 {main}
CRITICAL - 2022-05-29 02:54:36 --> include(../components/navbar.php): failed to open stream: No such file or directory
#0 C:\xampp\htdocs\gigr\app\Views\UI\home.php(12): CodeIgniter\Debug\Exceptions->errorHandler(2, 'include(../comp...', 'C:\\xampp\\htdocs...', 12, Array)
#1 C:\xampp\htdocs\gigr\app\Views\UI\home.php(12): include()
#2 C:\xampp\htdocs\gigr\system\View\View.php(210): include('C:\\xampp\\htdocs...')
#3 C:\xampp\htdocs\gigr\system\View\View.php(213): CodeIgniter\View\View->CodeIgniter\View\{closure}()
#4 C:\xampp\htdocs\gigr\system\Common.php(1089): CodeIgniter\View\View->render('UI/home.php', Array, true)
#5 C:\xampp\htdocs\gigr\app\Controllers\Home.php(9): view('UI/home.php')
#6 C:\xampp\htdocs\gigr\system\CodeIgniter.php(832): App\Controllers\Home->index()
#7 C:\xampp\htdocs\gigr\system\CodeIgniter.php(419): CodeIgniter\CodeIgniter->runController(Object(App\Controllers\Home))
#8 C:\xampp\htdocs\gigr\system\CodeIgniter.php(326): CodeIgniter\CodeIgniter->handleRequest(NULL, Object(Config\Cache), false)
#9 C:\xampp\htdocs\gigr\public\index.php(37): CodeIgniter\CodeIgniter->run()
#10 C:\xampp\htdocs\gigr\system\Commands\Server\rewrite.php(43): require_once('C:\\xampp\\htdocs...')
#11 {main}
CRITICAL - 2022-05-29 02:54:37 --> include(../components/navbar.php): failed to open stream: No such file or directory
#0 C:\xampp\htdocs\gigr\app\Views\UI\home.php(12): CodeIgniter\Debug\Exceptions->errorHandler(2, 'include(../comp...', 'C:\\xampp\\htdocs...', 12, Array)
#1 C:\xampp\htdocs\gigr\app\Views\UI\home.php(12): include()
#2 C:\xampp\htdocs\gigr\system\View\View.php(210): include('C:\\xampp\\htdocs...')
#3 C:\xampp\htdocs\gigr\system\View\View.php(213): CodeIgniter\View\View->CodeIgniter\View\{closure}()
#4 C:\xampp\htdocs\gigr\system\Common.php(1089): CodeIgniter\View\View->render('UI/home.php', Array, true)
#5 C:\xampp\htdocs\gigr\app\Controllers\Home.php(9): view('UI/home.php')
#6 C:\xampp\htdocs\gigr\system\CodeIgniter.php(832): App\Controllers\Home->index()
#7 C:\xampp\htdocs\gigr\system\CodeIgniter.php(419): CodeIgniter\CodeIgniter->runController(Object(App\Controllers\Home))
#8 C:\xampp\htdocs\gigr\system\CodeIgniter.php(326): CodeIgniter\CodeIgniter->handleRequest(NULL, Object(Config\Cache), false)
#9 C:\xampp\htdocs\gigr\public\index.php(37): CodeIgniter\CodeIgniter->run()
#10 C:\xampp\htdocs\gigr\system\Commands\Server\rewrite.php(43): require_once('C:\\xampp\\htdocs...')
#11 {main}
CRITICAL - 2022-05-29 02:54:37 --> include(../components/navbar.php): failed to open stream: No such file or directory
#0 C:\xampp\htdocs\gigr\app\Views\UI\home.php(12): CodeIgniter\Debug\Exceptions->errorHandler(2, 'include(../comp...', 'C:\\xampp\\htdocs...', 12, Array)
#1 C:\xampp\htdocs\gigr\app\Views\UI\home.php(12): include()
#2 C:\xampp\htdocs\gigr\system\View\View.php(210): include('C:\\xampp\\htdocs...')
#3 C:\xampp\htdocs\gigr\system\View\View.php(213): CodeIgniter\View\View->CodeIgniter\View\{closure}()
#4 C:\xampp\htdocs\gigr\system\Common.php(1089): CodeIgniter\View\View->render('UI/home.php', Array, true)
#5 C:\xampp\htdocs\gigr\app\Controllers\Home.php(9): view('UI/home.php')
#6 C:\xampp\htdocs\gigr\system\CodeIgniter.php(832): App\Controllers\Home->index()
#7 C:\xampp\htdocs\gigr\system\CodeIgniter.php(419): CodeIgniter\CodeIgniter->runController(Object(App\Controllers\Home))
#8 C:\xampp\htdocs\gigr\system\CodeIgniter.php(326): CodeIgniter\CodeIgniter->handleRequest(NULL, Object(Config\Cache), false)
#9 C:\xampp\htdocs\gigr\public\index.php(37): CodeIgniter\CodeIgniter->run()
#10 C:\xampp\htdocs\gigr\system\Commands\Server\rewrite.php(43): require_once('C:\\xampp\\htdocs...')
#11 {main}
CRITICAL - 2022-05-29 02:54:38 --> include(../components/navbar.php): failed to open stream: No such file or directory
#0 C:\xampp\htdocs\gigr\app\Views\UI\home.php(12): CodeIgniter\Debug\Exceptions->errorHandler(2, 'include(../comp...', 'C:\\xampp\\htdocs...', 12, Array)
#1 C:\xampp\htdocs\gigr\app\Views\UI\home.php(12): include()
#2 C:\xampp\htdocs\gigr\system\View\View.php(210): include('C:\\xampp\\htdocs...')
#3 C:\xampp\htdocs\gigr\system\View\View.php(213): CodeIgniter\View\View->CodeIgniter\View\{closure}()
#4 C:\xampp\htdocs\gigr\system\Common.php(1089): CodeIgniter\View\View->render('UI/home.php', Array, true)
#5 C:\xampp\htdocs\gigr\app\Controllers\Home.php(9): view('UI/home.php')
#6 C:\xampp\htdocs\gigr\system\CodeIgniter.php(832): App\Controllers\Home->index()
#7 C:\xampp\htdocs\gigr\system\CodeIgniter.php(419): CodeIgniter\CodeIgniter->runController(Object(App\Controllers\Home))
#8 C:\xampp\htdocs\gigr\system\CodeIgniter.php(326): CodeIgniter\CodeIgniter->handleRequest(NULL, Object(Config\Cache), false)
#9 C:\xampp\htdocs\gigr\public\index.php(37): CodeIgniter\CodeIgniter->run()
#10 C:\xampp\htdocs\gigr\system\Commands\Server\rewrite.php(43): require_once('C:\\xampp\\htdocs...')
#11 {main}
CRITICAL - 2022-05-29 02:54:38 --> include(../components/navbar.php): failed to open stream: No such file or directory
#0 C:\xampp\htdocs\gigr\app\Views\UI\home.php(12): CodeIgniter\Debug\Exceptions->errorHandler(2, 'include(../comp...', 'C:\\xampp\\htdocs...', 12, Array)
#1 C:\xampp\htdocs\gigr\app\Views\UI\home.php(12): include()
#2 C:\xampp\htdocs\gigr\system\View\View.php(210): include('C:\\xampp\\htdocs...')
#3 C:\xampp\htdocs\gigr\system\View\View.php(213): CodeIgniter\View\View->CodeIgniter\View\{closure}()
#4 C:\xampp\htdocs\gigr\system\Common.php(1089): CodeIgniter\View\View->render('UI/home.php', Array, true)
#5 C:\xampp\htdocs\gigr\app\Controllers\Home.php(9): view('UI/home.php')
#6 C:\xampp\htdocs\gigr\system\CodeIgniter.php(832): App\Controllers\Home->index()
#7 C:\xampp\htdocs\gigr\system\CodeIgniter.php(419): CodeIgniter\CodeIgniter->runController(Object(App\Controllers\Home))
#8 C:\xampp\htdocs\gigr\system\CodeIgniter.php(326): CodeIgniter\CodeIgniter->handleRequest(NULL, Object(Config\Cache), false)
#9 C:\xampp\htdocs\gigr\public\index.php(37): CodeIgniter\CodeIgniter->run()
#10 C:\xampp\htdocs\gigr\system\Commands\Server\rewrite.php(43): require_once('C:\\xampp\\htdocs...')
#11 {main}
CRITICAL - 2022-05-29 02:54:50 --> include(..\components
avbar.php): failed to open stream: No such file or directory
#0 C:\xampp\htdocs\gigr\app\Views\UI\home.php(12): CodeIgniter\Debug\Exceptions->errorHandler(2, 'include(..\\comp...', 'C:\\xampp\\htdocs...', 12, Array)
#1 C:\xampp\htdocs\gigr\app\Views\UI\home.php(12): include()
#2 C:\xampp\htdocs\gigr\system\View\View.php(210): include('C:\\xampp\\htdocs...')
#3 C:\xampp\htdocs\gigr\system\View\View.php(213): CodeIgniter\View\View->CodeIgniter\View\{closure}()
#4 C:\xampp\htdocs\gigr\system\Common.php(1089): CodeIgniter\View\View->render('UI/home.php', Array, true)
#5 C:\xampp\htdocs\gigr\app\Controllers\Home.php(9): view('UI/home.php')
#6 C:\xampp\htdocs\gigr\system\CodeIgniter.php(832): App\Controllers\Home->index()
#7 C:\xampp\htdocs\gigr\system\CodeIgniter.php(419): CodeIgniter\CodeIgniter->runController(Object(App\Controllers\Home))
#8 C:\xampp\htdocs\gigr\system\CodeIgniter.php(326): CodeIgniter\CodeIgniter->handleRequest(NULL, Object(Config\Cache), false)
#9 C:\xampp\htdocs\gigr\public\index.php(37): CodeIgniter\CodeIgniter->run()
#10 C:\xampp\htdocs\gigr\system\Commands\Server\rewrite.php(43): require_once('C:\\xampp\\htdocs...')
#11 {main}
CRITICAL - 2022-05-29 02:54:51 --> include(..\components
avbar.php): failed to open stream: No such file or directory
#0 C:\xampp\htdocs\gigr\app\Views\UI\home.php(12): CodeIgniter\Debug\Exceptions->errorHandler(2, 'include(..\\comp...', 'C:\\xampp\\htdocs...', 12, Array)
#1 C:\xampp\htdocs\gigr\app\Views\UI\home.php(12): include()
#2 C:\xampp\htdocs\gigr\system\View\View.php(210): include('C:\\xampp\\htdocs...')
#3 C:\xampp\htdocs\gigr\system\View\View.php(213): CodeIgniter\View\View->CodeIgniter\View\{closure}()
#4 C:\xampp\htdocs\gigr\system\Common.php(1089): CodeIgniter\View\View->render('UI/home.php', Array, true)
#5 C:\xampp\htdocs\gigr\app\Controllers\Home.php(9): view('UI/home.php')
#6 C:\xampp\htdocs\gigr\system\CodeIgniter.php(832): App\Controllers\Home->index()
#7 C:\xampp\htdocs\gigr\system\CodeIgniter.php(419): CodeIgniter\CodeIgniter->runController(Object(App\Controllers\Home))
#8 C:\xampp\htdocs\gigr\system\CodeIgniter.php(326): CodeIgniter\CodeIgniter->handleRequest(NULL, Object(Config\Cache), false)
#9 C:\xampp\htdocs\gigr\public\index.php(37): CodeIgniter\CodeIgniter->run()
#10 C:\xampp\htdocs\gigr\system\Commands\Server\rewrite.php(43): require_once('C:\\xampp\\htdocs...')
#11 {main}
CRITICAL - 2022-05-29 02:54:51 --> include(..\components
avbar.php): failed to open stream: No such file or directory
#0 C:\xampp\htdocs\gigr\app\Views\UI\home.php(12): CodeIgniter\Debug\Exceptions->errorHandler(2, 'include(..\\comp...', 'C:\\xampp\\htdocs...', 12, Array)
#1 C:\xampp\htdocs\gigr\app\Views\UI\home.php(12): include()
#2 C:\xampp\htdocs\gigr\system\View\View.php(210): include('C:\\xampp\\htdocs...')
#3 C:\xampp\htdocs\gigr\system\View\View.php(213): CodeIgniter\View\View->CodeIgniter\View\{closure}()
#4 C:\xampp\htdocs\gigr\system\Common.php(1089): CodeIgniter\View\View->render('UI/home.php', Array, true)
#5 C:\xampp\htdocs\gigr\app\Controllers\Home.php(9): view('UI/home.php')
#6 C:\xampp\htdocs\gigr\system\CodeIgniter.php(832): App\Controllers\Home->index()
#7 C:\xampp\htdocs\gigr\system\CodeIgniter.php(419): CodeIgniter\CodeIgniter->runController(Object(App\Controllers\Home))
#8 C:\xampp\htdocs\gigr\system\CodeIgniter.php(326): CodeIgniter\CodeIgniter->handleRequest(NULL, Object(Config\Cache), false)
#9 C:\xampp\htdocs\gigr\public\index.php(37): CodeIgniter\CodeIgniter->run()
#10 C:\xampp\htdocs\gigr\system\Commands\Server\rewrite.php(43): require_once('C:\\xampp\\htdocs...')
#11 {main}
CRITICAL - 2022-05-29 02:54:51 --> include(..\components
avbar.php): failed to open stream: No such file or directory
#0 C:\xampp\htdocs\gigr\app\Views\UI\home.php(12): CodeIgniter\Debug\Exceptions->errorHandler(2, 'include(..\\comp...', 'C:\\xampp\\htdocs...', 12, Array)
#1 C:\xampp\htdocs\gigr\app\Views\UI\home.php(12): include()
#2 C:\xampp\htdocs\gigr\system\View\View.php(210): include('C:\\xampp\\htdocs...')
#3 C:\xampp\htdocs\gigr\system\View\View.php(213): CodeIgniter\View\View->CodeIgniter\View\{closure}()
#4 C:\xampp\htdocs\gigr\system\Common.php(1089): CodeIgniter\View\View->render('UI/home.php', Array, true)
#5 C:\xampp\htdocs\gigr\app\Controllers\Home.php(9): view('UI/home.php')
#6 C:\xampp\htdocs\gigr\system\CodeIgniter.php(832): App\Controllers\Home->index()
#7 C:\xampp\htdocs\gigr\system\CodeIgniter.php(419): CodeIgniter\CodeIgniter->runController(Object(App\Controllers\Home))
#8 C:\xampp\htdocs\gigr\system\CodeIgniter.php(326): CodeIgniter\CodeIgniter->handleRequest(NULL, Object(Config\Cache), false)
#9 C:\xampp\htdocs\gigr\public\index.php(37): CodeIgniter\CodeIgniter->run()
#10 C:\xampp\htdocs\gigr\system\Commands\Server\rewrite.php(43): require_once('C:\\xampp\\htdocs...')
#11 {main}
CRITICAL - 2022-05-29 02:54:51 --> include(..\components
avbar.php): failed to open stream: No such file or directory
#0 C:\xampp\htdocs\gigr\app\Views\UI\home.php(12): CodeIgniter\Debug\Exceptions->errorHandler(2, 'include(..\\comp...', 'C:\\xampp\\htdocs...', 12, Array)
#1 C:\xampp\htdocs\gigr\app\Views\UI\home.php(12): include()
#2 C:\xampp\htdocs\gigr\system\View\View.php(210): include('C:\\xampp\\htdocs...')
#3 C:\xampp\htdocs\gigr\system\View\View.php(213): CodeIgniter\View\View->CodeIgniter\View\{closure}()
#4 C:\xampp\htdocs\gigr\system\Common.php(1089): CodeIgniter\View\View->render('UI/home.php', Array, true)
#5 C:\xampp\htdocs\gigr\app\Controllers\Home.php(9): view('UI/home.php')
#6 C:\xampp\htdocs\gigr\system\CodeIgniter.php(832): App\Controllers\Home->index()
#7 C:\xampp\htdocs\gigr\system\CodeIgniter.php(419): CodeIgniter\CodeIgniter->runController(Object(App\Controllers\Home))
#8 C:\xampp\htdocs\gigr\system\CodeIgniter.php(326): CodeIgniter\CodeIgniter->handleRequest(NULL, Object(Config\Cache), false)
#9 C:\xampp\htdocs\gigr\public\index.php(37): CodeIgniter\CodeIgniter->run()
#10 C:\xampp\htdocs\gigr\system\Commands\Server\rewrite.php(43): require_once('C:\\xampp\\htdocs...')
#11 {main}
CRITICAL - 2022-05-29 02:54:52 --> include(..\components
avbar.php): failed to open stream: No such file or directory
#0 C:\xampp\htdocs\gigr\app\Views\UI\home.php(12): CodeIgniter\Debug\Exceptions->errorHandler(2, 'include(..\\comp...', 'C:\\xampp\\htdocs...', 12, Array)
#1 C:\xampp\htdocs\gigr\app\Views\UI\home.php(12): include()
#2 C:\xampp\htdocs\gigr\system\View\View.php(210): include('C:\\xampp\\htdocs...')
#3 C:\xampp\htdocs\gigr\system\View\View.php(213): CodeIgniter\View\View->CodeIgniter\View\{closure}()
#4 C:\xampp\htdocs\gigr\system\Common.php(1089): CodeIgniter\View\View->render('UI/home.php', Array, true)
#5 C:\xampp\htdocs\gigr\app\Controllers\Home.php(9): view('UI/home.php')
#6 C:\xampp\htdocs\gigr\system\CodeIgniter.php(832): App\Controllers\Home->index()
#7 C:\xampp\htdocs\gigr\system\CodeIgniter.php(419): CodeIgniter\CodeIgniter->runController(Object(App\Controllers\Home))
#8 C:\xampp\htdocs\gigr\system\CodeIgniter.php(326): CodeIgniter\CodeIgniter->handleRequest(NULL, Object(Config\Cache), false)
#9 C:\xampp\htdocs\gigr\public\index.php(37): CodeIgniter\CodeIgniter->run()
#10 C:\xampp\htdocs\gigr\system\Commands\Server\rewrite.php(43): require_once('C:\\xampp\\htdocs...')
#11 {main}
CRITICAL - 2022-05-29 02:54:52 --> include(..\components
avbar.php): failed to open stream: No such file or directory
#0 C:\xampp\htdocs\gigr\app\Views\UI\home.php(12): CodeIgniter\Debug\Exceptions->errorHandler(2, 'include(..\\comp...', 'C:\\xampp\\htdocs...', 12, Array)
#1 C:\xampp\htdocs\gigr\app\Views\UI\home.php(12): include()
#2 C:\xampp\htdocs\gigr\system\View\View.php(210): include('C:\\xampp\\htdocs...')
#3 C:\xampp\htdocs\gigr\system\View\View.php(213): CodeIgniter\View\View->CodeIgniter\View\{closure}()
#4 C:\xampp\htdocs\gigr\system\Common.php(1089): CodeIgniter\View\View->render('UI/home.php', Array, true)
#5 C:\xampp\htdocs\gigr\app\Controllers\Home.php(9): view('UI/home.php')
#6 C:\xampp\htdocs\gigr\system\CodeIgniter.php(832): App\Controllers\Home->index()
#7 C:\xampp\htdocs\gigr\system\CodeIgniter.php(419): CodeIgniter\CodeIgniter->runController(Object(App\Controllers\Home))
#8 C:\xampp\htdocs\gigr\system\CodeIgniter.php(326): CodeIgniter\CodeIgniter->handleRequest(NULL, Object(Config\Cache), false)
#9 C:\xampp\htdocs\gigr\public\index.php(37): CodeIgniter\CodeIgniter->run()
#10 C:\xampp\htdocs\gigr\system\Commands\Server\rewrite.php(43): require_once('C:\\xampp\\htdocs...')
#11 {main}
CRITICAL - 2022-05-29 02:54:52 --> include(..\components
avbar.php): failed to open stream: No such file or directory
#0 C:\xampp\htdocs\gigr\app\Views\UI\home.php(12): CodeIgniter\Debug\Exceptions->errorHandler(2, 'include(..\\comp...', 'C:\\xampp\\htdocs...', 12, Array)
#1 C:\xampp\htdocs\gigr\app\Views\UI\home.php(12): include()
#2 C:\xampp\htdocs\gigr\system\View\View.php(210): include('C:\\xampp\\htdocs...')
#3 C:\xampp\htdocs\gigr\system\View\View.php(213): CodeIgniter\View\View->CodeIgniter\View\{closure}()
#4 C:\xampp\htdocs\gigr\system\Common.php(1089): CodeIgniter\View\View->render('UI/home.php', Array, true)
#5 C:\xampp\htdocs\gigr\app\Controllers\Home.php(9): view('UI/home.php')
#6 C:\xampp\htdocs\gigr\system\CodeIgniter.php(832): App\Controllers\Home->index()
#7 C:\xampp\htdocs\gigr\system\CodeIgniter.php(419): CodeIgniter\CodeIgniter->runController(Object(App\Controllers\Home))
#8 C:\xampp\htdocs\gigr\system\CodeIgniter.php(326): CodeIgniter\CodeIgniter->handleRequest(NULL, Object(Config\Cache), false)
#9 C:\xampp\htdocs\gigr\public\index.php(37): CodeIgniter\CodeIgniter->run()
#10 C:\xampp\htdocs\gigr\system\Commands\Server\rewrite.php(43): require_once('C:\\xampp\\htdocs...')
#11 {main}
CRITICAL - 2022-05-29 02:54:52 --> include(..\components
avbar.php): failed to open stream: No such file or directory
#0 C:\xampp\htdocs\gigr\app\Views\UI\home.php(12): CodeIgniter\Debug\Exceptions->errorHandler(2, 'include(..\\comp...', 'C:\\xampp\\htdocs...', 12, Array)
#1 C:\xampp\htdocs\gigr\app\Views\UI\home.php(12): include()
#2 C:\xampp\htdocs\gigr\system\View\View.php(210): include('C:\\xampp\\htdocs...')
#3 C:\xampp\htdocs\gigr\system\View\View.php(213): CodeIgniter\View\View->CodeIgniter\View\{closure}()
#4 C:\xampp\htdocs\gigr\system\Common.php(1089): CodeIgniter\View\View->render('UI/home.php', Array, true)
#5 C:\xampp\htdocs\gigr\app\Controllers\Home.php(9): view('UI/home.php')
#6 C:\xampp\htdocs\gigr\system\CodeIgniter.php(832): App\Controllers\Home->index()
#7 C:\xampp\htdocs\gigr\system\CodeIgniter.php(419): CodeIgniter\CodeIgniter->runController(Object(App\Controllers\Home))
#8 C:\xampp\htdocs\gigr\system\CodeIgniter.php(326): CodeIgniter\CodeIgniter->handleRequest(NULL, Object(Config\Cache), false)
#9 C:\xampp\htdocs\gigr\public\index.php(37): CodeIgniter\CodeIgniter->run()
#10 C:\xampp\htdocs\gigr\system\Commands\Server\rewrite.php(43): require_once('C:\\xampp\\htdocs...')
#11 {main}
CRITICAL - 2022-05-29 02:54:53 --> include(..\components
avbar.php): failed to open stream: No such file or directory
#0 C:\xampp\htdocs\gigr\app\Views\UI\home.php(12): CodeIgniter\Debug\Exceptions->errorHandler(2, 'include(..\\comp...', 'C:\\xampp\\htdocs...', 12, Array)
#1 C:\xampp\htdocs\gigr\app\Views\UI\home.php(12): include()
#2 C:\xampp\htdocs\gigr\system\View\View.php(210): include('C:\\xampp\\htdocs...')
#3 C:\xampp\htdocs\gigr\system\View\View.php(213): CodeIgniter\View\View->CodeIgniter\View\{closure}()
#4 C:\xampp\htdocs\gigr\system\Common.php(1089): CodeIgniter\View\View->render('UI/home.php', Array, true)
#5 C:\xampp\htdocs\gigr\app\Controllers\Home.php(9): view('UI/home.php')
#6 C:\xampp\htdocs\gigr\system\CodeIgniter.php(832): App\Controllers\Home->index()
#7 C:\xampp\htdocs\gigr\system\CodeIgniter.php(419): CodeIgniter\CodeIgniter->runController(Object(App\Controllers\Home))
#8 C:\xampp\htdocs\gigr\system\CodeIgniter.php(326): CodeIgniter\CodeIgniter->handleRequest(NULL, Object(Config\Cache), false)
#9 C:\xampp\htdocs\gigr\public\index.php(37): CodeIgniter\CodeIgniter->run()
#10 C:\xampp\htdocs\gigr\system\Commands\Server\rewrite.php(43): require_once('C:\\xampp\\htdocs...')
#11 {main}
CRITICAL - 2022-05-29 02:54:53 --> include(..\components
avbar.php): failed to open stream: No such file or directory
#0 C:\xampp\htdocs\gigr\app\Views\UI\home.php(12): CodeIgniter\Debug\Exceptions->errorHandler(2, 'include(..\\comp...', 'C:\\xampp\\htdocs...', 12, Array)
#1 C:\xampp\htdocs\gigr\app\Views\UI\home.php(12): include()
#2 C:\xampp\htdocs\gigr\system\View\View.php(210): include('C:\\xampp\\htdocs...')
#3 C:\xampp\htdocs\gigr\system\View\View.php(213): CodeIgniter\View\View->CodeIgniter\View\{closure}()
#4 C:\xampp\htdocs\gigr\system\Common.php(1089): CodeIgniter\View\View->render('UI/home.php', Array, true)
#5 C:\xampp\htdocs\gigr\app\Controllers\Home.php(9): view('UI/home.php')
#6 C:\xampp\htdocs\gigr\system\CodeIgniter.php(832): App\Controllers\Home->index()
#7 C:\xampp\htdocs\gigr\system\CodeIgniter.php(419): CodeIgniter\CodeIgniter->runController(Object(App\Controllers\Home))
#8 C:\xampp\htdocs\gigr\system\CodeIgniter.php(326): CodeIgniter\CodeIgniter->handleRequest(NULL, Object(Config\Cache), false)
#9 C:\xampp\htdocs\gigr\public\index.php(37): CodeIgniter\CodeIgniter->run()
#10 C:\xampp\htdocs\gigr\system\Commands\Server\rewrite.php(43): require_once('C:\\xampp\\htdocs...')
#11 {main}
CRITICAL - 2022-05-29 02:54:53 --> include(..\components
avbar.php): failed to open stream: No such file or directory
#0 C:\xampp\htdocs\gigr\app\Views\UI\home.php(12): CodeIgniter\Debug\Exceptions->errorHandler(2, 'include(..\\comp...', 'C:\\xampp\\htdocs...', 12, Array)
#1 C:\xampp\htdocs\gigr\app\Views\UI\home.php(12): include()
#2 C:\xampp\htdocs\gigr\system\View\View.php(210): include('C:\\xampp\\htdocs...')
#3 C:\xampp\htdocs\gigr\system\View\View.php(213): CodeIgniter\View\View->CodeIgniter\View\{closure}()
#4 C:\xampp\htdocs\gigr\system\Common.php(1089): CodeIgniter\View\View->render('UI/home.php', Array, true)
#5 C:\xampp\htdocs\gigr\app\Controllers\Home.php(9): view('UI/home.php')
#6 C:\xampp\htdocs\gigr\system\CodeIgniter.php(832): App\Controllers\Home->index()
#7 C:\xampp\htdocs\gigr\system\CodeIgniter.php(419): CodeIgniter\CodeIgniter->runController(Object(App\Controllers\Home))
#8 C:\xampp\htdocs\gigr\system\CodeIgniter.php(326): CodeIgniter\CodeIgniter->handleRequest(NULL, Object(Config\Cache), false)
#9 C:\xampp\htdocs\gigr\public\index.php(37): CodeIgniter\CodeIgniter->run()
#10 C:\xampp\htdocs\gigr\system\Commands\Server\rewrite.php(43): require_once('C:\\xampp\\htdocs...')
#11 {main}
CRITICAL - 2022-05-29 02:55:12 --> include(navbar.php): failed to open stream: No such file or directory
#0 C:\xampp\htdocs\gigr\app\Views\UI\home.php(12): CodeIgniter\Debug\Exceptions->errorHandler(2, 'include(navbar....', 'C:\\xampp\\htdocs...', 12, Array)
#1 C:\xampp\htdocs\gigr\app\Views\UI\home.php(12): include()
#2 C:\xampp\htdocs\gigr\system\View\View.php(210): include('C:\\xampp\\htdocs...')
#3 C:\xampp\htdocs\gigr\system\View\View.php(213): CodeIgniter\View\View->CodeIgniter\View\{closure}()
#4 C:\xampp\htdocs\gigr\system\Common.php(1089): CodeIgniter\View\View->render('UI/home.php', Array, true)
#5 C:\xampp\htdocs\gigr\app\Controllers\Home.php(9): view('UI/home.php')
#6 C:\xampp\htdocs\gigr\system\CodeIgniter.php(832): App\Controllers\Home->index()
#7 C:\xampp\htdocs\gigr\system\CodeIgniter.php(419): CodeIgniter\CodeIgniter->runController(Object(App\Controllers\Home))
#8 C:\xampp\htdocs\gigr\system\CodeIgniter.php(326): CodeIgniter\CodeIgniter->handleRequest(NULL, Object(Config\Cache), false)
#9 C:\xampp\htdocs\gigr\public\index.php(37): CodeIgniter\CodeIgniter->run()
#10 C:\xampp\htdocs\gigr\system\Commands\Server\rewrite.php(43): require_once('C:\\xampp\\htdocs...')
#11 {main}
CRITICAL - 2022-05-29 02:55:13 --> include(navbar.php): failed to open stream: No such file or directory
#0 C:\xampp\htdocs\gigr\app\Views\UI\home.php(12): CodeIgniter\Debug\Exceptions->errorHandler(2, 'include(navbar....', 'C:\\xampp\\htdocs...', 12, Array)
#1 C:\xampp\htdocs\gigr\app\Views\UI\home.php(12): include()
#2 C:\xampp\htdocs\gigr\system\View\View.php(210): include('C:\\xampp\\htdocs...')
#3 C:\xampp\htdocs\gigr\system\View\View.php(213): CodeIgniter\View\View->CodeIgniter\View\{closure}()
#4 C:\xampp\htdocs\gigr\system\Common.php(1089): CodeIgniter\View\View->render('UI/home.php', Array, true)
#5 C:\xampp\htdocs\gigr\app\Controllers\Home.php(9): view('UI/home.php')
#6 C:\xampp\htdocs\gigr\system\CodeIgniter.php(832): App\Controllers\Home->index()
#7 C:\xampp\htdocs\gigr\system\CodeIgniter.php(419): CodeIgniter\CodeIgniter->runController(Object(App\Controllers\Home))
#8 C:\xampp\htdocs\gigr\system\CodeIgniter.php(326): CodeIgniter\CodeIgniter->handleRequest(NULL, Object(Config\Cache), false)
#9 C:\xampp\htdocs\gigr\public\index.php(37): CodeIgniter\CodeIgniter->run()
#10 C:\xampp\htdocs\gigr\system\Commands\Server\rewrite.php(43): require_once('C:\\xampp\\htdocs...')
#11 {main}
CRITICAL - 2022-05-29 02:55:13 --> include(navbar.php): failed to open stream: No such file or directory
#0 C:\xampp\htdocs\gigr\app\Views\UI\home.php(12): CodeIgniter\Debug\Exceptions->errorHandler(2, 'include(navbar....', 'C:\\xampp\\htdocs...', 12, Array)
#1 C:\xampp\htdocs\gigr\app\Views\UI\home.php(12): include()
#2 C:\xampp\htdocs\gigr\system\View\View.php(210): include('C:\\xampp\\htdocs...')
#3 C:\xampp\htdocs\gigr\system\View\View.php(213): CodeIgniter\View\View->CodeIgniter\View\{closure}()
#4 C:\xampp\htdocs\gigr\system\Common.php(1089): CodeIgniter\View\View->render('UI/home.php', Array, true)
#5 C:\xampp\htdocs\gigr\app\Controllers\Home.php(9): view('UI/home.php')
#6 C:\xampp\htdocs\gigr\system\CodeIgniter.php(832): App\Controllers\Home->index()
#7 C:\xampp\htdocs\gigr\system\CodeIgniter.php(419): CodeIgniter\CodeIgniter->runController(Object(App\Controllers\Home))
#8 C:\xampp\htdocs\gigr\system\CodeIgniter.php(326): CodeIgniter\CodeIgniter->handleRequest(NULL, Object(Config\Cache), false)
#9 C:\xampp\htdocs\gigr\public\index.php(37): CodeIgniter\CodeIgniter->run()
#10 C:\xampp\htdocs\gigr\system\Commands\Server\rewrite.php(43): require_once('C:\\xampp\\htdocs...')
#11 {main}
CRITICAL - 2022-05-29 02:55:14 --> include(navbar.php): failed to open stream: No such file or directory
#0 C:\xampp\htdocs\gigr\app\Views\UI\home.php(12): CodeIgniter\Debug\Exceptions->errorHandler(2, 'include(navbar....', 'C:\\xampp\\htdocs...', 12, Array)
#1 C:\xampp\htdocs\gigr\app\Views\UI\home.php(12): include()
#2 C:\xampp\htdocs\gigr\system\View\View.php(210): include('C:\\xampp\\htdocs...')
#3 C:\xampp\htdocs\gigr\system\View\View.php(213): CodeIgniter\View\View->CodeIgniter\View\{closure}()
#4 C:\xampp\htdocs\gigr\system\Common.php(1089): CodeIgniter\View\View->render('UI/home.php', Array, true)
#5 C:\xampp\htdocs\gigr\app\Controllers\Home.php(9): view('UI/home.php')
#6 C:\xampp\htdocs\gigr\system\CodeIgniter.php(832): App\Controllers\Home->index()
#7 C:\xampp\htdocs\gigr\system\CodeIgniter.php(419): CodeIgniter\CodeIgniter->runController(Object(App\Controllers\Home))
#8 C:\xampp\htdocs\gigr\system\CodeIgniter.php(326): CodeIgniter\CodeIgniter->handleRequest(NULL, Object(Config\Cache), false)
#9 C:\xampp\htdocs\gigr\public\index.php(37): CodeIgniter\CodeIgniter->run()
#10 C:\xampp\htdocs\gigr\system\Commands\Server\rewrite.php(43): require_once('C:\\xampp\\htdocs...')
#11 {main}
CRITICAL - 2022-05-29 02:55:21 --> include(/navbar.php): failed to open stream: No such file or directory
#0 C:\xampp\htdocs\gigr\app\Views\UI\home.php(12): CodeIgniter\Debug\Exceptions->errorHandler(2, 'include(/navbar...', 'C:\\xampp\\htdocs...', 12, Array)
#1 C:\xampp\htdocs\gigr\app\Views\UI\home.php(12): include()
#2 C:\xampp\htdocs\gigr\system\View\View.php(210): include('C:\\xampp\\htdocs...')
#3 C:\xampp\htdocs\gigr\system\View\View.php(213): CodeIgniter\View\View->CodeIgniter\View\{closure}()
#4 C:\xampp\htdocs\gigr\system\Common.php(1089): CodeIgniter\View\View->render('UI/home.php', Array, true)
#5 C:\xampp\htdocs\gigr\app\Controllers\Home.php(9): view('UI/home.php')
#6 C:\xampp\htdocs\gigr\system\CodeIgniter.php(832): App\Controllers\Home->index()
#7 C:\xampp\htdocs\gigr\system\CodeIgniter.php(419): CodeIgniter\CodeIgniter->runController(Object(App\Controllers\Home))
#8 C:\xampp\htdocs\gigr\system\CodeIgniter.php(326): CodeIgniter\CodeIgniter->handleRequest(NULL, Object(Config\Cache), false)
#9 C:\xampp\htdocs\gigr\public\index.php(37): CodeIgniter\CodeIgniter->run()
#10 C:\xampp\htdocs\gigr\system\Commands\Server\rewrite.php(43): require_once('C:\\xampp\\htdocs...')
#11 {main}
CRITICAL - 2022-05-29 02:55:22 --> include(/navbar.php): failed to open stream: No such file or directory
#0 C:\xampp\htdocs\gigr\app\Views\UI\home.php(12): CodeIgniter\Debug\Exceptions->errorHandler(2, 'include(/navbar...', 'C:\\xampp\\htdocs...', 12, Array)
#1 C:\xampp\htdocs\gigr\app\Views\UI\home.php(12): include()
#2 C:\xampp\htdocs\gigr\system\View\View.php(210): include('C:\\xampp\\htdocs...')
#3 C:\xampp\htdocs\gigr\system\View\View.php(213): CodeIgniter\View\View->CodeIgniter\View\{closure}()
#4 C:\xampp\htdocs\gigr\system\Common.php(1089): CodeIgniter\View\View->render('UI/home.php', Array, true)
#5 C:\xampp\htdocs\gigr\app\Controllers\Home.php(9): view('UI/home.php')
#6 C:\xampp\htdocs\gigr\system\CodeIgniter.php(832): App\Controllers\Home->index()
#7 C:\xampp\htdocs\gigr\system\CodeIgniter.php(419): CodeIgniter\CodeIgniter->runController(Object(App\Controllers\Home))
#8 C:\xampp\htdocs\gigr\system\CodeIgniter.php(326): CodeIgniter\CodeIgniter->handleRequest(NULL, Object(Config\Cache), false)
#9 C:\xampp\htdocs\gigr\public\index.php(37): CodeIgniter\CodeIgniter->run()
#10 C:\xampp\htdocs\gigr\system\Commands\Server\rewrite.php(43): require_once('C:\\xampp\\htdocs...')
#11 {main}
CRITICAL - 2022-05-29 02:55:22 --> include(/navbar.php): failed to open stream: No such file or directory
#0 C:\xampp\htdocs\gigr\app\Views\UI\home.php(12): CodeIgniter\Debug\Exceptions->errorHandler(2, 'include(/navbar...', 'C:\\xampp\\htdocs...', 12, Array)
#1 C:\xampp\htdocs\gigr\app\Views\UI\home.php(12): include()
#2 C:\xampp\htdocs\gigr\system\View\View.php(210): include('C:\\xampp\\htdocs...')
#3 C:\xampp\htdocs\gigr\system\View\View.php(213): CodeIgniter\View\View->CodeIgniter\View\{closure}()
#4 C:\xampp\htdocs\gigr\system\Common.php(1089): CodeIgniter\View\View->render('UI/home.php', Array, true)
#5 C:\xampp\htdocs\gigr\app\Controllers\Home.php(9): view('UI/home.php')
#6 C:\xampp\htdocs\gigr\system\CodeIgniter.php(832): App\Controllers\Home->index()
#7 C:\xampp\htdocs\gigr\system\CodeIgniter.php(419): CodeIgniter\CodeIgniter->runController(Object(App\Controllers\Home))
#8 C:\xampp\htdocs\gigr\system\CodeIgniter.php(326): CodeIgniter\CodeIgniter->handleRequest(NULL, Object(Config\Cache), false)
#9 C:\xampp\htdocs\gigr\public\index.php(37): CodeIgniter\CodeIgniter->run()
#10 C:\xampp\htdocs\gigr\system\Commands\Server\rewrite.php(43): require_once('C:\\xampp\\htdocs...')
#11 {main}
CRITICAL - 2022-05-29 02:55:27 --> include(./navbar.php): failed to open stream: No such file or directory
#0 C:\xampp\htdocs\gigr\app\Views\UI\home.php(12): CodeIgniter\Debug\Exceptions->errorHandler(2, 'include(./navba...', 'C:\\xampp\\htdocs...', 12, Array)
#1 C:\xampp\htdocs\gigr\app\Views\UI\home.php(12): include()
#2 C:\xampp\htdocs\gigr\system\View\View.php(210): include('C:\\xampp\\htdocs...')
#3 C:\xampp\htdocs\gigr\system\View\View.php(213): CodeIgniter\View\View->CodeIgniter\View\{closure}()
#4 C:\xampp\htdocs\gigr\system\Common.php(1089): CodeIgniter\View\View->render('UI/home.php', Array, true)
#5 C:\xampp\htdocs\gigr\app\Controllers\Home.php(9): view('UI/home.php')
#6 C:\xampp\htdocs\gigr\system\CodeIgniter.php(832): App\Controllers\Home->index()
#7 C:\xampp\htdocs\gigr\system\CodeIgniter.php(419): CodeIgniter\CodeIgniter->runController(Object(App\Controllers\Home))
#8 C:\xampp\htdocs\gigr\system\CodeIgniter.php(326): CodeIgniter\CodeIgniter->handleRequest(NULL, Object(Config\Cache), false)
#9 C:\xampp\htdocs\gigr\public\index.php(37): CodeIgniter\CodeIgniter->run()
#10 C:\xampp\htdocs\gigr\system\Commands\Server\rewrite.php(43): require_once('C:\\xampp\\htdocs...')
#11 {main}
CRITICAL - 2022-05-29 02:55:56 --> include(./navbar.php): failed to open stream: No such file or directory
#0 C:\xampp\htdocs\gigr\app\Views\UI\home.php(12): CodeIgniter\Debug\Exceptions->errorHandler(2, 'include(./navba...', 'C:\\xampp\\htdocs...', 12, Array)
#1 C:\xampp\htdocs\gigr\app\Views\UI\home.php(12): include()
#2 C:\xampp\htdocs\gigr\system\View\View.php(210): include('C:\\xampp\\htdocs...')
#3 C:\xampp\htdocs\gigr\system\View\View.php(213): CodeIgniter\View\View->CodeIgniter\View\{closure}()
#4 C:\xampp\htdocs\gigr\system\Common.php(1089): CodeIgniter\View\View->render('UI/home.php', Array, true)
#5 C:\xampp\htdocs\gigr\app\Controllers\Home.php(9): view('UI/home.php')
#6 C:\xampp\htdocs\gigr\system\CodeIgniter.php(832): App\Controllers\Home->index()
#7 C:\xampp\htdocs\gigr\system\CodeIgniter.php(419): CodeIgniter\CodeIgniter->runController(Object(App\Controllers\Home))
#8 C:\xampp\htdocs\gigr\system\CodeIgniter.php(326): CodeIgniter\CodeIgniter->handleRequest(NULL, Object(Config\Cache), false)
#9 C:\xampp\htdocs\gigr\public\index.php(37): CodeIgniter\CodeIgniter->run()
#10 C:\xampp\htdocs\gigr\system\Commands\Server\rewrite.php(43): require_once('C:\\xampp\\htdocs...')
#11 {main}
CRITICAL - 2022-05-29 03:01:14 --> include(components/navbar.php ): failed to open stream: Permission denied
#0 C:\xampp\htdocs\gigr\app\Views\UI\home.php(12): CodeIgniter\Debug\Exceptions->errorHandler(2, 'include(compone...', 'C:\\xampp\\htdocs...', 12, Array)
#1 C:\xampp\htdocs\gigr\app\Views\UI\home.php(12): include()
#2 C:\xampp\htdocs\gigr\system\View\View.php(210): include('C:\\xampp\\htdocs...')
#3 C:\xampp\htdocs\gigr\system\View\View.php(213): CodeIgniter\View\View->CodeIgniter\View\{closure}()
#4 C:\xampp\htdocs\gigr\system\Common.php(1089): CodeIgniter\View\View->render('UI/home.php', Array, true)
#5 C:\xampp\htdocs\gigr\app\Controllers\Home.php(9): view('UI/home.php')
#6 C:\xampp\htdocs\gigr\system\CodeIgniter.php(832): App\Controllers\Home->index()
#7 C:\xampp\htdocs\gigr\system\CodeIgniter.php(419): CodeIgniter\CodeIgniter->runController(Object(App\Controllers\Home))
#8 C:\xampp\htdocs\gigr\system\CodeIgniter.php(326): CodeIgniter\CodeIgniter->handleRequest(NULL, Object(Config\Cache), false)
#9 C:\xampp\htdocs\gigr\public\index.php(37): CodeIgniter\CodeIgniter->run()
#10 C:\xampp\htdocs\gigr\system\Commands\Server\rewrite.php(43): require_once('C:\\xampp\\htdocs...')
#11 {main}
CRITICAL - 2022-05-29 03:01:14 --> include(components/navbar.php ): failed to open stream: Permission denied
#0 C:\xampp\htdocs\gigr\app\Views\UI\home.php(12): CodeIgniter\Debug\Exceptions->errorHandler(2, 'include(compone...', 'C:\\xampp\\htdocs...', 12, Array)
#1 C:\xampp\htdocs\gigr\app\Views\UI\home.php(12): include()
#2 C:\xampp\htdocs\gigr\system\View\View.php(210): include('C:\\xampp\\htdocs...')
#3 C:\xampp\htdocs\gigr\system\View\View.php(213): CodeIgniter\View\View->CodeIgniter\View\{closure}()
#4 C:\xampp\htdocs\gigr\system\Common.php(1089): CodeIgniter\View\View->render('UI/home.php', Array, true)
#5 C:\xampp\htdocs\gigr\app\Controllers\Home.php(9): view('UI/home.php')
#6 C:\xampp\htdocs\gigr\system\CodeIgniter.php(832): App\Controllers\Home->index()
#7 C:\xampp\htdocs\gigr\system\CodeIgniter.php(419): CodeIgniter\CodeIgniter->runController(Object(App\Controllers\Home))
#8 C:\xampp\htdocs\gigr\system\CodeIgniter.php(326): CodeIgniter\CodeIgniter->handleRequest(NULL, Object(Config\Cache), false)
#9 C:\xampp\htdocs\gigr\public\index.php(37): CodeIgniter\CodeIgniter->run()
#10 C:\xampp\htdocs\gigr\system\Commands\Server\rewrite.php(43): require_once('C:\\xampp\\htdocs...')
#11 {main}
CRITICAL - 2022-05-29 03:01:14 --> include(components/navbar.php ): failed to open stream: Permission denied
#0 C:\xampp\htdocs\gigr\app\Views\UI\home.php(12): CodeIgniter\Debug\Exceptions->errorHandler(2, 'include(compone...', 'C:\\xampp\\htdocs...', 12, Array)
#1 C:\xampp\htdocs\gigr\app\Views\UI\home.php(12): include()
#2 C:\xampp\htdocs\gigr\system\View\View.php(210): include('C:\\xampp\\htdocs...')
#3 C:\xampp\htdocs\gigr\system\View\View.php(213): CodeIgniter\View\View->CodeIgniter\View\{closure}()
#4 C:\xampp\htdocs\gigr\system\Common.php(1089): CodeIgniter\View\View->render('UI/home.php', Array, true)
#5 C:\xampp\htdocs\gigr\app\Controllers\Home.php(9): view('UI/home.php')
#6 C:\xampp\htdocs\gigr\system\CodeIgniter.php(832): App\Controllers\Home->index()
#7 C:\xampp\htdocs\gigr\system\CodeIgniter.php(419): CodeIgniter\CodeIgniter->runController(Object(App\Controllers\Home))
#8 C:\xampp\htdocs\gigr\system\CodeIgniter.php(326): CodeIgniter\CodeIgniter->handleRequest(NULL, Object(Config\Cache), false)
#9 C:\xampp\htdocs\gigr\public\index.php(37): CodeIgniter\CodeIgniter->run()
#10 C:\xampp\htdocs\gigr\system\Commands\Server\rewrite.php(43): require_once('C:\\xampp\\htdocs...')
#11 {main}
CRITICAL - 2022-05-29 03:01:15 --> include(components/navbar.php ): failed to open stream: Permission denied
#0 C:\xampp\htdocs\gigr\app\Views\UI\home.php(12): CodeIgniter\Debug\Exceptions->errorHandler(2, 'include(compone...', 'C:\\xampp\\htdocs...', 12, Array)
#1 C:\xampp\htdocs\gigr\app\Views\UI\home.php(12): include()
#2 C:\xampp\htdocs\gigr\system\View\View.php(210): include('C:\\xampp\\htdocs...')
#3 C:\xampp\htdocs\gigr\system\View\View.php(213): CodeIgniter\View\View->CodeIgniter\View\{closure}()
#4 C:\xampp\htdocs\gigr\system\Common.php(1089): CodeIgniter\View\View->render('UI/home.php', Array, true)
#5 C:\xampp\htdocs\gigr\app\Controllers\Home.php(9): view('UI/home.php')
#6 C:\xampp\htdocs\gigr\system\CodeIgniter.php(832): App\Controllers\Home->index()
#7 C:\xampp\htdocs\gigr\system\CodeIgniter.php(419): CodeIgniter\CodeIgniter->runController(Object(App\Controllers\Home))
#8 C:\xampp\htdocs\gigr\system\CodeIgniter.php(326): CodeIgniter\CodeIgniter->handleRequest(NULL, Object(Config\Cache), false)
#9 C:\xampp\htdocs\gigr\public\index.php(37): CodeIgniter\CodeIgniter->run()
#10 C:\xampp\htdocs\gigr\system\Commands\Server\rewrite.php(43): require_once('C:\\xampp\\htdocs...')
#11 {main}
CRITICAL - 2022-05-29 03:01:15 --> include(components/navbar.php ): failed to open stream: Permission denied
#0 C:\xampp\htdocs\gigr\app\Views\UI\home.php(12): CodeIgniter\Debug\Exceptions->errorHandler(2, 'include(compone...', 'C:\\xampp\\htdocs...', 12, Array)
#1 C:\xampp\htdocs\gigr\app\Views\UI\home.php(12): include()
#2 C:\xampp\htdocs\gigr\system\View\View.php(210): include('C:\\xampp\\htdocs...')
#3 C:\xampp\htdocs\gigr\system\View\View.php(213): CodeIgniter\View\View->CodeIgniter\View\{closure}()
#4 C:\xampp\htdocs\gigr\system\Common.php(1089): CodeIgniter\View\View->render('UI/home.php', Array, true)
#5 C:\xampp\htdocs\gigr\app\Controllers\Home.php(9): view('UI/home.php')
#6 C:\xampp\htdocs\gigr\system\CodeIgniter.php(832): App\Controllers\Home->index()
#7 C:\xampp\htdocs\gigr\system\CodeIgniter.php(419): CodeIgniter\CodeIgniter->runController(Object(App\Controllers\Home))
#8 C:\xampp\htdocs\gigr\system\CodeIgniter.php(326): CodeIgniter\CodeIgniter->handleRequest(NULL, Object(Config\Cache), false)
#9 C:\xampp\htdocs\gigr\public\index.php(37): CodeIgniter\CodeIgniter->run()
#10 C:\xampp\htdocs\gigr\system\Commands\Server\rewrite.php(43): require_once('C:\\xampp\\htdocs...')
#11 {main}
CRITICAL - 2022-05-29 03:01:15 --> include(components/navbar.php ): failed to open stream: Permission denied
#0 C:\xampp\htdocs\gigr\app\Views\UI\home.php(12): CodeIgniter\Debug\Exceptions->errorHandler(2, 'include(compone...', 'C:\\xampp\\htdocs...', 12, Array)
#1 C:\xampp\htdocs\gigr\app\Views\UI\home.php(12): include()
#2 C:\xampp\htdocs\gigr\system\View\View.php(210): include('C:\\xampp\\htdocs...')
#3 C:\xampp\htdocs\gigr\system\View\View.php(213): CodeIgniter\View\View->CodeIgniter\View\{closure}()
#4 C:\xampp\htdocs\gigr\system\Common.php(1089): CodeIgniter\View\View->render('UI/home.php', Array, true)
#5 C:\xampp\htdocs\gigr\app\Controllers\Home.php(9): view('UI/home.php')
#6 C:\xampp\htdocs\gigr\system\CodeIgniter.php(832): App\Controllers\Home->index()
#7 C:\xampp\htdocs\gigr\system\CodeIgniter.php(419): CodeIgniter\CodeIgniter->runController(Object(App\Controllers\Home))
#8 C:\xampp\htdocs\gigr\system\CodeIgniter.php(326): CodeIgniter\CodeIgniter->handleRequest(NULL, Object(Config\Cache), false)
#9 C:\xampp\htdocs\gigr\public\index.php(37): CodeIgniter\CodeIgniter->run()
#10 C:\xampp\htdocs\gigr\system\Commands\Server\rewrite.php(43): require_once('C:\\xampp\\htdocs...')
#11 {main}
CRITICAL - 2022-05-29 03:02:17 --> include(components/navbar.php ): failed to open stream: Permission denied
#0 C:\xampp\htdocs\gigr\app\Views\UI\home.php(1): CodeIgniter\Debug\Exceptions->errorHandler(2, 'include(compone...', 'C:\\xampp\\htdocs...', 1, Array)
#1 C:\xampp\htdocs\gigr\app\Views\UI\home.php(1): include()
#2 C:\xampp\htdocs\gigr\system\View\View.php(210): include('C:\\xampp\\htdocs...')
#3 C:\xampp\htdocs\gigr\system\View\View.php(213): CodeIgniter\View\View->CodeIgniter\View\{closure}()
#4 C:\xampp\htdocs\gigr\system\Common.php(1089): CodeIgniter\View\View->render('UI/home.php', Array, true)
#5 C:\xampp\htdocs\gigr\app\Controllers\Home.php(9): view('UI/home.php')
#6 C:\xampp\htdocs\gigr\system\CodeIgniter.php(832): App\Controllers\Home->index()
#7 C:\xampp\htdocs\gigr\system\CodeIgniter.php(419): CodeIgniter\CodeIgniter->runController(Object(App\Controllers\Home))
#8 C:\xampp\htdocs\gigr\system\CodeIgniter.php(326): CodeIgniter\CodeIgniter->handleRequest(NULL, Object(Config\Cache), false)
#9 C:\xampp\htdocs\gigr\public\index.php(37): CodeIgniter\CodeIgniter->run()
#10 C:\xampp\htdocs\gigr\system\Commands\Server\rewrite.php(43): require_once('C:\\xampp\\htdocs...')
#11 {main}
CRITICAL - 2022-05-29 03:02:18 --> include(components/navbar.php ): failed to open stream: Permission denied
#0 C:\xampp\htdocs\gigr\app\Views\UI\home.php(1): CodeIgniter\Debug\Exceptions->errorHandler(2, 'include(compone...', 'C:\\xampp\\htdocs...', 1, Array)
#1 C:\xampp\htdocs\gigr\app\Views\UI\home.php(1): include()
#2 C:\xampp\htdocs\gigr\system\View\View.php(210): include('C:\\xampp\\htdocs...')
#3 C:\xampp\htdocs\gigr\system\View\View.php(213): CodeIgniter\View\View->CodeIgniter\View\{closure}()
#4 C:\xampp\htdocs\gigr\system\Common.php(1089): CodeIgniter\View\View->render('UI/home.php', Array, true)
#5 C:\xampp\htdocs\gigr\app\Controllers\Home.php(9): view('UI/home.php')
#6 C:\xampp\htdocs\gigr\system\CodeIgniter.php(832): App\Controllers\Home->index()
#7 C:\xampp\htdocs\gigr\system\CodeIgniter.php(419): CodeIgniter\CodeIgniter->runController(Object(App\Controllers\Home))
#8 C:\xampp\htdocs\gigr\system\CodeIgniter.php(326): CodeIgniter\CodeIgniter->handleRequest(NULL, Object(Config\Cache), false)
#9 C:\xampp\htdocs\gigr\public\index.php(37): CodeIgniter\CodeIgniter->run()
#10 C:\xampp\htdocs\gigr\system\Commands\Server\rewrite.php(43): require_once('C:\\xampp\\htdocs...')
#11 {main}
CRITICAL - 2022-05-29 03:06:14 --> include(components/navbar.php): failed to open stream: No such file or directory
#0 C:\xampp\htdocs\gigr\app\Views\UI\home.php(12): CodeIgniter\Debug\Exceptions->errorHandler(2, 'include(compone...', 'C:\\xampp\\htdocs...', 12, Array)
#1 C:\xampp\htdocs\gigr\app\Views\UI\home.php(12): include()
#2 C:\xampp\htdocs\gigr\system\View\View.php(210): include('C:\\xampp\\htdocs...')
#3 C:\xampp\htdocs\gigr\system\View\View.php(213): CodeIgniter\View\View->CodeIgniter\View\{closure}()
#4 C:\xampp\htdocs\gigr\system\Common.php(1089): CodeIgniter\View\View->render('UI/home.php', Array, true)
#5 C:\xampp\htdocs\gigr\app\Controllers\Home.php(9): view('UI/home.php')
#6 C:\xampp\htdocs\gigr\system\CodeIgniter.php(832): App\Controllers\Home->index()
#7 C:\xampp\htdocs\gigr\system\CodeIgniter.php(419): CodeIgniter\CodeIgniter->runController(Object(App\Controllers\Home))
#8 C:\xampp\htdocs\gigr\system\CodeIgniter.php(326): CodeIgniter\CodeIgniter->handleRequest(NULL, Object(Config\Cache), false)
#9 C:\xampp\htdocs\gigr\public\index.php(37): CodeIgniter\CodeIgniter->run()
#10 C:\xampp\htdocs\gigr\system\Commands\Server\rewrite.php(43): require_once('C:\\xampp\\htdocs...')
#11 {main}
CRITICAL - 2022-05-29 03:06:15 --> include(components/navbar.php): failed to open stream: No such file or directory
#0 C:\xampp\htdocs\gigr\app\Views\UI\home.php(12): CodeIgniter\Debug\Exceptions->errorHandler(2, 'include(compone...', 'C:\\xampp\\htdocs...', 12, Array)
#1 C:\xampp\htdocs\gigr\app\Views\UI\home.php(12): include()
#2 C:\xampp\htdocs\gigr\system\View\View.php(210): include('C:\\xampp\\htdocs...')
#3 C:\xampp\htdocs\gigr\system\View\View.php(213): CodeIgniter\View\View->CodeIgniter\View\{closure}()
#4 C:\xampp\htdocs\gigr\system\Common.php(1089): CodeIgniter\View\View->render('UI/home.php', Array, true)
#5 C:\xampp\htdocs\gigr\app\Controllers\Home.php(9): view('UI/home.php')
#6 C:\xampp\htdocs\gigr\system\CodeIgniter.php(832): App\Controllers\Home->index()
#7 C:\xampp\htdocs\gigr\system\CodeIgniter.php(419): CodeIgniter\CodeIgniter->runController(Object(App\Controllers\Home))
#8 C:\xampp\htdocs\gigr\system\CodeIgniter.php(326): CodeIgniter\CodeIgniter->handleRequest(NULL, Object(Config\Cache), false)
#9 C:\xampp\htdocs\gigr\public\index.php(37): CodeIgniter\CodeIgniter->run()
#10 C:\xampp\htdocs\gigr\system\Commands\Server\rewrite.php(43): require_once('C:\\xampp\\htdocs...')
#11 {main}
CRITICAL - 2022-05-29 03:06:15 --> include(components/navbar.php): failed to open stream: No such file or directory
#0 C:\xampp\htdocs\gigr\app\Views\UI\home.php(12): CodeIgniter\Debug\Exceptions->errorHandler(2, 'include(compone...', 'C:\\xampp\\htdocs...', 12, Array)
#1 C:\xampp\htdocs\gigr\app\Views\UI\home.php(12): include()
#2 C:\xampp\htdocs\gigr\system\View\View.php(210): include('C:\\xampp\\htdocs...')
#3 C:\xampp\htdocs\gigr\system\View\View.php(213): CodeIgniter\View\View->CodeIgniter\View\{closure}()
#4 C:\xampp\htdocs\gigr\system\Common.php(1089): CodeIgniter\View\View->render('UI/home.php', Array, true)
#5 C:\xampp\htdocs\gigr\app\Controllers\Home.php(9): view('UI/home.php')
#6 C:\xampp\htdocs\gigr\system\CodeIgniter.php(832): App\Controllers\Home->index()
#7 C:\xampp\htdocs\gigr\system\CodeIgniter.php(419): CodeIgniter\CodeIgniter->runController(Object(App\Controllers\Home))
#8 C:\xampp\htdocs\gigr\system\CodeIgniter.php(326): CodeIgniter\CodeIgniter->handleRequest(NULL, Object(Config\Cache), false)
#9 C:\xampp\htdocs\gigr\public\index.php(37): CodeIgniter\CodeIgniter->run()
#10 C:\xampp\htdocs\gigr\system\Commands\Server\rewrite.php(43): require_once('C:\\xampp\\htdocs...')
#11 {main}
CRITICAL - 2022-05-29 03:06:15 --> include(components/navbar.php): failed to open stream: No such file or directory
#0 C:\xampp\htdocs\gigr\app\Views\UI\home.php(12): CodeIgniter\Debug\Exceptions->errorHandler(2, 'include(compone...', 'C:\\xampp\\htdocs...', 12, Array)
#1 C:\xampp\htdocs\gigr\app\Views\UI\home.php(12): include()
#2 C:\xampp\htdocs\gigr\system\View\View.php(210): include('C:\\xampp\\htdocs...')
#3 C:\xampp\htdocs\gigr\system\View\View.php(213): CodeIgniter\View\View->CodeIgniter\View\{closure}()
#4 C:\xampp\htdocs\gigr\system\Common.php(1089): CodeIgniter\View\View->render('UI/home.php', Array, true)
#5 C:\xampp\htdocs\gigr\app\Controllers\Home.php(9): view('UI/home.php')
#6 C:\xampp\htdocs\gigr\system\CodeIgniter.php(832): App\Controllers\Home->index()
#7 C:\xampp\htdocs\gigr\system\CodeIgniter.php(419): CodeIgniter\CodeIgniter->runController(Object(App\Controllers\Home))
#8 C:\xampp\htdocs\gigr\system\CodeIgniter.php(326): CodeIgniter\CodeIgniter->handleRequest(NULL, Object(Config\Cache), false)
#9 C:\xampp\htdocs\gigr\public\index.php(37): CodeIgniter\CodeIgniter->run()
#10 C:\xampp\htdocs\gigr\system\Commands\Server\rewrite.php(43): require_once('C:\\xampp\\htdocs...')
#11 {main}
CRITICAL - 2022-05-29 03:06:16 --> include(components/navbar.php): failed to open stream: No such file or directory
#0 C:\xampp\htdocs\gigr\app\Views\UI\home.php(12): CodeIgniter\Debug\Exceptions->errorHandler(2, 'include(compone...', 'C:\\xampp\\htdocs...', 12, Array)
#1 C:\xampp\htdocs\gigr\app\Views\UI\home.php(12): include()
#2 C:\xampp\htdocs\gigr\system\View\View.php(210): include('C:\\xampp\\htdocs...')
#3 C:\xampp\htdocs\gigr\system\View\View.php(213): CodeIgniter\View\View->CodeIgniter\View\{closure}()
#4 C:\xampp\htdocs\gigr\system\Common.php(1089): CodeIgniter\View\View->render('UI/home.php', Array, true)
#5 C:\xampp\htdocs\gigr\app\Controllers\Home.php(9): view('UI/home.php')
#6 C:\xampp\htdocs\gigr\system\CodeIgniter.php(832): App\Controllers\Home->index()
#7 C:\xampp\htdocs\gigr\system\CodeIgniter.php(419): CodeIgniter\CodeIgniter->runController(Object(App\Controllers\Home))
#8 C:\xampp\htdocs\gigr\system\CodeIgniter.php(326): CodeIgniter\CodeIgniter->handleRequest(NULL, Object(Config\Cache), false)
#9 C:\xampp\htdocs\gigr\public\index.php(37): CodeIgniter\CodeIgniter->run()
#10 C:\xampp\htdocs\gigr\system\Commands\Server\rewrite.php(43): require_once('C:\\xampp\\htdocs...')
#11 {main}
CRITICAL - 2022-05-29 03:06:16 --> include(components/navbar.php): failed to open stream: No such file or directory
#0 C:\xampp\htdocs\gigr\app\Views\UI\home.php(12): CodeIgniter\Debug\Exceptions->errorHandler(2, 'include(compone...', 'C:\\xampp\\htdocs...', 12, Array)
#1 C:\xampp\htdocs\gigr\app\Views\UI\home.php(12): include()
#2 C:\xampp\htdocs\gigr\system\View\View.php(210): include('C:\\xampp\\htdocs...')
#3 C:\xampp\htdocs\gigr\system\View\View.php(213): CodeIgniter\View\View->CodeIgniter\View\{closure}()
#4 C:\xampp\htdocs\gigr\system\Common.php(1089): CodeIgniter\View\View->render('UI/home.php', Array, true)
#5 C:\xampp\htdocs\gigr\app\Controllers\Home.php(9): view('UI/home.php')
#6 C:\xampp\htdocs\gigr\system\CodeIgniter.php(832): App\Controllers\Home->index()
#7 C:\xampp\htdocs\gigr\system\CodeIgniter.php(419): CodeIgniter\CodeIgniter->runController(Object(App\Controllers\Home))
#8 C:\xampp\htdocs\gigr\system\CodeIgniter.php(326): CodeIgniter\CodeIgniter->handleRequest(NULL, Object(Config\Cache), false)
#9 C:\xampp\htdocs\gigr\public\index.php(37): CodeIgniter\CodeIgniter->run()
#10 C:\xampp\htdocs\gigr\system\Commands\Server\rewrite.php(43): require_once('C:\\xampp\\htdocs...')
#11 {main}
CRITICAL - 2022-05-29 03:06:16 --> include(components/navbar.php): failed to open stream: No such file or directory
#0 C:\xampp\htdocs\gigr\app\Views\UI\home.php(12): CodeIgniter\Debug\Exceptions->errorHandler(2, 'include(compone...', 'C:\\xampp\\htdocs...', 12, Array)
#1 C:\xampp\htdocs\gigr\app\Views\UI\home.php(12): include()
#2 C:\xampp\htdocs\gigr\system\View\View.php(210): include('C:\\xampp\\htdocs...')
#3 C:\xampp\htdocs\gigr\system\View\View.php(213): CodeIgniter\View\View->CodeIgniter\View\{closure}()
#4 C:\xampp\htdocs\gigr\system\Common.php(1089): CodeIgniter\View\View->render('UI/home.php', Array, true)
#5 C:\xampp\htdocs\gigr\app\Controllers\Home.php(9): view('UI/home.php')
#6 C:\xampp\htdocs\gigr\system\CodeIgniter.php(832): App\Controllers\Home->index()
#7 C:\xampp\htdocs\gigr\system\CodeIgniter.php(419): CodeIgniter\CodeIgniter->runController(Object(App\Controllers\Home))
#8 C:\xampp\htdocs\gigr\system\CodeIgniter.php(326): CodeIgniter\CodeIgniter->handleRequest(NULL, Object(Config\Cache), false)
#9 C:\xampp\htdocs\gigr\public\index.php(37): CodeIgniter\CodeIgniter->run()
#10 C:\xampp\htdocs\gigr\system\Commands\Server\rewrite.php(43): require_once('C:\\xampp\\htdocs...')
#11 {main}
CRITICAL - 2022-05-29 03:07:27 --> require(components/navbar.php): failed to open stream: No such file or directory
#0 C:\xampp\htdocs\gigr\app\Views\UI\home.php(12): CodeIgniter\Debug\Exceptions->errorHandler(2, 'require(compone...', 'C:\\xampp\\htdocs...', 12, Array)
#1 C:\xampp\htdocs\gigr\app\Views\UI\home.php(12): require()
#2 C:\xampp\htdocs\gigr\system\View\View.php(210): include('C:\\xampp\\htdocs...')
#3 C:\xampp\htdocs\gigr\system\View\View.php(213): CodeIgniter\View\View->CodeIgniter\View\{closure}()
#4 C:\xampp\htdocs\gigr\system\Common.php(1089): CodeIgniter\View\View->render('UI/home.php', Array, true)
#5 C:\xampp\htdocs\gigr\app\Controllers\Home.php(9): view('UI/home.php')
#6 C:\xampp\htdocs\gigr\system\CodeIgniter.php(832): App\Controllers\Home->index()
#7 C:\xampp\htdocs\gigr\system\CodeIgniter.php(419): CodeIgniter\CodeIgniter->runController(Object(App\Controllers\Home))
#8 C:\xampp\htdocs\gigr\system\CodeIgniter.php(326): CodeIgniter\CodeIgniter->handleRequest(NULL, Object(Config\Cache), false)
#9 C:\xampp\htdocs\gigr\public\index.php(37): CodeIgniter\CodeIgniter->run()
#10 C:\xampp\htdocs\gigr\system\Commands\Server\rewrite.php(43): require_once('C:\\xampp\\htdocs...')
#11 {main}
CRITICAL - 2022-05-29 03:07:28 --> require(components/navbar.php): failed to open stream: No such file or directory
#0 C:\xampp\htdocs\gigr\app\Views\UI\home.php(12): CodeIgniter\Debug\Exceptions->errorHandler(2, 'require(compone...', 'C:\\xampp\\htdocs...', 12, Array)
#1 C:\xampp\htdocs\gigr\app\Views\UI\home.php(12): require()
#2 C:\xampp\htdocs\gigr\system\View\View.php(210): include('C:\\xampp\\htdocs...')
#3 C:\xampp\htdocs\gigr\system\View\View.php(213): CodeIgniter\View\View->CodeIgniter\View\{closure}()
#4 C:\xampp\htdocs\gigr\system\Common.php(1089): CodeIgniter\View\View->render('UI/home.php', Array, true)
#5 C:\xampp\htdocs\gigr\app\Controllers\Home.php(9): view('UI/home.php')
#6 C:\xampp\htdocs\gigr\system\CodeIgniter.php(832): App\Controllers\Home->index()
#7 C:\xampp\htdocs\gigr\system\CodeIgniter.php(419): CodeIgniter\CodeIgniter->runController(Object(App\Controllers\Home))
#8 C:\xampp\htdocs\gigr\system\CodeIgniter.php(326): CodeIgniter\CodeIgniter->handleRequest(NULL, Object(Config\Cache), false)
#9 C:\xampp\htdocs\gigr\public\index.php(37): CodeIgniter\CodeIgniter->run()
#10 C:\xampp\htdocs\gigr\system\Commands\Server\rewrite.php(43): require_once('C:\\xampp\\htdocs...')
#11 {main}
CRITICAL - 2022-05-29 03:07:28 --> require(components/navbar.php): failed to open stream: No such file or directory
#0 C:\xampp\htdocs\gigr\app\Views\UI\home.php(12): CodeIgniter\Debug\Exceptions->errorHandler(2, 'require(compone...', 'C:\\xampp\\htdocs...', 12, Array)
#1 C:\xampp\htdocs\gigr\app\Views\UI\home.php(12): require()
#2 C:\xampp\htdocs\gigr\system\View\View.php(210): include('C:\\xampp\\htdocs...')
#3 C:\xampp\htdocs\gigr\system\View\View.php(213): CodeIgniter\View\View->CodeIgniter\View\{closure}()
#4 C:\xampp\htdocs\gigr\system\Common.php(1089): CodeIgniter\View\View->render('UI/home.php', Array, true)
#5 C:\xampp\htdocs\gigr\app\Controllers\Home.php(9): view('UI/home.php')
#6 C:\xampp\htdocs\gigr\system\CodeIgniter.php(832): App\Controllers\Home->index()
#7 C:\xampp\htdocs\gigr\system\CodeIgniter.php(419): CodeIgniter\CodeIgniter->runController(Object(App\Controllers\Home))
#8 C:\xampp\htdocs\gigr\system\CodeIgniter.php(326): CodeIgniter\CodeIgniter->handleRequest(NULL, Object(Config\Cache), false)
#9 C:\xampp\htdocs\gigr\public\index.php(37): CodeIgniter\CodeIgniter->run()
#10 C:\xampp\htdocs\gigr\system\Commands\Server\rewrite.php(43): require_once('C:\\xampp\\htdocs...')
#11 {main}
CRITICAL - 2022-05-29 03:07:29 --> require(components/navbar.php): failed to open stream: No such file or directory
#0 C:\xampp\htdocs\gigr\app\Views\UI\home.php(12): CodeIgniter\Debug\Exceptions->errorHandler(2, 'require(compone...', 'C:\\xampp\\htdocs...', 12, Array)
#1 C:\xampp\htdocs\gigr\app\Views\UI\home.php(12): require()
#2 C:\xampp\htdocs\gigr\system\View\View.php(210): include('C:\\xampp\\htdocs...')
#3 C:\xampp\htdocs\gigr\system\View\View.php(213): CodeIgniter\View\View->CodeIgniter\View\{closure}()
#4 C:\xampp\htdocs\gigr\system\Common.php(1089): CodeIgniter\View\View->render('UI/home.php', Array, true)
#5 C:\xampp\htdocs\gigr\app\Controllers\Home.php(9): view('UI/home.php')
#6 C:\xampp\htdocs\gigr\system\CodeIgniter.php(832): App\Controllers\Home->index()
#7 C:\xampp\htdocs\gigr\system\CodeIgniter.php(419): CodeIgniter\CodeIgniter->runController(Object(App\Controllers\Home))
#8 C:\xampp\htdocs\gigr\system\CodeIgniter.php(326): CodeIgniter\CodeIgniter->handleRequest(NULL, Object(Config\Cache), false)
#9 C:\xampp\htdocs\gigr\public\index.php(37): CodeIgniter\CodeIgniter->run()
#10 C:\xampp\htdocs\gigr\system\Commands\Server\rewrite.php(43): require_once('C:\\xampp\\htdocs...')
#11 {main}
CRITICAL - 2022-05-29 03:07:29 --> require(components/navbar.php): failed to open stream: No such file or directory
#0 C:\xampp\htdocs\gigr\app\Views\UI\home.php(12): CodeIgniter\Debug\Exceptions->errorHandler(2, 'require(compone...', 'C:\\xampp\\htdocs...', 12, Array)
#1 C:\xampp\htdocs\gigr\app\Views\UI\home.php(12): require()
#2 C:\xampp\htdocs\gigr\system\View\View.php(210): include('C:\\xampp\\htdocs...')
#3 C:\xampp\htdocs\gigr\system\View\View.php(213): CodeIgniter\View\View->CodeIgniter\View\{closure}()
#4 C:\xampp\htdocs\gigr\system\Common.php(1089): CodeIgniter\View\View->render('UI/home.php', Array, true)
#5 C:\xampp\htdocs\gigr\app\Controllers\Home.php(9): view('UI/home.php')
#6 C:\xampp\htdocs\gigr\system\CodeIgniter.php(832): App\Controllers\Home->index()
#7 C:\xampp\htdocs\gigr\system\CodeIgniter.php(419): CodeIgniter\CodeIgniter->runController(Object(App\Controllers\Home))
#8 C:\xampp\htdocs\gigr\system\CodeIgniter.php(326): CodeIgniter\CodeIgniter->handleRequest(NULL, Object(Config\Cache), false)
#9 C:\xampp\htdocs\gigr\public\index.php(37): CodeIgniter\CodeIgniter->run()
#10 C:\xampp\htdocs\gigr\system\Commands\Server\rewrite.php(43): require_once('C:\\xampp\\htdocs...')
#11 {main}
CRITICAL - 2022-05-29 03:08:58 --> include(components/navbar.php): failed to open stream: No such file or directory
#0 C:\xampp\htdocs\gigr\app\Views\UI\home.php(13): CodeIgniter\Debug\Exceptions->errorHandler(2, 'include(compone...', 'C:\\xampp\\htdocs...', 13, Array)
#1 C:\xampp\htdocs\gigr\app\Views\UI\home.php(13): include()
#2 C:\xampp\htdocs\gigr\system\View\View.php(210): include('C:\\xampp\\htdocs...')
#3 C:\xampp\htdocs\gigr\system\View\View.php(213): CodeIgniter\View\View->CodeIgniter\View\{closure}()
#4 C:\xampp\htdocs\gigr\system\Common.php(1089): CodeIgniter\View\View->render('UI/home.php', Array, true)
#5 C:\xampp\htdocs\gigr\app\Controllers\Home.php(9): view('UI/home.php')
#6 C:\xampp\htdocs\gigr\system\CodeIgniter.php(832): App\Controllers\Home->index()
#7 C:\xampp\htdocs\gigr\system\CodeIgniter.php(419): CodeIgniter\CodeIgniter->runController(Object(App\Controllers\Home))
#8 C:\xampp\htdocs\gigr\system\CodeIgniter.php(326): CodeIgniter\CodeIgniter->handleRequest(NULL, Object(Config\Cache), false)
#9 C:\xampp\htdocs\gigr\public\index.php(37): CodeIgniter\CodeIgniter->run()
#10 C:\xampp\htdocs\gigr\system\Commands\Server\rewrite.php(43): require_once('C:\\xampp\\htdocs...')
#11 {main}
CRITICAL - 2022-05-29 03:08:59 --> include(components/navbar.php): failed to open stream: No such file or directory
#0 C:\xampp\htdocs\gigr\app\Views\UI\home.php(13): CodeIgniter\Debug\Exceptions->errorHandler(2, 'include(compone...', 'C:\\xampp\\htdocs...', 13, Array)
#1 C:\xampp\htdocs\gigr\app\Views\UI\home.php(13): include()
#2 C:\xampp\htdocs\gigr\system\View\View.php(210): include('C:\\xampp\\htdocs...')
#3 C:\xampp\htdocs\gigr\system\View\View.php(213): CodeIgniter\View\View->CodeIgniter\View\{closure}()
#4 C:\xampp\htdocs\gigr\system\Common.php(1089): CodeIgniter\View\View->render('UI/home.php', Array, true)
#5 C:\xampp\htdocs\gigr\app\Controllers\Home.php(9): view('UI/home.php')
#6 C:\xampp\htdocs\gigr\system\CodeIgniter.php(832): App\Controllers\Home->index()
#7 C:\xampp\htdocs\gigr\system\CodeIgniter.php(419): CodeIgniter\CodeIgniter->runController(Object(App\Controllers\Home))
#8 C:\xampp\htdocs\gigr\system\CodeIgniter.php(326): CodeIgniter\CodeIgniter->handleRequest(NULL, Object(Config\Cache), false)
#9 C:\xampp\htdocs\gigr\public\index.php(37): CodeIgniter\CodeIgniter->run()
#10 C:\xampp\htdocs\gigr\system\Commands\Server\rewrite.php(43): require_once('C:\\xampp\\htdocs...')
#11 {main}
