CRITICAL - 2022-05-28 13:40:19 --> Invalid file: welcome_message.php
#0 C:\xampp\htdocs\gigr\system\View\View.php(198): CodeIgniter\Exceptions\FrameworkException::forInvalidFile('welcome_message...')
#1 C:\xampp\htdocs\gigr\system\Common.php(1089): CodeIgniter\View\View->render('welcome_message', Array, true)
#2 C:\xampp\htdocs\gigr\app\Controllers\Home.php(9): view('welcome_message')
#3 C:\xampp\htdocs\gigr\system\CodeIgniter.php(832): App\Controllers\Home->index()
#4 C:\xampp\htdocs\gigr\system\CodeIgniter.php(419): CodeIgniter\CodeIgniter->runController(Object(App\Controllers\Home))
#5 C:\xampp\htdocs\gigr\system\CodeIgniter.php(326): CodeIgniter\CodeIgniter->handleRequest(NULL, Object(Config\Cache), false)
#6 C:\xampp\htdocs\gigr\public\index.php(37): CodeIgniter\CodeIgniter->run()
#7 C:\xampp\htdocs\gigr\system\Commands\Server\rewrite.php(43): require_once('C:\\xampp\\htdocs...')
#8 {main}
CRITICAL - 2022-05-28 13:41:15 --> Invalid file: UI/home.php
#0 C:\xampp\htdocs\gigr\system\View\View.php(198): CodeIgniter\Exceptions\FrameworkException::forInvalidFile('UI/home.php')
#1 C:\xampp\htdocs\gigr\system\Common.php(1089): CodeIgniter\View\View->render('UI/home.php', Array, true)
#2 C:\xampp\htdocs\gigr\app\Controllers\Home.php(9): view('UI/home.php')
#3 C:\xampp\htdocs\gigr\system\CodeIgniter.php(832): App\Controllers\Home->index()
#4 C:\xampp\htdocs\gigr\system\CodeIgniter.php(419): CodeIgniter\CodeIgniter->runController(Object(App\Controllers\Home))
#5 C:\xampp\htdocs\gigr\system\CodeIgniter.php(326): CodeIgniter\CodeIgniter->handleRequest(NULL, Object(Config\Cache), false)
#6 C:\xampp\htdocs\gigr\public\index.php(37): CodeIgniter\CodeIgniter->run()
#7 C:\xampp\htdocs\gigr\system\Commands\Server\rewrite.php(43): require_once('C:\\xampp\\htdocs...')
#8 {main}
CRITICAL - 2022-05-28 13:41:17 --> Invalid file: UI/home.php
#0 C:\xampp\htdocs\gigr\system\View\View.php(198): CodeIgniter\Exceptions\FrameworkException::forInvalidFile('UI/home.php')
#1 C:\xampp\htdocs\gigr\system\Common.php(1089): CodeIgniter\View\View->render('UI/home.php', Array, true)
#2 C:\xampp\htdocs\gigr\app\Controllers\Home.php(9): view('UI/home.php')
#3 C:\xampp\htdocs\gigr\system\CodeIgniter.php(832): App\Controllers\Home->index()
#4 C:\xampp\htdocs\gigr\system\CodeIgniter.php(419): CodeIgniter\CodeIgniter->runController(Object(App\Controllers\Home))
#5 C:\xampp\htdocs\gigr\system\CodeIgniter.php(326): CodeIgniter\CodeIgniter->handleRequest(NULL, Object(Config\Cache), false)
#6 C:\xampp\htdocs\gigr\public\index.php(37): CodeIgniter\CodeIgniter->run()
#7 C:\xampp\htdocs\gigr\system\Commands\Server\rewrite.php(43): require_once('C:\\xampp\\htdocs...')
#8 {main}
CRITICAL - 2022-05-28 13:41:27 --> Invalid file: UI/home.php
#0 C:\xampp\htdocs\gigr\system\View\View.php(198): CodeIgniter\Exceptions\FrameworkException::forInvalidFile('UI/home.php')
#1 C:\xampp\htdocs\gigr\system\Common.php(1089): CodeIgniter\View\View->render('UI/home.php', Array, true)
#2 C:\xampp\htdocs\gigr\app\Controllers\Home.php(9): view('UI/home.php')
#3 C:\xampp\htdocs\gigr\system\CodeIgniter.php(832): App\Controllers\Home->index()
#4 C:\xampp\htdocs\gigr\system\CodeIgniter.php(419): CodeIgniter\CodeIgniter->runController(Object(App\Controllers\Home))
#5 C:\xampp\htdocs\gigr\system\CodeIgniter.php(326): CodeIgniter\CodeIgniter->handleRequest(NULL, Object(Config\Cache), false)
#6 C:\xampp\htdocs\gigr\public\index.php(37): CodeIgniter\CodeIgniter->run()
#7 C:\xampp\htdocs\gigr\system\Commands\Server\rewrite.php(43): require_once('C:\\xampp\\htdocs...')
#8 {main}
CRITICAL - 2022-05-28 13:41:28 --> Invalid file: UI/home.php
#0 C:\xampp\htdocs\gigr\system\View\View.php(198): CodeIgniter\Exceptions\FrameworkException::forInvalidFile('UI/home.php')
#1 C:\xampp\htdocs\gigr\system\Common.php(1089): CodeIgniter\View\View->render('UI/home.php', Array, true)
#2 C:\xampp\htdocs\gigr\app\Controllers\Home.php(9): view('UI/home.php')
#3 C:\xampp\htdocs\gigr\system\CodeIgniter.php(832): App\Controllers\Home->index()
#4 C:\xampp\htdocs\gigr\system\CodeIgniter.php(419): CodeIgniter\CodeIgniter->runController(Object(App\Controllers\Home))
#5 C:\xampp\htdocs\gigr\system\CodeIgniter.php(326): CodeIgniter\CodeIgniter->handleRequest(NULL, Object(Config\Cache), false)
#6 C:\xampp\htdocs\gigr\public\index.php(37): CodeIgniter\CodeIgniter->run()
#7 C:\xampp\htdocs\gigr\system\Commands\Server\rewrite.php(43): require_once('C:\\xampp\\htdocs...')
#8 {main}
CRITICAL - 2022-05-28 13:41:28 --> Invalid file: UI/home.php
#0 C:\xampp\htdocs\gigr\system\View\View.php(198): CodeIgniter\Exceptions\FrameworkException::forInvalidFile('UI/home.php')
#1 C:\xampp\htdocs\gigr\system\Common.php(1089): CodeIgniter\View\View->render('UI/home.php', Array, true)
#2 C:\xampp\htdocs\gigr\app\Controllers\Home.php(9): view('UI/home.php')
#3 C:\xampp\htdocs\gigr\system\CodeIgniter.php(832): App\Controllers\Home->index()
#4 C:\xampp\htdocs\gigr\system\CodeIgniter.php(419): CodeIgniter\CodeIgniter->runController(Object(App\Controllers\Home))
#5 C:\xampp\htdocs\gigr\system\CodeIgniter.php(326): CodeIgniter\CodeIgniter->handleRequest(NULL, Object(Config\Cache), false)
#6 C:\xampp\htdocs\gigr\public\index.php(37): CodeIgniter\CodeIgniter->run()
#7 C:\xampp\htdocs\gigr\system\Commands\Server\rewrite.php(43): require_once('C:\\xampp\\htdocs...')
#8 {main}
CRITICAL - 2022-05-28 13:41:28 --> Invalid file: UI/home.php
#0 C:\xampp\htdocs\gigr\system\View\View.php(198): CodeIgniter\Exceptions\FrameworkException::forInvalidFile('UI/home.php')
#1 C:\xampp\htdocs\gigr\system\Common.php(1089): CodeIgniter\View\View->render('UI/home.php', Array, true)
#2 C:\xampp\htdocs\gigr\app\Controllers\Home.php(9): view('UI/home.php')
#3 C:\xampp\htdocs\gigr\system\CodeIgniter.php(832): App\Controllers\Home->index()
#4 C:\xampp\htdocs\gigr\system\CodeIgniter.php(419): CodeIgniter\CodeIgniter->runController(Object(App\Controllers\Home))
#5 C:\xampp\htdocs\gigr\system\CodeIgniter.php(326): CodeIgniter\CodeIgniter->handleRequest(NULL, Object(Config\Cache), false)
#6 C:\xampp\htdocs\gigr\public\index.php(37): CodeIgniter\CodeIgniter->run()
#7 C:\xampp\htdocs\gigr\system\Commands\Server\rewrite.php(43): require_once('C:\\xampp\\htdocs...')
#8 {main}
CRITICAL - 2022-05-28 13:41:35 --> Invalid file: UI\home.php
#0 C:\xampp\htdocs\gigr\system\View\View.php(198): CodeIgniter\Exceptions\FrameworkException::forInvalidFile('UI\\home.php')
#1 C:\xampp\htdocs\gigr\system\Common.php(1089): CodeIgniter\View\View->render('UI\\home.php', Array, true)
#2 C:\xampp\htdocs\gigr\app\Controllers\Home.php(9): view('UI\\home.php')
#3 C:\xampp\htdocs\gigr\system\CodeIgniter.php(832): App\Controllers\Home->index()
#4 C:\xampp\htdocs\gigr\system\CodeIgniter.php(419): CodeIgniter\CodeIgniter->runController(Object(App\Controllers\Home))
#5 C:\xampp\htdocs\gigr\system\CodeIgniter.php(326): CodeIgniter\CodeIgniter->handleRequest(NULL, Object(Config\Cache), false)
#6 C:\xampp\htdocs\gigr\public\index.php(37): CodeIgniter\CodeIgniter->run()
#7 C:\xampp\htdocs\gigr\system\Commands\Server\rewrite.php(43): require_once('C:\\xampp\\htdocs...')
#8 {main}
CRITICAL - 2022-05-28 13:41:36 --> Invalid file: UI\home.php
#0 C:\xampp\htdocs\gigr\system\View\View.php(198): CodeIgniter\Exceptions\FrameworkException::forInvalidFile('UI\\home.php')
#1 C:\xampp\htdocs\gigr\system\Common.php(1089): CodeIgniter\View\View->render('UI\\home.php', Array, true)
#2 C:\xampp\htdocs\gigr\app\Controllers\Home.php(9): view('UI\\home.php')
#3 C:\xampp\htdocs\gigr\system\CodeIgniter.php(832): App\Controllers\Home->index()
#4 C:\xampp\htdocs\gigr\system\CodeIgniter.php(419): CodeIgniter\CodeIgniter->runController(Object(App\Controllers\Home))
#5 C:\xampp\htdocs\gigr\system\CodeIgniter.php(326): CodeIgniter\CodeIgniter->handleRequest(NULL, Object(Config\Cache), false)
#6 C:\xampp\htdocs\gigr\public\index.php(37): CodeIgniter\CodeIgniter->run()
#7 C:\xampp\htdocs\gigr\system\Commands\Server\rewrite.php(43): require_once('C:\\xampp\\htdocs...')
#8 {main}
CRITICAL - 2022-05-28 13:41:36 --> Invalid file: UI\home.php
#0 C:\xampp\htdocs\gigr\system\View\View.php(198): CodeIgniter\Exceptions\FrameworkException::forInvalidFile('UI\\home.php')
#1 C:\xampp\htdocs\gigr\system\Common.php(1089): CodeIgniter\View\View->render('UI\\home.php', Array, true)
#2 C:\xampp\htdocs\gigr\app\Controllers\Home.php(9): view('UI\\home.php')
#3 C:\xampp\htdocs\gigr\system\CodeIgniter.php(832): App\Controllers\Home->index()
#4 C:\xampp\htdocs\gigr\system\CodeIgniter.php(419): CodeIgniter\CodeIgniter->runController(Object(App\Controllers\Home))
#5 C:\xampp\htdocs\gigr\system\CodeIgniter.php(326): CodeIgniter\CodeIgniter->handleRequest(NULL, Object(Config\Cache), false)
#6 C:\xampp\htdocs\gigr\public\index.php(37): CodeIgniter\CodeIgniter->run()
#7 C:\xampp\htdocs\gigr\system\Commands\Server\rewrite.php(43): require_once('C:\\xampp\\htdocs...')
#8 {main}
CRITICAL - 2022-05-28 13:41:36 --> Invalid file: UI\home.php
#0 C:\xampp\htdocs\gigr\system\View\View.php(198): CodeIgniter\Exceptions\FrameworkException::forInvalidFile('UI\\home.php')
#1 C:\xampp\htdocs\gigr\system\Common.php(1089): CodeIgniter\View\View->render('UI\\home.php', Array, true)
#2 C:\xampp\htdocs\gigr\app\Controllers\Home.php(9): view('UI\\home.php')
#3 C:\xampp\htdocs\gigr\system\CodeIgniter.php(832): App\Controllers\Home->index()
#4 C:\xampp\htdocs\gigr\system\CodeIgniter.php(419): CodeIgniter\CodeIgniter->runController(Object(App\Controllers\Home))
#5 C:\xampp\htdocs\gigr\system\CodeIgniter.php(326): CodeIgniter\CodeIgniter->handleRequest(NULL, Object(Config\Cache), false)
#6 C:\xampp\htdocs\gigr\public\index.php(37): CodeIgniter\CodeIgniter->run()
#7 C:\xampp\htdocs\gigr\system\Commands\Server\rewrite.php(43): require_once('C:\\xampp\\htdocs...')
#8 {main}
CRITICAL - 2022-05-28 13:41:36 --> Invalid file: UI\home.php
#0 C:\xampp\htdocs\gigr\system\View\View.php(198): CodeIgniter\Exceptions\FrameworkException::forInvalidFile('UI\\home.php')
#1 C:\xampp\htdocs\gigr\system\Common.php(1089): CodeIgniter\View\View->render('UI\\home.php', Array, true)
#2 C:\xampp\htdocs\gigr\app\Controllers\Home.php(9): view('UI\\home.php')
#3 C:\xampp\htdocs\gigr\system\CodeIgniter.php(832): App\Controllers\Home->index()
#4 C:\xampp\htdocs\gigr\system\CodeIgniter.php(419): CodeIgniter\CodeIgniter->runController(Object(App\Controllers\Home))
#5 C:\xampp\htdocs\gigr\system\CodeIgniter.php(326): CodeIgniter\CodeIgniter->handleRequest(NULL, Object(Config\Cache), false)
#6 C:\xampp\htdocs\gigr\public\index.php(37): CodeIgniter\CodeIgniter->run()
#7 C:\xampp\htdocs\gigr\system\Commands\Server\rewrite.php(43): require_once('C:\\xampp\\htdocs...')
#8 {main}
CRITICAL - 2022-05-28 13:41:36 --> Invalid file: UI\home.php
#0 C:\xampp\htdocs\gigr\system\View\View.php(198): CodeIgniter\Exceptions\FrameworkException::forInvalidFile('UI\\home.php')
#1 C:\xampp\htdocs\gigr\system\Common.php(1089): CodeIgniter\View\View->render('UI\\home.php', Array, true)
#2 C:\xampp\htdocs\gigr\app\Controllers\Home.php(9): view('UI\\home.php')
#3 C:\xampp\htdocs\gigr\system\CodeIgniter.php(832): App\Controllers\Home->index()
#4 C:\xampp\htdocs\gigr\system\CodeIgniter.php(419): CodeIgniter\CodeIgniter->runController(Object(App\Controllers\Home))
#5 C:\xampp\htdocs\gigr\system\CodeIgniter.php(326): CodeIgniter\CodeIgniter->handleRequest(NULL, Object(Config\Cache), false)
#6 C:\xampp\htdocs\gigr\public\index.php(37): CodeIgniter\CodeIgniter->run()
#7 C:\xampp\htdocs\gigr\system\Commands\Server\rewrite.php(43): require_once('C:\\xampp\\htdocs...')
#8 {main}
CRITICAL - 2022-05-28 13:41:37 --> Invalid file: UI\home.php
#0 C:\xampp\htdocs\gigr\system\View\View.php(198): CodeIgniter\Exceptions\FrameworkException::forInvalidFile('UI\\home.php')
#1 C:\xampp\htdocs\gigr\system\Common.php(1089): CodeIgniter\View\View->render('UI\\home.php', Array, true)
#2 C:\xampp\htdocs\gigr\app\Controllers\Home.php(9): view('UI\\home.php')
#3 C:\xampp\htdocs\gigr\system\CodeIgniter.php(832): App\Controllers\Home->index()
#4 C:\xampp\htdocs\gigr\system\CodeIgniter.php(419): CodeIgniter\CodeIgniter->runController(Object(App\Controllers\Home))
#5 C:\xampp\htdocs\gigr\system\CodeIgniter.php(326): CodeIgniter\CodeIgniter->handleRequest(NULL, Object(Config\Cache), false)
#6 C:\xampp\htdocs\gigr\public\index.php(37): CodeIgniter\CodeIgniter->run()
#7 C:\xampp\htdocs\gigr\system\Commands\Server\rewrite.php(43): require_once('C:\\xampp\\htdocs...')
#8 {main}
CRITICAL - 2022-05-28 13:41:37 --> Invalid file: UI\home.php
#0 C:\xampp\htdocs\gigr\system\View\View.php(198): CodeIgniter\Exceptions\FrameworkException::forInvalidFile('UI\\home.php')
#1 C:\xampp\htdocs\gigr\system\Common.php(1089): CodeIgniter\View\View->render('UI\\home.php', Array, true)
#2 C:\xampp\htdocs\gigr\app\Controllers\Home.php(9): view('UI\\home.php')
#3 C:\xampp\htdocs\gigr\system\CodeIgniter.php(832): App\Controllers\Home->index()
#4 C:\xampp\htdocs\gigr\system\CodeIgniter.php(419): CodeIgniter\CodeIgniter->runController(Object(App\Controllers\Home))
#5 C:\xampp\htdocs\gigr\system\CodeIgniter.php(326): CodeIgniter\CodeIgniter->handleRequest(NULL, Object(Config\Cache), false)
#6 C:\xampp\htdocs\gigr\public\index.php(37): CodeIgniter\CodeIgniter->run()
#7 C:\xampp\htdocs\gigr\system\Commands\Server\rewrite.php(43): require_once('C:\\xampp\\htdocs...')
#8 {main}
CRITICAL - 2022-05-28 13:41:37 --> Invalid file: UI\home.php
#0 C:\xampp\htdocs\gigr\system\View\View.php(198): CodeIgniter\Exceptions\FrameworkException::forInvalidFile('UI\\home.php')
#1 C:\xampp\htdocs\gigr\system\Common.php(1089): CodeIgniter\View\View->render('UI\\home.php', Array, true)
#2 C:\xampp\htdocs\gigr\app\Controllers\Home.php(9): view('UI\\home.php')
#3 C:\xampp\htdocs\gigr\system\CodeIgniter.php(832): App\Controllers\Home->index()
#4 C:\xampp\htdocs\gigr\system\CodeIgniter.php(419): CodeIgniter\CodeIgniter->runController(Object(App\Controllers\Home))
#5 C:\xampp\htdocs\gigr\system\CodeIgniter.php(326): CodeIgniter\CodeIgniter->handleRequest(NULL, Object(Config\Cache), false)
#6 C:\xampp\htdocs\gigr\public\index.php(37): CodeIgniter\CodeIgniter->run()
#7 C:\xampp\htdocs\gigr\system\Commands\Server\rewrite.php(43): require_once('C:\\xampp\\htdocs...')
#8 {main}
CRITICAL - 2022-05-28 13:43:48 --> Invalid file: UI/home.php
#0 C:\xampp\htdocs\gigr\system\View\View.php(198): CodeIgniter\Exceptions\FrameworkException::forInvalidFile('UI/home.php')
#1 C:\xampp\htdocs\gigr\system\Common.php(1089): CodeIgniter\View\View->render('UI/home.php', Array, true)
#2 C:\xampp\htdocs\gigr\app\Controllers\Home.php(9): view('UI/home.php')
#3 C:\xampp\htdocs\gigr\system\CodeIgniter.php(832): App\Controllers\Home->index()
#4 C:\xampp\htdocs\gigr\system\CodeIgniter.php(419): CodeIgniter\CodeIgniter->runController(Object(App\Controllers\Home))
#5 C:\xampp\htdocs\gigr\system\CodeIgniter.php(326): CodeIgniter\CodeIgniter->handleRequest(NULL, Object(Config\Cache), false)
#6 C:\xampp\htdocs\gigr\public\index.php(37): CodeIgniter\CodeIgniter->run()
#7 C:\xampp\htdocs\gigr\system\Commands\Server\rewrite.php(43): require_once('C:\\xampp\\htdocs...')
#8 {main}
CRITICAL - 2022-05-28 13:43:49 --> Invalid file: UI/home.php
#0 C:\xampp\htdocs\gigr\system\View\View.php(198): CodeIgniter\Exceptions\FrameworkException::forInvalidFile('UI/home.php')
#1 C:\xampp\htdocs\gigr\system\Common.php(1089): CodeIgniter\View\View->render('UI/home.php', Array, true)
#2 C:\xampp\htdocs\gigr\app\Controllers\Home.php(9): view('UI/home.php')
#3 C:\xampp\htdocs\gigr\system\CodeIgniter.php(832): App\Controllers\Home->index()
#4 C:\xampp\htdocs\gigr\system\CodeIgniter.php(419): CodeIgniter\CodeIgniter->runController(Object(App\Controllers\Home))
#5 C:\xampp\htdocs\gigr\system\CodeIgniter.php(326): CodeIgniter\CodeIgniter->handleRequest(NULL, Object(Config\Cache), false)
#6 C:\xampp\htdocs\gigr\public\index.php(37): CodeIgniter\CodeIgniter->run()
#7 C:\xampp\htdocs\gigr\system\Commands\Server\rewrite.php(43): require_once('C:\\xampp\\htdocs...')
#8 {main}
CRITICAL - 2022-05-28 13:43:50 --> Invalid file: UI/home.php
#0 C:\xampp\htdocs\gigr\system\View\View.php(198): CodeIgniter\Exceptions\FrameworkException::forInvalidFile('UI/home.php')
#1 C:\xampp\htdocs\gigr\system\Common.php(1089): CodeIgniter\View\View->render('UI/home.php', Array, true)
#2 C:\xampp\htdocs\gigr\app\Controllers\Home.php(9): view('UI/home.php')
#3 C:\xampp\htdocs\gigr\system\CodeIgniter.php(832): App\Controllers\Home->index()
#4 C:\xampp\htdocs\gigr\system\CodeIgniter.php(419): CodeIgniter\CodeIgniter->runController(Object(App\Controllers\Home))
#5 C:\xampp\htdocs\gigr\system\CodeIgniter.php(326): CodeIgniter\CodeIgniter->handleRequest(NULL, Object(Config\Cache), false)
#6 C:\xampp\htdocs\gigr\public\index.php(37): CodeIgniter\CodeIgniter->run()
#7 C:\xampp\htdocs\gigr\system\Commands\Server\rewrite.php(43): require_once('C:\\xampp\\htdocs...')
#8 {main}
CRITICAL - 2022-05-28 13:43:50 --> Invalid file: UI/home.php
#0 C:\xampp\htdocs\gigr\system\View\View.php(198): CodeIgniter\Exceptions\FrameworkException::forInvalidFile('UI/home.php')
#1 C:\xampp\htdocs\gigr\system\Common.php(1089): CodeIgniter\View\View->render('UI/home.php', Array, true)
#2 C:\xampp\htdocs\gigr\app\Controllers\Home.php(9): view('UI/home.php')
#3 C:\xampp\htdocs\gigr\system\CodeIgniter.php(832): App\Controllers\Home->index()
#4 C:\xampp\htdocs\gigr\system\CodeIgniter.php(419): CodeIgniter\CodeIgniter->runController(Object(App\Controllers\Home))
#5 C:\xampp\htdocs\gigr\system\CodeIgniter.php(326): CodeIgniter\CodeIgniter->handleRequest(NULL, Object(Config\Cache), false)
#6 C:\xampp\htdocs\gigr\public\index.php(37): CodeIgniter\CodeIgniter->run()
#7 C:\xampp\htdocs\gigr\system\Commands\Server\rewrite.php(43): require_once('C:\\xampp\\htdocs...')
#8 {main}
CRITICAL - 2022-05-28 13:43:50 --> Invalid file: UI/home.php
#0 C:\xampp\htdocs\gigr\system\View\View.php(198): CodeIgniter\Exceptions\FrameworkException::forInvalidFile('UI/home.php')
#1 C:\xampp\htdocs\gigr\system\Common.php(1089): CodeIgniter\View\View->render('UI/home.php', Array, true)
#2 C:\xampp\htdocs\gigr\app\Controllers\Home.php(9): view('UI/home.php')
#3 C:\xampp\htdocs\gigr\system\CodeIgniter.php(832): App\Controllers\Home->index()
#4 C:\xampp\htdocs\gigr\system\CodeIgniter.php(419): CodeIgniter\CodeIgniter->runController(Object(App\Controllers\Home))
#5 C:\xampp\htdocs\gigr\system\CodeIgniter.php(326): CodeIgniter\CodeIgniter->handleRequest(NULL, Object(Config\Cache), false)
#6 C:\xampp\htdocs\gigr\public\index.php(37): CodeIgniter\CodeIgniter->run()
#7 C:\xampp\htdocs\gigr\system\Commands\Server\rewrite.php(43): require_once('C:\\xampp\\htdocs...')
#8 {main}
CRITICAL - 2022-05-28 13:46:53 --> include(components/navbar.php): failed to open stream: No such file or directory
#0 C:\xampp\htdocs\gigr\app\Views\UI\home.php(12): CodeIgniter\Debug\Exceptions->errorHandler(2, 'include(compone...', 'C:\\xampp\\htdocs...', 12, Array)
#1 C:\xampp\htdocs\gigr\app\Views\UI\home.php(12): include()
#2 C:\xampp\htdocs\gigr\system\View\View.php(210): include('C:\\xampp\\htdocs...')
#3 C:\xampp\htdocs\gigr\system\View\View.php(213): CodeIgniter\View\View->CodeIgniter\View\{closure}()
#4 C:\xampp\htdocs\gigr\system\Common.php(1089): CodeIgniter\View\View->render('UI/home.php', Array, true)
#5 C:\xampp\htdocs\gigr\app\Controllers\Home.php(9): view('UI/home.php')
#6 C:\xampp\htdocs\gigr\system\CodeIgniter.php(832): App\Controllers\Home->index()
#7 C:\xampp\htdocs\gigr\system\CodeIgniter.php(419): CodeIgniter\CodeIgniter->runController(Object(App\Controllers\Home))
#8 C:\xampp\htdocs\gigr\system\CodeIgniter.php(326): CodeIgniter\CodeIgniter->handleRequest(NULL, Object(Config\Cache), false)
#9 C:\xampp\htdocs\gigr\public\index.php(37): CodeIgniter\CodeIgniter->run()
#10 C:\xampp\htdocs\gigr\system\Commands\Server\rewrite.php(43): require_once('C:\\xampp\\htdocs...')
#11 {main}
CRITICAL - 2022-05-28 13:46:54 --> include(components/navbar.php): failed to open stream: No such file or directory
#0 C:\xampp\htdocs\gigr\app\Views\UI\home.php(12): CodeIgniter\Debug\Exceptions->errorHandler(2, 'include(compone...', 'C:\\xampp\\htdocs...', 12, Array)
#1 C:\xampp\htdocs\gigr\app\Views\UI\home.php(12): include()
#2 C:\xampp\htdocs\gigr\system\View\View.php(210): include('C:\\xampp\\htdocs...')
#3 C:\xampp\htdocs\gigr\system\View\View.php(213): CodeIgniter\View\View->CodeIgniter\View\{closure}()
#4 C:\xampp\htdocs\gigr\system\Common.php(1089): CodeIgniter\View\View->render('UI/home.php', Array, true)
#5 C:\xampp\htdocs\gigr\app\Controllers\Home.php(9): view('UI/home.php')
#6 C:\xampp\htdocs\gigr\system\CodeIgniter.php(832): App\Controllers\Home->index()
#7 C:\xampp\htdocs\gigr\system\CodeIgniter.php(419): CodeIgniter\CodeIgniter->runController(Object(App\Controllers\Home))
#8 C:\xampp\htdocs\gigr\system\CodeIgniter.php(326): CodeIgniter\CodeIgniter->handleRequest(NULL, Object(Config\Cache), false)
#9 C:\xampp\htdocs\gigr\public\index.php(37): CodeIgniter\CodeIgniter->run()
#10 C:\xampp\htdocs\gigr\system\Commands\Server\rewrite.php(43): require_once('C:\\xampp\\htdocs...')
#11 {main}
CRITICAL - 2022-05-28 13:46:54 --> include(components/navbar.php): failed to open stream: No such file or directory
#0 C:\xampp\htdocs\gigr\app\Views\UI\home.php(12): CodeIgniter\Debug\Exceptions->errorHandler(2, 'include(compone...', 'C:\\xampp\\htdocs...', 12, Array)
#1 C:\xampp\htdocs\gigr\app\Views\UI\home.php(12): include()
#2 C:\xampp\htdocs\gigr\system\View\View.php(210): include('C:\\xampp\\htdocs...')
#3 C:\xampp\htdocs\gigr\system\View\View.php(213): CodeIgniter\View\View->CodeIgniter\View\{closure}()
#4 C:\xampp\htdocs\gigr\system\Common.php(1089): CodeIgniter\View\View->render('UI/home.php', Array, true)
#5 C:\xampp\htdocs\gigr\app\Controllers\Home.php(9): view('UI/home.php')
#6 C:\xampp\htdocs\gigr\system\CodeIgniter.php(832): App\Controllers\Home->index()
#7 C:\xampp\htdocs\gigr\system\CodeIgniter.php(419): CodeIgniter\CodeIgniter->runController(Object(App\Controllers\Home))
#8 C:\xampp\htdocs\gigr\system\CodeIgniter.php(326): CodeIgniter\CodeIgniter->handleRequest(NULL, Object(Config\Cache), false)
#9 C:\xampp\htdocs\gigr\public\index.php(37): CodeIgniter\CodeIgniter->run()
#10 C:\xampp\htdocs\gigr\system\Commands\Server\rewrite.php(43): require_once('C:\\xampp\\htdocs...')
#11 {main}
CRITICAL - 2022-05-28 13:46:54 --> include(components/navbar.php): failed to open stream: No such file or directory
#0 C:\xampp\htdocs\gigr\app\Views\UI\home.php(12): CodeIgniter\Debug\Exceptions->errorHandler(2, 'include(compone...', 'C:\\xampp\\htdocs...', 12, Array)
#1 C:\xampp\htdocs\gigr\app\Views\UI\home.php(12): include()
#2 C:\xampp\htdocs\gigr\system\View\View.php(210): include('C:\\xampp\\htdocs...')
#3 C:\xampp\htdocs\gigr\system\View\View.php(213): CodeIgniter\View\View->CodeIgniter\View\{closure}()
#4 C:\xampp\htdocs\gigr\system\Common.php(1089): CodeIgniter\View\View->render('UI/home.php', Array, true)
#5 C:\xampp\htdocs\gigr\app\Controllers\Home.php(9): view('UI/home.php')
#6 C:\xampp\htdocs\gigr\system\CodeIgniter.php(832): App\Controllers\Home->index()
#7 C:\xampp\htdocs\gigr\system\CodeIgniter.php(419): CodeIgniter\CodeIgniter->runController(Object(App\Controllers\Home))
#8 C:\xampp\htdocs\gigr\system\CodeIgniter.php(326): CodeIgniter\CodeIgniter->handleRequest(NULL, Object(Config\Cache), false)
#9 C:\xampp\htdocs\gigr\public\index.php(37): CodeIgniter\CodeIgniter->run()
#10 C:\xampp\htdocs\gigr\system\Commands\Server\rewrite.php(43): require_once('C:\\xampp\\htdocs...')
#11 {main}
CRITICAL - 2022-05-28 13:46:55 --> include(components/navbar.php): failed to open stream: No such file or directory
#0 C:\xampp\htdocs\gigr\app\Views\UI\home.php(12): CodeIgniter\Debug\Exceptions->errorHandler(2, 'include(compone...', 'C:\\xampp\\htdocs...', 12, Array)
#1 C:\xampp\htdocs\gigr\app\Views\UI\home.php(12): include()
#2 C:\xampp\htdocs\gigr\system\View\View.php(210): include('C:\\xampp\\htdocs...')
#3 C:\xampp\htdocs\gigr\system\View\View.php(213): CodeIgniter\View\View->CodeIgniter\View\{closure}()
#4 C:\xampp\htdocs\gigr\system\Common.php(1089): CodeIgniter\View\View->render('UI/home.php', Array, true)
#5 C:\xampp\htdocs\gigr\app\Controllers\Home.php(9): view('UI/home.php')
#6 C:\xampp\htdocs\gigr\system\CodeIgniter.php(832): App\Controllers\Home->index()
#7 C:\xampp\htdocs\gigr\system\CodeIgniter.php(419): CodeIgniter\CodeIgniter->runController(Object(App\Controllers\Home))
#8 C:\xampp\htdocs\gigr\system\CodeIgniter.php(326): CodeIgniter\CodeIgniter->handleRequest(NULL, Object(Config\Cache), false)
#9 C:\xampp\htdocs\gigr\public\index.php(37): CodeIgniter\CodeIgniter->run()
#10 C:\xampp\htdocs\gigr\system\Commands\Server\rewrite.php(43): require_once('C:\\xampp\\htdocs...')
#11 {main}
CRITICAL - 2022-05-28 13:46:55 --> include(components/navbar.php): failed to open stream: No such file or directory
#0 C:\xampp\htdocs\gigr\app\Views\UI\home.php(12): CodeIgniter\Debug\Exceptions->errorHandler(2, 'include(compone...', 'C:\\xampp\\htdocs...', 12, Array)
#1 C:\xampp\htdocs\gigr\app\Views\UI\home.php(12): include()
#2 C:\xampp\htdocs\gigr\system\View\View.php(210): include('C:\\xampp\\htdocs...')
#3 C:\xampp\htdocs\gigr\system\View\View.php(213): CodeIgniter\View\View->CodeIgniter\View\{closure}()
#4 C:\xampp\htdocs\gigr\system\Common.php(1089): CodeIgniter\View\View->render('UI/home.php', Array, true)
#5 C:\xampp\htdocs\gigr\app\Controllers\Home.php(9): view('UI/home.php')
#6 C:\xampp\htdocs\gigr\system\CodeIgniter.php(832): App\Controllers\Home->index()
#7 C:\xampp\htdocs\gigr\system\CodeIgniter.php(419): CodeIgniter\CodeIgniter->runController(Object(App\Controllers\Home))
#8 C:\xampp\htdocs\gigr\system\CodeIgniter.php(326): CodeIgniter\CodeIgniter->handleRequest(NULL, Object(Config\Cache), false)
#9 C:\xampp\htdocs\gigr\public\index.php(37): CodeIgniter\CodeIgniter->run()
#10 C:\xampp\htdocs\gigr\system\Commands\Server\rewrite.php(43): require_once('C:\\xampp\\htdocs...')
#11 {main}
CRITICAL - 2022-05-28 13:47:44 --> include(./components/navbar.php): failed to open stream: No such file or directory
#0 C:\xampp\htdocs\gigr\app\Views\UI\home.php(12): CodeIgniter\Debug\Exceptions->errorHandler(2, 'include(./compo...', 'C:\\xampp\\htdocs...', 12, Array)
#1 C:\xampp\htdocs\gigr\app\Views\UI\home.php(12): include()
#2 C:\xampp\htdocs\gigr\system\View\View.php(210): include('C:\\xampp\\htdocs...')
#3 C:\xampp\htdocs\gigr\system\View\View.php(213): CodeIgniter\View\View->CodeIgniter\View\{closure}()
#4 C:\xampp\htdocs\gigr\system\Common.php(1089): CodeIgniter\View\View->render('UI/home.php', Array, true)
#5 C:\xampp\htdocs\gigr\app\Controllers\Home.php(9): view('UI/home.php')
#6 C:\xampp\htdocs\gigr\system\CodeIgniter.php(832): App\Controllers\Home->index()
#7 C:\xampp\htdocs\gigr\system\CodeIgniter.php(419): CodeIgniter\CodeIgniter->runController(Object(App\Controllers\Home))
#8 C:\xampp\htdocs\gigr\system\CodeIgniter.php(326): CodeIgniter\CodeIgniter->handleRequest(NULL, Object(Config\Cache), false)
#9 C:\xampp\htdocs\gigr\public\index.php(37): CodeIgniter\CodeIgniter->run()
#10 C:\xampp\htdocs\gigr\system\Commands\Server\rewrite.php(43): require_once('C:\\xampp\\htdocs...')
#11 {main}
CRITICAL - 2022-05-28 13:47:45 --> include(./components/navbar.php): failed to open stream: No such file or directory
#0 C:\xampp\htdocs\gigr\app\Views\UI\home.php(12): CodeIgniter\Debug\Exceptions->errorHandler(2, 'include(./compo...', 'C:\\xampp\\htdocs...', 12, Array)
#1 C:\xampp\htdocs\gigr\app\Views\UI\home.php(12): include()
#2 C:\xampp\htdocs\gigr\system\View\View.php(210): include('C:\\xampp\\htdocs...')
#3 C:\xampp\htdocs\gigr\system\View\View.php(213): CodeIgniter\View\View->CodeIgniter\View\{closure}()
#4 C:\xampp\htdocs\gigr\system\Common.php(1089): CodeIgniter\View\View->render('UI/home.php', Array, true)
#5 C:\xampp\htdocs\gigr\app\Controllers\Home.php(9): view('UI/home.php')
#6 C:\xampp\htdocs\gigr\system\CodeIgniter.php(832): App\Controllers\Home->index()
#7 C:\xampp\htdocs\gigr\system\CodeIgniter.php(419): CodeIgniter\CodeIgniter->runController(Object(App\Controllers\Home))
#8 C:\xampp\htdocs\gigr\system\CodeIgniter.php(326): CodeIgniter\CodeIgniter->handleRequest(NULL, Object(Config\Cache), false)
#9 C:\xampp\htdocs\gigr\public\index.php(37): CodeIgniter\CodeIgniter->run()
#10 C:\xampp\htdocs\gigr\system\Commands\Server\rewrite.php(43): require_once('C:\\xampp\\htdocs...')
#11 {main}
CRITICAL - 2022-05-28 13:47:45 --> include(./components/navbar.php): failed to open stream: No such file or directory
#0 C:\xampp\htdocs\gigr\app\Views\UI\home.php(12): CodeIgniter\Debug\Exceptions->errorHandler(2, 'include(./compo...', 'C:\\xampp\\htdocs...', 12, Array)
#1 C:\xampp\htdocs\gigr\app\Views\UI\home.php(12): include()
#2 C:\xampp\htdocs\gigr\system\View\View.php(210): include('C:\\xampp\\htdocs...')
#3 C:\xampp\htdocs\gigr\system\View\View.php(213): CodeIgniter\View\View->CodeIgniter\View\{closure}()
#4 C:\xampp\htdocs\gigr\system\Common.php(1089): CodeIgniter\View\View->render('UI/home.php', Array, true)
#5 C:\xampp\htdocs\gigr\app\Controllers\Home.php(9): view('UI/home.php')
#6 C:\xampp\htdocs\gigr\system\CodeIgniter.php(832): App\Controllers\Home->index()
#7 C:\xampp\htdocs\gigr\system\CodeIgniter.php(419): CodeIgniter\CodeIgniter->runController(Object(App\Controllers\Home))
#8 C:\xampp\htdocs\gigr\system\CodeIgniter.php(326): CodeIgniter\CodeIgniter->handleRequest(NULL, Object(Config\Cache), false)
#9 C:\xampp\htdocs\gigr\public\index.php(37): CodeIgniter\CodeIgniter->run()
#10 C:\xampp\htdocs\gigr\system\Commands\Server\rewrite.php(43): require_once('C:\\xampp\\htdocs...')
#11 {main}
CRITICAL - 2022-05-28 13:47:45 --> include(./components/navbar.php): failed to open stream: No such file or directory
#0 C:\xampp\htdocs\gigr\app\Views\UI\home.php(12): CodeIgniter\Debug\Exceptions->errorHandler(2, 'include(./compo...', 'C:\\xampp\\htdocs...', 12, Array)
#1 C:\xampp\htdocs\gigr\app\Views\UI\home.php(12): include()
#2 C:\xampp\htdocs\gigr\system\View\View.php(210): include('C:\\xampp\\htdocs...')
#3 C:\xampp\htdocs\gigr\system\View\View.php(213): CodeIgniter\View\View->CodeIgniter\View\{closure}()
#4 C:\xampp\htdocs\gigr\system\Common.php(1089): CodeIgniter\View\View->render('UI/home.php', Array, true)
#5 C:\xampp\htdocs\gigr\app\Controllers\Home.php(9): view('UI/home.php')
#6 C:\xampp\htdocs\gigr\system\CodeIgniter.php(832): App\Controllers\Home->index()
#7 C:\xampp\htdocs\gigr\system\CodeIgniter.php(419): CodeIgniter\CodeIgniter->runController(Object(App\Controllers\Home))
#8 C:\xampp\htdocs\gigr\system\CodeIgniter.php(326): CodeIgniter\CodeIgniter->handleRequest(NULL, Object(Config\Cache), false)
#9 C:\xampp\htdocs\gigr\public\index.php(37): CodeIgniter\CodeIgniter->run()
#10 C:\xampp\htdocs\gigr\system\Commands\Server\rewrite.php(43): require_once('C:\\xampp\\htdocs...')
#11 {main}
CRITICAL - 2022-05-28 13:47:45 --> include(./components/navbar.php): failed to open stream: No such file or directory
#0 C:\xampp\htdocs\gigr\app\Views\UI\home.php(12): CodeIgniter\Debug\Exceptions->errorHandler(2, 'include(./compo...', 'C:\\xampp\\htdocs...', 12, Array)
#1 C:\xampp\htdocs\gigr\app\Views\UI\home.php(12): include()
#2 C:\xampp\htdocs\gigr\system\View\View.php(210): include('C:\\xampp\\htdocs...')
#3 C:\xampp\htdocs\gigr\system\View\View.php(213): CodeIgniter\View\View->CodeIgniter\View\{closure}()
#4 C:\xampp\htdocs\gigr\system\Common.php(1089): CodeIgniter\View\View->render('UI/home.php', Array, true)
#5 C:\xampp\htdocs\gigr\app\Controllers\Home.php(9): view('UI/home.php')
#6 C:\xampp\htdocs\gigr\system\CodeIgniter.php(832): App\Controllers\Home->index()
#7 C:\xampp\htdocs\gigr\system\CodeIgniter.php(419): CodeIgniter\CodeIgniter->runController(Object(App\Controllers\Home))
#8 C:\xampp\htdocs\gigr\system\CodeIgniter.php(326): CodeIgniter\CodeIgniter->handleRequest(NULL, Object(Config\Cache), false)
#9 C:\xampp\htdocs\gigr\public\index.php(37): CodeIgniter\CodeIgniter->run()
#10 C:\xampp\htdocs\gigr\system\Commands\Server\rewrite.php(43): require_once('C:\\xampp\\htdocs...')
#11 {main}
CRITICAL - 2022-05-28 13:47:52 --> include(/components/navbar.php): failed to open stream: No such file or directory
#0 C:\xampp\htdocs\gigr\app\Views\UI\home.php(12): CodeIgniter\Debug\Exceptions->errorHandler(2, 'include(/compon...', 'C:\\xampp\\htdocs...', 12, Array)
#1 C:\xampp\htdocs\gigr\app\Views\UI\home.php(12): include()
#2 C:\xampp\htdocs\gigr\system\View\View.php(210): include('C:\\xampp\\htdocs...')
#3 C:\xampp\htdocs\gigr\system\View\View.php(213): CodeIgniter\View\View->CodeIgniter\View\{closure}()
#4 C:\xampp\htdocs\gigr\system\Common.php(1089): CodeIgniter\View\View->render('UI/home.php', Array, true)
#5 C:\xampp\htdocs\gigr\app\Controllers\Home.php(9): view('UI/home.php')
#6 C:\xampp\htdocs\gigr\system\CodeIgniter.php(832): App\Controllers\Home->index()
#7 C:\xampp\htdocs\gigr\system\CodeIgniter.php(419): CodeIgniter\CodeIgniter->runController(Object(App\Controllers\Home))
#8 C:\xampp\htdocs\gigr\system\CodeIgniter.php(326): CodeIgniter\CodeIgniter->handleRequest(NULL, Object(Config\Cache), false)
#9 C:\xampp\htdocs\gigr\public\index.php(37): CodeIgniter\CodeIgniter->run()
#10 C:\xampp\htdocs\gigr\system\Commands\Server\rewrite.php(43): require_once('C:\\xampp\\htdocs...')
#11 {main}
CRITICAL - 2022-05-28 13:47:52 --> include(/components/navbar.php): failed to open stream: No such file or directory
#0 C:\xampp\htdocs\gigr\app\Views\UI\home.php(12): CodeIgniter\Debug\Exceptions->errorHandler(2, 'include(/compon...', 'C:\\xampp\\htdocs...', 12, Array)
#1 C:\xampp\htdocs\gigr\app\Views\UI\home.php(12): include()
#2 C:\xampp\htdocs\gigr\system\View\View.php(210): include('C:\\xampp\\htdocs...')
#3 C:\xampp\htdocs\gigr\system\View\View.php(213): CodeIgniter\View\View->CodeIgniter\View\{closure}()
#4 C:\xampp\htdocs\gigr\system\Common.php(1089): CodeIgniter\View\View->render('UI/home.php', Array, true)
#5 C:\xampp\htdocs\gigr\app\Controllers\Home.php(9): view('UI/home.php')
#6 C:\xampp\htdocs\gigr\system\CodeIgniter.php(832): App\Controllers\Home->index()
#7 C:\xampp\htdocs\gigr\system\CodeIgniter.php(419): CodeIgniter\CodeIgniter->runController(Object(App\Controllers\Home))
#8 C:\xampp\htdocs\gigr\system\CodeIgniter.php(326): CodeIgniter\CodeIgniter->handleRequest(NULL, Object(Config\Cache), false)
#9 C:\xampp\htdocs\gigr\public\index.php(37): CodeIgniter\CodeIgniter->run()
#10 C:\xampp\htdocs\gigr\system\Commands\Server\rewrite.php(43): require_once('C:\\xampp\\htdocs...')
#11 {main}
CRITICAL - 2022-05-28 13:47:52 --> include(/components/navbar.php): failed to open stream: No such file or directory
#0 C:\xampp\htdocs\gigr\app\Views\UI\home.php(12): CodeIgniter\Debug\Exceptions->errorHandler(2, 'include(/compon...', 'C:\\xampp\\htdocs...', 12, Array)
#1 C:\xampp\htdocs\gigr\app\Views\UI\home.php(12): include()
#2 C:\xampp\htdocs\gigr\system\View\View.php(210): include('C:\\xampp\\htdocs...')
#3 C:\xampp\htdocs\gigr\system\View\View.php(213): CodeIgniter\View\View->CodeIgniter\View\{closure}()
#4 C:\xampp\htdocs\gigr\system\Common.php(1089): CodeIgniter\View\View->render('UI/home.php', Array, true)
#5 C:\xampp\htdocs\gigr\app\Controllers\Home.php(9): view('UI/home.php')
#6 C:\xampp\htdocs\gigr\system\CodeIgniter.php(832): App\Controllers\Home->index()
#7 C:\xampp\htdocs\gigr\system\CodeIgniter.php(419): CodeIgniter\CodeIgniter->runController(Object(App\Controllers\Home))
#8 C:\xampp\htdocs\gigr\system\CodeIgniter.php(326): CodeIgniter\CodeIgniter->handleRequest(NULL, Object(Config\Cache), false)
#9 C:\xampp\htdocs\gigr\public\index.php(37): CodeIgniter\CodeIgniter->run()
#10 C:\xampp\htdocs\gigr\system\Commands\Server\rewrite.php(43): require_once('C:\\xampp\\htdocs...')
#11 {main}
CRITICAL - 2022-05-28 13:47:53 --> include(/components/navbar.php): failed to open stream: No such file or directory
#0 C:\xampp\htdocs\gigr\app\Views\UI\home.php(12): CodeIgniter\Debug\Exceptions->errorHandler(2, 'include(/compon...', 'C:\\xampp\\htdocs...', 12, Array)
#1 C:\xampp\htdocs\gigr\app\Views\UI\home.php(12): include()
#2 C:\xampp\htdocs\gigr\system\View\View.php(210): include('C:\\xampp\\htdocs...')
#3 C:\xampp\htdocs\gigr\system\View\View.php(213): CodeIgniter\View\View->CodeIgniter\View\{closure}()
#4 C:\xampp\htdocs\gigr\system\Common.php(1089): CodeIgniter\View\View->render('UI/home.php', Array, true)
#5 C:\xampp\htdocs\gigr\app\Controllers\Home.php(9): view('UI/home.php')
#6 C:\xampp\htdocs\gigr\system\CodeIgniter.php(832): App\Controllers\Home->index()
#7 C:\xampp\htdocs\gigr\system\CodeIgniter.php(419): CodeIgniter\CodeIgniter->runController(Object(App\Controllers\Home))
#8 C:\xampp\htdocs\gigr\system\CodeIgniter.php(326): CodeIgniter\CodeIgniter->handleRequest(NULL, Object(Config\Cache), false)
#9 C:\xampp\htdocs\gigr\public\index.php(37): CodeIgniter\CodeIgniter->run()
#10 C:\xampp\htdocs\gigr\system\Commands\Server\rewrite.php(43): require_once('C:\\xampp\\htdocs...')
#11 {main}
CRITICAL - 2022-05-28 13:47:53 --> include(/components/navbar.php): failed to open stream: No such file or directory
#0 C:\xampp\htdocs\gigr\app\Views\UI\home.php(12): CodeIgniter\Debug\Exceptions->errorHandler(2, 'include(/compon...', 'C:\\xampp\\htdocs...', 12, Array)
#1 C:\xampp\htdocs\gigr\app\Views\UI\home.php(12): include()
#2 C:\xampp\htdocs\gigr\system\View\View.php(210): include('C:\\xampp\\htdocs...')
#3 C:\xampp\htdocs\gigr\system\View\View.php(213): CodeIgniter\View\View->CodeIgniter\View\{closure}()
#4 C:\xampp\htdocs\gigr\system\Common.php(1089): CodeIgniter\View\View->render('UI/home.php', Array, true)
#5 C:\xampp\htdocs\gigr\app\Controllers\Home.php(9): view('UI/home.php')
#6 C:\xampp\htdocs\gigr\system\CodeIgniter.php(832): App\Controllers\Home->index()
#7 C:\xampp\htdocs\gigr\system\CodeIgniter.php(419): CodeIgniter\CodeIgniter->runController(Object(App\Controllers\Home))
#8 C:\xampp\htdocs\gigr\system\CodeIgniter.php(326): CodeIgniter\CodeIgniter->handleRequest(NULL, Object(Config\Cache), false)
#9 C:\xampp\htdocs\gigr\public\index.php(37): CodeIgniter\CodeIgniter->run()
#10 C:\xampp\htdocs\gigr\system\Commands\Server\rewrite.php(43): require_once('C:\\xampp\\htdocs...')
#11 {main}
CRITICAL - 2022-05-28 13:47:53 --> include(/components/navbar.php): failed to open stream: No such file or directory
#0 C:\xampp\htdocs\gigr\app\Views\UI\home.php(12): CodeIgniter\Debug\Exceptions->errorHandler(2, 'include(/compon...', 'C:\\xampp\\htdocs...', 12, Array)
#1 C:\xampp\htdocs\gigr\app\Views\UI\home.php(12): include()
#2 C:\xampp\htdocs\gigr\system\View\View.php(210): include('C:\\xampp\\htdocs...')
#3 C:\xampp\htdocs\gigr\system\View\View.php(213): CodeIgniter\View\View->CodeIgniter\View\{closure}()
#4 C:\xampp\htdocs\gigr\system\Common.php(1089): CodeIgniter\View\View->render('UI/home.php', Array, true)
#5 C:\xampp\htdocs\gigr\app\Controllers\Home.php(9): view('UI/home.php')
#6 C:\xampp\htdocs\gigr\system\CodeIgniter.php(832): App\Controllers\Home->index()
#7 C:\xampp\htdocs\gigr\system\CodeIgniter.php(419): CodeIgniter\CodeIgniter->runController(Object(App\Controllers\Home))
#8 C:\xampp\htdocs\gigr\system\CodeIgniter.php(326): CodeIgniter\CodeIgniter->handleRequest(NULL, Object(Config\Cache), false)
#9 C:\xampp\htdocs\gigr\public\index.php(37): CodeIgniter\CodeIgniter->run()
#10 C:\xampp\htdocs\gigr\system\Commands\Server\rewrite.php(43): require_once('C:\\xampp\\htdocs...')
#11 {main}
CRITICAL - 2022-05-28 13:48:14 --> include(../components/navbar.php): failed to open stream: No such file or directory
#0 C:\xampp\htdocs\gigr\app\Views\UI\home.php(12): CodeIgniter\Debug\Exceptions->errorHandler(2, 'include(../comp...', 'C:\\xampp\\htdocs...', 12, Array)
#1 C:\xampp\htdocs\gigr\app\Views\UI\home.php(12): include()
#2 C:\xampp\htdocs\gigr\system\View\View.php(210): include('C:\\xampp\\htdocs...')
#3 C:\xampp\htdocs\gigr\system\View\View.php(213): CodeIgniter\View\View->CodeIgniter\View\{closure}()
#4 C:\xampp\htdocs\gigr\system\Common.php(1089): CodeIgniter\View\View->render('UI/home.php', Array, true)
#5 C:\xampp\htdocs\gigr\app\Controllers\Home.php(9): view('UI/home.php')
#6 C:\xampp\htdocs\gigr\system\CodeIgniter.php(832): App\Controllers\Home->index()
#7 C:\xampp\htdocs\gigr\system\CodeIgniter.php(419): CodeIgniter\CodeIgniter->runController(Object(App\Controllers\Home))
#8 C:\xampp\htdocs\gigr\system\CodeIgniter.php(326): CodeIgniter\CodeIgniter->handleRequest(NULL, Object(Config\Cache), false)
#9 C:\xampp\htdocs\gigr\public\index.php(37): CodeIgniter\CodeIgniter->run()
#10 C:\xampp\htdocs\gigr\system\Commands\Server\rewrite.php(43): require_once('C:\\xampp\\htdocs...')
#11 {main}
CRITICAL - 2022-05-28 13:48:15 --> include(../components/navbar.php): failed to open stream: No such file or directory
#0 C:\xampp\htdocs\gigr\app\Views\UI\home.php(12): CodeIgniter\Debug\Exceptions->errorHandler(2, 'include(../comp...', 'C:\\xampp\\htdocs...', 12, Array)
#1 C:\xampp\htdocs\gigr\app\Views\UI\home.php(12): include()
#2 C:\xampp\htdocs\gigr\system\View\View.php(210): include('C:\\xampp\\htdocs...')
#3 C:\xampp\htdocs\gigr\system\View\View.php(213): CodeIgniter\View\View->CodeIgniter\View\{closure}()
#4 C:\xampp\htdocs\gigr\system\Common.php(1089): CodeIgniter\View\View->render('UI/home.php', Array, true)
#5 C:\xampp\htdocs\gigr\app\Controllers\Home.php(9): view('UI/home.php')
#6 C:\xampp\htdocs\gigr\system\CodeIgniter.php(832): App\Controllers\Home->index()
#7 C:\xampp\htdocs\gigr\system\CodeIgniter.php(419): CodeIgniter\CodeIgniter->runController(Object(App\Controllers\Home))
#8 C:\xampp\htdocs\gigr\system\CodeIgniter.php(326): CodeIgniter\CodeIgniter->handleRequest(NULL, Object(Config\Cache), false)
#9 C:\xampp\htdocs\gigr\public\index.php(37): CodeIgniter\CodeIgniter->run()
#10 C:\xampp\htdocs\gigr\system\Commands\Server\rewrite.php(43): require_once('C:\\xampp\\htdocs...')
#11 {main}
CRITICAL - 2022-05-28 13:48:15 --> include(../components/navbar.php): failed to open stream: No such file or directory
#0 C:\xampp\htdocs\gigr\app\Views\UI\home.php(12): CodeIgniter\Debug\Exceptions->errorHandler(2, 'include(../comp...', 'C:\\xampp\\htdocs...', 12, Array)
#1 C:\xampp\htdocs\gigr\app\Views\UI\home.php(12): include()
#2 C:\xampp\htdocs\gigr\system\View\View.php(210): include('C:\\xampp\\htdocs...')
#3 C:\xampp\htdocs\gigr\system\View\View.php(213): CodeIgniter\View\View->CodeIgniter\View\{closure}()
#4 C:\xampp\htdocs\gigr\system\Common.php(1089): CodeIgniter\View\View->render('UI/home.php', Array, true)
#5 C:\xampp\htdocs\gigr\app\Controllers\Home.php(9): view('UI/home.php')
#6 C:\xampp\htdocs\gigr\system\CodeIgniter.php(832): App\Controllers\Home->index()
#7 C:\xampp\htdocs\gigr\system\CodeIgniter.php(419): CodeIgniter\CodeIgniter->runController(Object(App\Controllers\Home))
#8 C:\xampp\htdocs\gigr\system\CodeIgniter.php(326): CodeIgniter\CodeIgniter->handleRequest(NULL, Object(Config\Cache), false)
#9 C:\xampp\htdocs\gigr\public\index.php(37): CodeIgniter\CodeIgniter->run()
#10 C:\xampp\htdocs\gigr\system\Commands\Server\rewrite.php(43): require_once('C:\\xampp\\htdocs...')
#11 {main}
CRITICAL - 2022-05-28 13:48:15 --> include(../components/navbar.php): failed to open stream: No such file or directory
#0 C:\xampp\htdocs\gigr\app\Views\UI\home.php(12): CodeIgniter\Debug\Exceptions->errorHandler(2, 'include(../comp...', 'C:\\xampp\\htdocs...', 12, Array)
#1 C:\xampp\htdocs\gigr\app\Views\UI\home.php(12): include()
#2 C:\xampp\htdocs\gigr\system\View\View.php(210): include('C:\\xampp\\htdocs...')
#3 C:\xampp\htdocs\gigr\system\View\View.php(213): CodeIgniter\View\View->CodeIgniter\View\{closure}()
#4 C:\xampp\htdocs\gigr\system\Common.php(1089): CodeIgniter\View\View->render('UI/home.php', Array, true)
#5 C:\xampp\htdocs\gigr\app\Controllers\Home.php(9): view('UI/home.php')
#6 C:\xampp\htdocs\gigr\system\CodeIgniter.php(832): App\Controllers\Home->index()
#7 C:\xampp\htdocs\gigr\system\CodeIgniter.php(419): CodeIgniter\CodeIgniter->runController(Object(App\Controllers\Home))
#8 C:\xampp\htdocs\gigr\system\CodeIgniter.php(326): CodeIgniter\CodeIgniter->handleRequest(NULL, Object(Config\Cache), false)
#9 C:\xampp\htdocs\gigr\public\index.php(37): CodeIgniter\CodeIgniter->run()
#10 C:\xampp\htdocs\gigr\system\Commands\Server\rewrite.php(43): require_once('C:\\xampp\\htdocs...')
#11 {main}
CRITICAL - 2022-05-28 13:48:15 --> include(../components/navbar.php): failed to open stream: No such file or directory
#0 C:\xampp\htdocs\gigr\app\Views\UI\home.php(12): CodeIgniter\Debug\Exceptions->errorHandler(2, 'include(../comp...', 'C:\\xampp\\htdocs...', 12, Array)
#1 C:\xampp\htdocs\gigr\app\Views\UI\home.php(12): include()
#2 C:\xampp\htdocs\gigr\system\View\View.php(210): include('C:\\xampp\\htdocs...')
#3 C:\xampp\htdocs\gigr\system\View\View.php(213): CodeIgniter\View\View->CodeIgniter\View\{closure}()
#4 C:\xampp\htdocs\gigr\system\Common.php(1089): CodeIgniter\View\View->render('UI/home.php', Array, true)
#5 C:\xampp\htdocs\gigr\app\Controllers\Home.php(9): view('UI/home.php')
#6 C:\xampp\htdocs\gigr\system\CodeIgniter.php(832): App\Controllers\Home->index()
#7 C:\xampp\htdocs\gigr\system\CodeIgniter.php(419): CodeIgniter\CodeIgniter->runController(Object(App\Controllers\Home))
#8 C:\xampp\htdocs\gigr\system\CodeIgniter.php(326): CodeIgniter\CodeIgniter->handleRequest(NULL, Object(Config\Cache), false)
#9 C:\xampp\htdocs\gigr\public\index.php(37): CodeIgniter\CodeIgniter->run()
#10 C:\xampp\htdocs\gigr\system\Commands\Server\rewrite.php(43): require_once('C:\\xampp\\htdocs...')
#11 {main}
CRITICAL - 2022-05-28 13:48:15 --> include(../components/navbar.php): failed to open stream: No such file or directory
#0 C:\xampp\htdocs\gigr\app\Views\UI\home.php(12): CodeIgniter\Debug\Exceptions->errorHandler(2, 'include(../comp...', 'C:\\xampp\\htdocs...', 12, Array)
#1 C:\xampp\htdocs\gigr\app\Views\UI\home.php(12): include()
#2 C:\xampp\htdocs\gigr\system\View\View.php(210): include('C:\\xampp\\htdocs...')
#3 C:\xampp\htdocs\gigr\system\View\View.php(213): CodeIgniter\View\View->CodeIgniter\View\{closure}()
#4 C:\xampp\htdocs\gigr\system\Common.php(1089): CodeIgniter\View\View->render('UI/home.php', Array, true)
#5 C:\xampp\htdocs\gigr\app\Controllers\Home.php(9): view('UI/home.php')
#6 C:\xampp\htdocs\gigr\system\CodeIgniter.php(832): App\Controllers\Home->index()
#7 C:\xampp\htdocs\gigr\system\CodeIgniter.php(419): CodeIgniter\CodeIgniter->runController(Object(App\Controllers\Home))
#8 C:\xampp\htdocs\gigr\system\CodeIgniter.php(326): CodeIgniter\CodeIgniter->handleRequest(NULL, Object(Config\Cache), false)
#9 C:\xampp\htdocs\gigr\public\index.php(37): CodeIgniter\CodeIgniter->run()
#10 C:\xampp\htdocs\gigr\system\Commands\Server\rewrite.php(43): require_once('C:\\xampp\\htdocs...')
#11 {main}
CRITICAL - 2022-05-28 13:48:16 --> include(../components/navbar.php): failed to open stream: No such file or directory
#0 C:\xampp\htdocs\gigr\app\Views\UI\home.php(12): CodeIgniter\Debug\Exceptions->errorHandler(2, 'include(../comp...', 'C:\\xampp\\htdocs...', 12, Array)
#1 C:\xampp\htdocs\gigr\app\Views\UI\home.php(12): include()
#2 C:\xampp\htdocs\gigr\system\View\View.php(210): include('C:\\xampp\\htdocs...')
#3 C:\xampp\htdocs\gigr\system\View\View.php(213): CodeIgniter\View\View->CodeIgniter\View\{closure}()
#4 C:\xampp\htdocs\gigr\system\Common.php(1089): CodeIgniter\View\View->render('UI/home.php', Array, true)
#5 C:\xampp\htdocs\gigr\app\Controllers\Home.php(9): view('UI/home.php')
#6 C:\xampp\htdocs\gigr\system\CodeIgniter.php(832): App\Controllers\Home->index()
#7 C:\xampp\htdocs\gigr\system\CodeIgniter.php(419): CodeIgniter\CodeIgniter->runController(Object(App\Controllers\Home))
#8 C:\xampp\htdocs\gigr\system\CodeIgniter.php(326): CodeIgniter\CodeIgniter->handleRequest(NULL, Object(Config\Cache), false)
#9 C:\xampp\htdocs\gigr\public\index.php(37): CodeIgniter\CodeIgniter->run()
#10 C:\xampp\htdocs\gigr\system\Commands\Server\rewrite.php(43): require_once('C:\\xampp\\htdocs...')
#11 {main}
CRITICAL - 2022-05-28 13:48:16 --> include(../components/navbar.php): failed to open stream: No such file or directory
#0 C:\xampp\htdocs\gigr\app\Views\UI\home.php(12): CodeIgniter\Debug\Exceptions->errorHandler(2, 'include(../comp...', 'C:\\xampp\\htdocs...', 12, Array)
#1 C:\xampp\htdocs\gigr\app\Views\UI\home.php(12): include()
#2 C:\xampp\htdocs\gigr\system\View\View.php(210): include('C:\\xampp\\htdocs...')
#3 C:\xampp\htdocs\gigr\system\View\View.php(213): CodeIgniter\View\View->CodeIgniter\View\{closure}()
#4 C:\xampp\htdocs\gigr\system\Common.php(1089): CodeIgniter\View\View->render('UI/home.php', Array, true)
#5 C:\xampp\htdocs\gigr\app\Controllers\Home.php(9): view('UI/home.php')
#6 C:\xampp\htdocs\gigr\system\CodeIgniter.php(832): App\Controllers\Home->index()
#7 C:\xampp\htdocs\gigr\system\CodeIgniter.php(419): CodeIgniter\CodeIgniter->runController(Object(App\Controllers\Home))
#8 C:\xampp\htdocs\gigr\system\CodeIgniter.php(326): CodeIgniter\CodeIgniter->handleRequest(NULL, Object(Config\Cache), false)
#9 C:\xampp\htdocs\gigr\public\index.php(37): CodeIgniter\CodeIgniter->run()
#10 C:\xampp\htdocs\gigr\system\Commands\Server\rewrite.php(43): require_once('C:\\xampp\\htdocs...')
#11 {main}
CRITICAL - 2022-05-28 13:48:16 --> include(../components/navbar.php): failed to open stream: No such file or directory
#0 C:\xampp\htdocs\gigr\app\Views\UI\home.php(12): CodeIgniter\Debug\Exceptions->errorHandler(2, 'include(../comp...', 'C:\\xampp\\htdocs...', 12, Array)
#1 C:\xampp\htdocs\gigr\app\Views\UI\home.php(12): include()
#2 C:\xampp\htdocs\gigr\system\View\View.php(210): include('C:\\xampp\\htdocs...')
#3 C:\xampp\htdocs\gigr\system\View\View.php(213): CodeIgniter\View\View->CodeIgniter\View\{closure}()
#4 C:\xampp\htdocs\gigr\system\Common.php(1089): CodeIgniter\View\View->render('UI/home.php', Array, true)
#5 C:\xampp\htdocs\gigr\app\Controllers\Home.php(9): view('UI/home.php')
#6 C:\xampp\htdocs\gigr\system\CodeIgniter.php(832): App\Controllers\Home->index()
#7 C:\xampp\htdocs\gigr\system\CodeIgniter.php(419): CodeIgniter\CodeIgniter->runController(Object(App\Controllers\Home))
#8 C:\xampp\htdocs\gigr\system\CodeIgniter.php(326): CodeIgniter\CodeIgniter->handleRequest(NULL, Object(Config\Cache), false)
#9 C:\xampp\htdocs\gigr\public\index.php(37): CodeIgniter\CodeIgniter->run()
#10 C:\xampp\htdocs\gigr\system\Commands\Server\rewrite.php(43): require_once('C:\\xampp\\htdocs...')
#11 {main}
CRITICAL - 2022-05-28 13:48:16 --> include(../components/navbar.php): failed to open stream: No such file or directory
#0 C:\xampp\htdocs\gigr\app\Views\UI\home.php(12): CodeIgniter\Debug\Exceptions->errorHandler(2, 'include(../comp...', 'C:\\xampp\\htdocs...', 12, Array)
#1 C:\xampp\htdocs\gigr\app\Views\UI\home.php(12): include()
#2 C:\xampp\htdocs\gigr\system\View\View.php(210): include('C:\\xampp\\htdocs...')
#3 C:\xampp\htdocs\gigr\system\View\View.php(213): CodeIgniter\View\View->CodeIgniter\View\{closure}()
#4 C:\xampp\htdocs\gigr\system\Common.php(1089): CodeIgniter\View\View->render('UI/home.php', Array, true)
#5 C:\xampp\htdocs\gigr\app\Controllers\Home.php(9): view('UI/home.php')
#6 C:\xampp\htdocs\gigr\system\CodeIgniter.php(832): App\Controllers\Home->index()
#7 C:\xampp\htdocs\gigr\system\CodeIgniter.php(419): CodeIgniter\CodeIgniter->runController(Object(App\Controllers\Home))
#8 C:\xampp\htdocs\gigr\system\CodeIgniter.php(326): CodeIgniter\CodeIgniter->handleRequest(NULL, Object(Config\Cache), false)
#9 C:\xampp\htdocs\gigr\public\index.php(37): CodeIgniter\CodeIgniter->run()
#10 C:\xampp\htdocs\gigr\system\Commands\Server\rewrite.php(43): require_once('C:\\xampp\\htdocs...')
#11 {main}
CRITICAL - 2022-05-28 13:48:17 --> include(../components/navbar.php): failed to open stream: No such file or directory
#0 C:\xampp\htdocs\gigr\app\Views\UI\home.php(12): CodeIgniter\Debug\Exceptions->errorHandler(2, 'include(../comp...', 'C:\\xampp\\htdocs...', 12, Array)
#1 C:\xampp\htdocs\gigr\app\Views\UI\home.php(12): include()
#2 C:\xampp\htdocs\gigr\system\View\View.php(210): include('C:\\xampp\\htdocs...')
#3 C:\xampp\htdocs\gigr\system\View\View.php(213): CodeIgniter\View\View->CodeIgniter\View\{closure}()
#4 C:\xampp\htdocs\gigr\system\Common.php(1089): CodeIgniter\View\View->render('UI/home.php', Array, true)
#5 C:\xampp\htdocs\gigr\app\Controllers\Home.php(9): view('UI/home.php')
#6 C:\xampp\htdocs\gigr\system\CodeIgniter.php(832): App\Controllers\Home->index()
#7 C:\xampp\htdocs\gigr\system\CodeIgniter.php(419): CodeIgniter\CodeIgniter->runController(Object(App\Controllers\Home))
#8 C:\xampp\htdocs\gigr\system\CodeIgniter.php(326): CodeIgniter\CodeIgniter->handleRequest(NULL, Object(Config\Cache), false)
#9 C:\xampp\htdocs\gigr\public\index.php(37): CodeIgniter\CodeIgniter->run()
#10 C:\xampp\htdocs\gigr\system\Commands\Server\rewrite.php(43): require_once('C:\\xampp\\htdocs...')
#11 {main}
CRITICAL - 2022-05-28 13:48:17 --> include(../components/navbar.php): failed to open stream: No such file or directory
#0 C:\xampp\htdocs\gigr\app\Views\UI\home.php(12): CodeIgniter\Debug\Exceptions->errorHandler(2, 'include(../comp...', 'C:\\xampp\\htdocs...', 12, Array)
#1 C:\xampp\htdocs\gigr\app\Views\UI\home.php(12): include()
#2 C:\xampp\htdocs\gigr\system\View\View.php(210): include('C:\\xampp\\htdocs...')
#3 C:\xampp\htdocs\gigr\system\View\View.php(213): CodeIgniter\View\View->CodeIgniter\View\{closure}()
#4 C:\xampp\htdocs\gigr\system\Common.php(1089): CodeIgniter\View\View->render('UI/home.php', Array, true)
#5 C:\xampp\htdocs\gigr\app\Controllers\Home.php(9): view('UI/home.php')
#6 C:\xampp\htdocs\gigr\system\CodeIgniter.php(832): App\Controllers\Home->index()
#7 C:\xampp\htdocs\gigr\system\CodeIgniter.php(419): CodeIgniter\CodeIgniter->runController(Object(App\Controllers\Home))
#8 C:\xampp\htdocs\gigr\system\CodeIgniter.php(326): CodeIgniter\CodeIgniter->handleRequest(NULL, Object(Config\Cache), false)
#9 C:\xampp\htdocs\gigr\public\index.php(37): CodeIgniter\CodeIgniter->run()
#10 C:\xampp\htdocs\gigr\system\Commands\Server\rewrite.php(43): require_once('C:\\xampp\\htdocs...')
#11 {main}
CRITICAL - 2022-05-28 13:48:17 --> include(../components/navbar.php): failed to open stream: No such file or directory
#0 C:\xampp\htdocs\gigr\app\Views\UI\home.php(12): CodeIgniter\Debug\Exceptions->errorHandler(2, 'include(../comp...', 'C:\\xampp\\htdocs...', 12, Array)
#1 C:\xampp\htdocs\gigr\app\Views\UI\home.php(12): include()
#2 C:\xampp\htdocs\gigr\system\View\View.php(210): include('C:\\xampp\\htdocs...')
#3 C:\xampp\htdocs\gigr\system\View\View.php(213): CodeIgniter\View\View->CodeIgniter\View\{closure}()
#4 C:\xampp\htdocs\gigr\system\Common.php(1089): CodeIgniter\View\View->render('UI/home.php', Array, true)
#5 C:\xampp\htdocs\gigr\app\Controllers\Home.php(9): view('UI/home.php')
#6 C:\xampp\htdocs\gigr\system\CodeIgniter.php(832): App\Controllers\Home->index()
#7 C:\xampp\htdocs\gigr\system\CodeIgniter.php(419): CodeIgniter\CodeIgniter->runController(Object(App\Controllers\Home))
#8 C:\xampp\htdocs\gigr\system\CodeIgniter.php(326): CodeIgniter\CodeIgniter->handleRequest(NULL, Object(Config\Cache), false)
#9 C:\xampp\htdocs\gigr\public\index.php(37): CodeIgniter\CodeIgniter->run()
#10 C:\xampp\htdocs\gigr\system\Commands\Server\rewrite.php(43): require_once('C:\\xampp\\htdocs...')
#11 {main}
CRITICAL - 2022-05-28 13:48:44 --> include(../components/navbar.php): failed to open stream: No such file or directory
#0 C:\xampp\htdocs\gigr\app\Views\UI\home.php(12): CodeIgniter\Debug\Exceptions->errorHandler(2, 'include(../comp...', 'C:\\xampp\\htdocs...', 12, Array)
#1 C:\xampp\htdocs\gigr\app\Views\UI\home.php(12): include()
#2 C:\xampp\htdocs\gigr\system\View\View.php(210): include('C:\\xampp\\htdocs...')
#3 C:\xampp\htdocs\gigr\system\View\View.php(213): CodeIgniter\View\View->CodeIgniter\View\{closure}()
#4 C:\xampp\htdocs\gigr\system\Common.php(1089): CodeIgniter\View\View->render('UI/home.php', Array, true)
#5 C:\xampp\htdocs\gigr\app\Controllers\Home.php(9): view('UI/home.php')
#6 C:\xampp\htdocs\gigr\system\CodeIgniter.php(832): App\Controllers\Home->index()
#7 C:\xampp\htdocs\gigr\system\CodeIgniter.php(419): CodeIgniter\CodeIgniter->runController(Object(App\Controllers\Home))
#8 C:\xampp\htdocs\gigr\system\CodeIgniter.php(326): CodeIgniter\CodeIgniter->handleRequest(NULL, Object(Config\Cache), false)
#9 C:\xampp\htdocs\gigr\public\index.php(37): CodeIgniter\CodeIgniter->run()
#10 C:\xampp\htdocs\gigr\system\Commands\Server\rewrite.php(43): require_once('C:\\xampp\\htdocs...')
#11 {main}
CRITICAL - 2022-05-28 13:48:45 --> include(../components/navbar.php): failed to open stream: No such file or directory
#0 C:\xampp\htdocs\gigr\app\Views\UI\home.php(12): CodeIgniter\Debug\Exceptions->errorHandler(2, 'include(../comp...', 'C:\\xampp\\htdocs...', 12, Array)
#1 C:\xampp\htdocs\gigr\app\Views\UI\home.php(12): include()
#2 C:\xampp\htdocs\gigr\system\View\View.php(210): include('C:\\xampp\\htdocs...')
#3 C:\xampp\htdocs\gigr\system\View\View.php(213): CodeIgniter\View\View->CodeIgniter\View\{closure}()
#4 C:\xampp\htdocs\gigr\system\Common.php(1089): CodeIgniter\View\View->render('UI/home.php', Array, true)
#5 C:\xampp\htdocs\gigr\app\Controllers\Home.php(9): view('UI/home.php')
#6 C:\xampp\htdocs\gigr\system\CodeIgniter.php(832): App\Controllers\Home->index()
#7 C:\xampp\htdocs\gigr\system\CodeIgniter.php(419): CodeIgniter\CodeIgniter->runController(Object(App\Controllers\Home))
#8 C:\xampp\htdocs\gigr\system\CodeIgniter.php(326): CodeIgniter\CodeIgniter->handleRequest(NULL, Object(Config\Cache), false)
#9 C:\xampp\htdocs\gigr\public\index.php(37): CodeIgniter\CodeIgniter->run()
#10 C:\xampp\htdocs\gigr\system\Commands\Server\rewrite.php(43): require_once('C:\\xampp\\htdocs...')
#11 {main}
CRITICAL - 2022-05-28 13:48:45 --> include(../components/navbar.php): failed to open stream: No such file or directory
#0 C:\xampp\htdocs\gigr\app\Views\UI\home.php(12): CodeIgniter\Debug\Exceptions->errorHandler(2, 'include(../comp...', 'C:\\xampp\\htdocs...', 12, Array)
#1 C:\xampp\htdocs\gigr\app\Views\UI\home.php(12): include()
#2 C:\xampp\htdocs\gigr\system\View\View.php(210): include('C:\\xampp\\htdocs...')
#3 C:\xampp\htdocs\gigr\system\View\View.php(213): CodeIgniter\View\View->CodeIgniter\View\{closure}()
#4 C:\xampp\htdocs\gigr\system\Common.php(1089): CodeIgniter\View\View->render('UI/home.php', Array, true)
#5 C:\xampp\htdocs\gigr\app\Controllers\Home.php(9): view('UI/home.php')
#6 C:\xampp\htdocs\gigr\system\CodeIgniter.php(832): App\Controllers\Home->index()
#7 C:\xampp\htdocs\gigr\system\CodeIgniter.php(419): CodeIgniter\CodeIgniter->runController(Object(App\Controllers\Home))
#8 C:\xampp\htdocs\gigr\system\CodeIgniter.php(326): CodeIgniter\CodeIgniter->handleRequest(NULL, Object(Config\Cache), false)
#9 C:\xampp\htdocs\gigr\public\index.php(37): CodeIgniter\CodeIgniter->run()
#10 C:\xampp\htdocs\gigr\system\Commands\Server\rewrite.php(43): require_once('C:\\xampp\\htdocs...')
#11 {main}
CRITICAL - 2022-05-28 13:48:45 --> include(../components/navbar.php): failed to open stream: No such file or directory
#0 C:\xampp\htdocs\gigr\app\Views\UI\home.php(12): CodeIgniter\Debug\Exceptions->errorHandler(2, 'include(../comp...', 'C:\\xampp\\htdocs...', 12, Array)
#1 C:\xampp\htdocs\gigr\app\Views\UI\home.php(12): include()
#2 C:\xampp\htdocs\gigr\system\View\View.php(210): include('C:\\xampp\\htdocs...')
#3 C:\xampp\htdocs\gigr\system\View\View.php(213): CodeIgniter\View\View->CodeIgniter\View\{closure}()
#4 C:\xampp\htdocs\gigr\system\Common.php(1089): CodeIgniter\View\View->render('UI/home.php', Array, true)
#5 C:\xampp\htdocs\gigr\app\Controllers\Home.php(9): view('UI/home.php')
#6 C:\xampp\htdocs\gigr\system\CodeIgniter.php(832): App\Controllers\Home->index()
#7 C:\xampp\htdocs\gigr\system\CodeIgniter.php(419): CodeIgniter\CodeIgniter->runController(Object(App\Controllers\Home))
#8 C:\xampp\htdocs\gigr\system\CodeIgniter.php(326): CodeIgniter\CodeIgniter->handleRequest(NULL, Object(Config\Cache), false)
#9 C:\xampp\htdocs\gigr\public\index.php(37): CodeIgniter\CodeIgniter->run()
#10 C:\xampp\htdocs\gigr\system\Commands\Server\rewrite.php(43): require_once('C:\\xampp\\htdocs...')
#11 {main}
CRITICAL - 2022-05-28 13:48:45 --> include(../components/navbar.php): failed to open stream: No such file or directory
#0 C:\xampp\htdocs\gigr\app\Views\UI\home.php(12): CodeIgniter\Debug\Exceptions->errorHandler(2, 'include(../comp...', 'C:\\xampp\\htdocs...', 12, Array)
#1 C:\xampp\htdocs\gigr\app\Views\UI\home.php(12): include()
#2 C:\xampp\htdocs\gigr\system\View\View.php(210): include('C:\\xampp\\htdocs...')
#3 C:\xampp\htdocs\gigr\system\View\View.php(213): CodeIgniter\View\View->CodeIgniter\View\{closure}()
#4 C:\xampp\htdocs\gigr\system\Common.php(1089): CodeIgniter\View\View->render('UI/home.php', Array, true)
#5 C:\xampp\htdocs\gigr\app\Controllers\Home.php(9): view('UI/home.php')
#6 C:\xampp\htdocs\gigr\system\CodeIgniter.php(832): App\Controllers\Home->index()
#7 C:\xampp\htdocs\gigr\system\CodeIgniter.php(419): CodeIgniter\CodeIgniter->runController(Object(App\Controllers\Home))
#8 C:\xampp\htdocs\gigr\system\CodeIgniter.php(326): CodeIgniter\CodeIgniter->handleRequest(NULL, Object(Config\Cache), false)
#9 C:\xampp\htdocs\gigr\public\index.php(37): CodeIgniter\CodeIgniter->run()
#10 C:\xampp\htdocs\gigr\system\Commands\Server\rewrite.php(43): require_once('C:\\xampp\\htdocs...')
#11 {main}
CRITICAL - 2022-05-28 13:48:45 --> include(../components/navbar.php): failed to open stream: No such file or directory
#0 C:\xampp\htdocs\gigr\app\Views\UI\home.php(12): CodeIgniter\Debug\Exceptions->errorHandler(2, 'include(../comp...', 'C:\\xampp\\htdocs...', 12, Array)
#1 C:\xampp\htdocs\gigr\app\Views\UI\home.php(12): include()
#2 C:\xampp\htdocs\gigr\system\View\View.php(210): include('C:\\xampp\\htdocs...')
#3 C:\xampp\htdocs\gigr\system\View\View.php(213): CodeIgniter\View\View->CodeIgniter\View\{closure}()
#4 C:\xampp\htdocs\gigr\system\Common.php(1089): CodeIgniter\View\View->render('UI/home.php', Array, true)
#5 C:\xampp\htdocs\gigr\app\Controllers\Home.php(9): view('UI/home.php')
#6 C:\xampp\htdocs\gigr\system\CodeIgniter.php(832): App\Controllers\Home->index()
#7 C:\xampp\htdocs\gigr\system\CodeIgniter.php(419): CodeIgniter\CodeIgniter->runController(Object(App\Controllers\Home))
#8 C:\xampp\htdocs\gigr\system\CodeIgniter.php(326): CodeIgniter\CodeIgniter->handleRequest(NULL, Object(Config\Cache), false)
#9 C:\xampp\htdocs\gigr\public\index.php(37): CodeIgniter\CodeIgniter->run()
#10 C:\xampp\htdocs\gigr\system\Commands\Server\rewrite.php(43): require_once('C:\\xampp\\htdocs...')
#11 {main}
