CRITICAL - 2022-07-17 07:16:40 --> include(../UI/module/footer.php): failed to open stream: No such file or directory
#0 C:\xampp\htdocs\jobbed\app\Views\UI_worker\browseJobs.php(502): CodeIgniter\Debug\Exceptions->errorHandler(2, 'include(../UI/m...', 'C:\\xampp\\htdocs...', 502, Array)
#1 C:\xampp\htdocs\jobbed\app\Views\UI_worker\browseJobs.php(502): include()
#2 C:\xampp\htdocs\jobbed\system\View\View.php(210): include('C:\\xampp\\htdocs...')
#3 C:\xampp\htdocs\jobbed\system\View\View.php(213): CodeIgniter\View\View->CodeIgniter\View\{closure}()
#4 C:\xampp\htdocs\jobbed\system\Common.php(1089): CodeIgniter\View\View->render('UI_worker/brows...', Array, true)
#5 C:\xampp\htdocs\jobbed\app\Controllers\Home.php(35): view('UI_worker/brows...')
#6 C:\xampp\htdocs\jobbed\system\CodeIgniter.php(832): App\Controllers\Home->browseJobs()
#7 C:\xampp\htdocs\jobbed\system\CodeIgniter.php(419): CodeIgniter\CodeIgniter->runController(Object(App\Controllers\Home))
#8 C:\xampp\htdocs\jobbed\system\CodeIgniter.php(326): CodeIgniter\CodeIgniter->handleRequest(NULL, Object(Config\Cache), false)
#9 C:\xampp\htdocs\jobbed\public\index.php(37): CodeIgniter\CodeIgniter->run()
#10 C:\xampp\htdocs\jobbed\system\Commands\Server\rewrite.php(43): require_once('C:\\xampp\\htdocs...')
#11 {main}
CRITICAL - 2022-07-17 07:16:56 --> include(./UI/module/footer.php): failed to open stream: No such file or directory
#0 C:\xampp\htdocs\jobbed\app\Views\UI_worker\browseJobs.php(502): CodeIgniter\Debug\Exceptions->errorHandler(2, 'include(./UI/mo...', 'C:\\xampp\\htdocs...', 502, Array)
#1 C:\xampp\htdocs\jobbed\app\Views\UI_worker\browseJobs.php(502): include()
#2 C:\xampp\htdocs\jobbed\system\View\View.php(210): include('C:\\xampp\\htdocs...')
#3 C:\xampp\htdocs\jobbed\system\View\View.php(213): CodeIgniter\View\View->CodeIgniter\View\{closure}()
#4 C:\xampp\htdocs\jobbed\system\Common.php(1089): CodeIgniter\View\View->render('UI_worker/brows...', Array, true)
#5 C:\xampp\htdocs\jobbed\app\Controllers\Home.php(35): view('UI_worker/brows...')
#6 C:\xampp\htdocs\jobbed\system\CodeIgniter.php(832): App\Controllers\Home->browseJobs()
#7 C:\xampp\htdocs\jobbed\system\CodeIgniter.php(419): CodeIgniter\CodeIgniter->runController(Object(App\Controllers\Home))
#8 C:\xampp\htdocs\jobbed\system\CodeIgniter.php(326): CodeIgniter\CodeIgniter->handleRequest(NULL, Object(Config\Cache), false)
#9 C:\xampp\htdocs\jobbed\public\index.php(37): CodeIgniter\CodeIgniter->run()
#10 C:\xampp\htdocs\jobbed\system\Commands\Server\rewrite.php(43): require_once('C:\\xampp\\htdocs...')
#11 {main}
ERROR - 2022-07-17 09:31:30 --> Unknown column 'role_id' in 'where clause'
CRITICAL - 2022-07-17 09:31:30 --> Call to a member function getRowArray() on bool
#0 C:\xampp\htdocs\jobbed\app\Controllers\data_handling.php(116): App\Models\user_model->login_worker('workertest@gmai...')
#1 C:\xampp\htdocs\jobbed\system\CodeIgniter.php(832): App\Controllers\data_handling->login_worker()
#2 C:\xampp\htdocs\jobbed\system\CodeIgniter.php(419): CodeIgniter\CodeIgniter->runController(Object(App\Controllers\data_handling))
#3 C:\xampp\htdocs\jobbed\system\CodeIgniter.php(326): CodeIgniter\CodeIgniter->handleRequest(NULL, Object(Config\Cache), false)
#4 C:\xampp\htdocs\jobbed\public\index.php(37): CodeIgniter\CodeIgniter->run()
#5 C:\xampp\htdocs\jobbed\system\Commands\Server\rewrite.php(43): require_once('C:\\xampp\\htdocs...')
#6 {main}
ERROR - 2022-07-17 09:35:04 --> Unknown column 'role_id' in 'where clause'
CRITICAL - 2022-07-17 09:35:04 --> Call to a member function getRowArray() on bool
#0 C:\xampp\htdocs\jobbed\app\Controllers\data_handling.php(113): App\Models\user_model->login_worker('workertest@gmai...')
#1 C:\xampp\htdocs\jobbed\system\CodeIgniter.php(832): App\Controllers\data_handling->login_worker()
#2 C:\xampp\htdocs\jobbed\system\CodeIgniter.php(419): CodeIgniter\CodeIgniter->runController(Object(App\Controllers\data_handling))
#3 C:\xampp\htdocs\jobbed\system\CodeIgniter.php(326): CodeIgniter\CodeIgniter->handleRequest(NULL, Object(Config\Cache), false)
#4 C:\xampp\htdocs\jobbed\public\index.php(37): CodeIgniter\CodeIgniter->run()
#5 C:\xampp\htdocs\jobbed\system\Commands\Server\rewrite.php(43): require_once('C:\\xampp\\htdocs...')
#6 {main}
ERROR - 2022-07-17 09:36:35 --> Unknown column 'role_id' in 'where clause'
CRITICAL - 2022-07-17 09:36:35 --> Call to a member function getRowArray() on bool
#0 C:\xampp\htdocs\jobbed\app\Controllers\data_handling.php(113): App\Models\user_model->login_worker('workertest@gmai...')
#1 C:\xampp\htdocs\jobbed\system\CodeIgniter.php(832): App\Controllers\data_handling->login_worker()
#2 C:\xampp\htdocs\jobbed\system\CodeIgniter.php(419): CodeIgniter\CodeIgniter->runController(Object(App\Controllers\data_handling))
#3 C:\xampp\htdocs\jobbed\system\CodeIgniter.php(326): CodeIgniter\CodeIgniter->handleRequest(NULL, Object(Config\Cache), false)
#4 C:\xampp\htdocs\jobbed\public\index.php(37): CodeIgniter\CodeIgniter->run()
#5 C:\xampp\htdocs\jobbed\system\Commands\Server\rewrite.php(43): require_once('C:\\xampp\\htdocs...')
#6 {main}
ERROR - 2022-07-17 09:36:37 --> Unknown column 'role_id' in 'where clause'
CRITICAL - 2022-07-17 09:36:37 --> Call to a member function getRowArray() on bool
#0 C:\xampp\htdocs\jobbed\app\Controllers\data_handling.php(113): App\Models\user_model->login_worker('workertest@gmai...')
#1 C:\xampp\htdocs\jobbed\system\CodeIgniter.php(832): App\Controllers\data_handling->login_worker()
#2 C:\xampp\htdocs\jobbed\system\CodeIgniter.php(419): CodeIgniter\CodeIgniter->runController(Object(App\Controllers\data_handling))
#3 C:\xampp\htdocs\jobbed\system\CodeIgniter.php(326): CodeIgniter\CodeIgniter->handleRequest(NULL, Object(Config\Cache), false)
#4 C:\xampp\htdocs\jobbed\public\index.php(37): CodeIgniter\CodeIgniter->run()
#5 C:\xampp\htdocs\jobbed\system\Commands\Server\rewrite.php(43): require_once('C:\\xampp\\htdocs...')
#6 {main}
ERROR - 2022-07-17 09:36:38 --> Unknown column 'role_id' in 'where clause'
CRITICAL - 2022-07-17 09:36:38 --> Call to a member function getRowArray() on bool
#0 C:\xampp\htdocs\jobbed\app\Controllers\data_handling.php(113): App\Models\user_model->login_worker('workertest@gmai...')
#1 C:\xampp\htdocs\jobbed\system\CodeIgniter.php(832): App\Controllers\data_handling->login_worker()
#2 C:\xampp\htdocs\jobbed\system\CodeIgniter.php(419): CodeIgniter\CodeIgniter->runController(Object(App\Controllers\data_handling))
#3 C:\xampp\htdocs\jobbed\system\CodeIgniter.php(326): CodeIgniter\CodeIgniter->handleRequest(NULL, Object(Config\Cache), false)
#4 C:\xampp\htdocs\jobbed\public\index.php(37): CodeIgniter\CodeIgniter->run()
#5 C:\xampp\htdocs\jobbed\system\Commands\Server\rewrite.php(43): require_once('C:\\xampp\\htdocs...')
#6 {main}
ERROR - 2022-07-17 09:36:38 --> Unknown column 'role_id' in 'where clause'
CRITICAL - 2022-07-17 09:36:38 --> Call to a member function getRowArray() on bool
#0 C:\xampp\htdocs\jobbed\app\Controllers\data_handling.php(113): App\Models\user_model->login_worker('workertest@gmai...')
#1 C:\xampp\htdocs\jobbed\system\CodeIgniter.php(832): App\Controllers\data_handling->login_worker()
#2 C:\xampp\htdocs\jobbed\system\CodeIgniter.php(419): CodeIgniter\CodeIgniter->runController(Object(App\Controllers\data_handling))
#3 C:\xampp\htdocs\jobbed\system\CodeIgniter.php(326): CodeIgniter\CodeIgniter->handleRequest(NULL, Object(Config\Cache), false)
#4 C:\xampp\htdocs\jobbed\public\index.php(37): CodeIgniter\CodeIgniter->run()
#5 C:\xampp\htdocs\jobbed\system\Commands\Server\rewrite.php(43): require_once('C:\\xampp\\htdocs...')
#6 {main}
ERROR - 2022-07-17 09:36:38 --> Unknown column 'role_id' in 'where clause'
CRITICAL - 2022-07-17 09:36:38 --> Call to a member function getRowArray() on bool
#0 C:\xampp\htdocs\jobbed\app\Controllers\data_handling.php(113): App\Models\user_model->login_worker('workertest@gmai...')
#1 C:\xampp\htdocs\jobbed\system\CodeIgniter.php(832): App\Controllers\data_handling->login_worker()
#2 C:\xampp\htdocs\jobbed\system\CodeIgniter.php(419): CodeIgniter\CodeIgniter->runController(Object(App\Controllers\data_handling))
#3 C:\xampp\htdocs\jobbed\system\CodeIgniter.php(326): CodeIgniter\CodeIgniter->handleRequest(NULL, Object(Config\Cache), false)
#4 C:\xampp\htdocs\jobbed\public\index.php(37): CodeIgniter\CodeIgniter->run()
#5 C:\xampp\htdocs\jobbed\system\Commands\Server\rewrite.php(43): require_once('C:\\xampp\\htdocs...')
#6 {main}
ERROR - 2022-07-17 09:36:38 --> Unknown column 'role_id' in 'where clause'
CRITICAL - 2022-07-17 09:36:38 --> Call to a member function getRowArray() on bool
#0 C:\xampp\htdocs\jobbed\app\Controllers\data_handling.php(113): App\Models\user_model->login_worker('workertest@gmai...')
#1 C:\xampp\htdocs\jobbed\system\CodeIgniter.php(832): App\Controllers\data_handling->login_worker()
#2 C:\xampp\htdocs\jobbed\system\CodeIgniter.php(419): CodeIgniter\CodeIgniter->runController(Object(App\Controllers\data_handling))
#3 C:\xampp\htdocs\jobbed\system\CodeIgniter.php(326): CodeIgniter\CodeIgniter->handleRequest(NULL, Object(Config\Cache), false)
#4 C:\xampp\htdocs\jobbed\public\index.php(37): CodeIgniter\CodeIgniter->run()
#5 C:\xampp\htdocs\jobbed\system\Commands\Server\rewrite.php(43): require_once('C:\\xampp\\htdocs...')
#6 {main}
ERROR - 2022-07-17 09:45:05 --> Unknown column 'role_id' in 'where clause'
CRITICAL - 2022-07-17 09:45:05 --> Call to a member function getRowArray() on bool
#0 C:\xampp\htdocs\jobbed\app\Controllers\data_handling.php(113): App\Models\user_model->login_worker('workertest@gmai...')
#1 C:\xampp\htdocs\jobbed\system\CodeIgniter.php(832): App\Controllers\data_handling->login_worker()
#2 C:\xampp\htdocs\jobbed\system\CodeIgniter.php(419): CodeIgniter\CodeIgniter->runController(Object(App\Controllers\data_handling))
#3 C:\xampp\htdocs\jobbed\system\CodeIgniter.php(326): CodeIgniter\CodeIgniter->handleRequest(NULL, Object(Config\Cache), false)
#4 C:\xampp\htdocs\jobbed\public\index.php(37): CodeIgniter\CodeIgniter->run()
#5 C:\xampp\htdocs\jobbed\system\Commands\Server\rewrite.php(43): require_once('C:\\xampp\\htdocs...')
#6 {main}
ERROR - 2022-07-17 09:45:06 --> Unknown column 'role_id' in 'where clause'
CRITICAL - 2022-07-17 09:45:06 --> Call to a member function getRowArray() on bool
#0 C:\xampp\htdocs\jobbed\app\Controllers\data_handling.php(113): App\Models\user_model->login_worker('workertest@gmai...')
#1 C:\xampp\htdocs\jobbed\system\CodeIgniter.php(832): App\Controllers\data_handling->login_worker()
#2 C:\xampp\htdocs\jobbed\system\CodeIgniter.php(419): CodeIgniter\CodeIgniter->runController(Object(App\Controllers\data_handling))
#3 C:\xampp\htdocs\jobbed\system\CodeIgniter.php(326): CodeIgniter\CodeIgniter->handleRequest(NULL, Object(Config\Cache), false)
#4 C:\xampp\htdocs\jobbed\public\index.php(37): CodeIgniter\CodeIgniter->run()
#5 C:\xampp\htdocs\jobbed\system\Commands\Server\rewrite.php(43): require_once('C:\\xampp\\htdocs...')
#6 {main}
ERROR - 2022-07-17 09:45:06 --> Unknown column 'role_id' in 'where clause'
CRITICAL - 2022-07-17 09:45:06 --> Call to a member function getRowArray() on bool
#0 C:\xampp\htdocs\jobbed\app\Controllers\data_handling.php(113): App\Models\user_model->login_worker('workertest@gmai...')
#1 C:\xampp\htdocs\jobbed\system\CodeIgniter.php(832): App\Controllers\data_handling->login_worker()
#2 C:\xampp\htdocs\jobbed\system\CodeIgniter.php(419): CodeIgniter\CodeIgniter->runController(Object(App\Controllers\data_handling))
#3 C:\xampp\htdocs\jobbed\system\CodeIgniter.php(326): CodeIgniter\CodeIgniter->handleRequest(NULL, Object(Config\Cache), false)
#4 C:\xampp\htdocs\jobbed\public\index.php(37): CodeIgniter\CodeIgniter->run()
#5 C:\xampp\htdocs\jobbed\system\Commands\Server\rewrite.php(43): require_once('C:\\xampp\\htdocs...')
#6 {main}
ERROR - 2022-07-17 09:45:06 --> Unknown column 'role_id' in 'where clause'
CRITICAL - 2022-07-17 09:45:06 --> Call to a member function getRowArray() on bool
#0 C:\xampp\htdocs\jobbed\app\Controllers\data_handling.php(113): App\Models\user_model->login_worker('workertest@gmai...')
#1 C:\xampp\htdocs\jobbed\system\CodeIgniter.php(832): App\Controllers\data_handling->login_worker()
#2 C:\xampp\htdocs\jobbed\system\CodeIgniter.php(419): CodeIgniter\CodeIgniter->runController(Object(App\Controllers\data_handling))
#3 C:\xampp\htdocs\jobbed\system\CodeIgniter.php(326): CodeIgniter\CodeIgniter->handleRequest(NULL, Object(Config\Cache), false)
#4 C:\xampp\htdocs\jobbed\public\index.php(37): CodeIgniter\CodeIgniter->run()
#5 C:\xampp\htdocs\jobbed\system\Commands\Server\rewrite.php(43): require_once('C:\\xampp\\htdocs...')
#6 {main}
ERROR - 2022-07-17 09:45:06 --> Unknown column 'role_id' in 'where clause'
CRITICAL - 2022-07-17 09:45:06 --> Call to a member function getRowArray() on bool
#0 C:\xampp\htdocs\jobbed\app\Controllers\data_handling.php(113): App\Models\user_model->login_worker('workertest@gmai...')
#1 C:\xampp\htdocs\jobbed\system\CodeIgniter.php(832): App\Controllers\data_handling->login_worker()
#2 C:\xampp\htdocs\jobbed\system\CodeIgniter.php(419): CodeIgniter\CodeIgniter->runController(Object(App\Controllers\data_handling))
#3 C:\xampp\htdocs\jobbed\system\CodeIgniter.php(326): CodeIgniter\CodeIgniter->handleRequest(NULL, Object(Config\Cache), false)
#4 C:\xampp\htdocs\jobbed\public\index.php(37): CodeIgniter\CodeIgniter->run()
#5 C:\xampp\htdocs\jobbed\system\Commands\Server\rewrite.php(43): require_once('C:\\xampp\\htdocs...')
#6 {main}
ERROR - 2022-07-17 09:45:06 --> Unknown column 'role_id' in 'where clause'
CRITICAL - 2022-07-17 09:45:06 --> Call to a member function getRowArray() on bool
#0 C:\xampp\htdocs\jobbed\app\Controllers\data_handling.php(113): App\Models\user_model->login_worker('workertest@gmai...')
#1 C:\xampp\htdocs\jobbed\system\CodeIgniter.php(832): App\Controllers\data_handling->login_worker()
#2 C:\xampp\htdocs\jobbed\system\CodeIgniter.php(419): CodeIgniter\CodeIgniter->runController(Object(App\Controllers\data_handling))
#3 C:\xampp\htdocs\jobbed\system\CodeIgniter.php(326): CodeIgniter\CodeIgniter->handleRequest(NULL, Object(Config\Cache), false)
#4 C:\xampp\htdocs\jobbed\public\index.php(37): CodeIgniter\CodeIgniter->run()
#5 C:\xampp\htdocs\jobbed\system\Commands\Server\rewrite.php(43): require_once('C:\\xampp\\htdocs...')
#6 {main}
ERROR - 2022-07-17 09:45:06 --> Unknown column 'role_id' in 'where clause'
CRITICAL - 2022-07-17 09:45:06 --> Call to a member function getRowArray() on bool
#0 C:\xampp\htdocs\jobbed\app\Controllers\data_handling.php(113): App\Models\user_model->login_worker('workertest@gmai...')
#1 C:\xampp\htdocs\jobbed\system\CodeIgniter.php(832): App\Controllers\data_handling->login_worker()
#2 C:\xampp\htdocs\jobbed\system\CodeIgniter.php(419): CodeIgniter\CodeIgniter->runController(Object(App\Controllers\data_handling))
#3 C:\xampp\htdocs\jobbed\system\CodeIgniter.php(326): CodeIgniter\CodeIgniter->handleRequest(NULL, Object(Config\Cache), false)
#4 C:\xampp\htdocs\jobbed\public\index.php(37): CodeIgniter\CodeIgniter->run()
#5 C:\xampp\htdocs\jobbed\system\Commands\Server\rewrite.php(43): require_once('C:\\xampp\\htdocs...')
#6 {main}
ERROR - 2022-07-17 09:45:08 --> Unknown column 'role_id' in 'where clause'
CRITICAL - 2022-07-17 09:45:08 --> Call to a member function getRowArray() on bool
#0 C:\xampp\htdocs\jobbed\app\Controllers\data_handling.php(113): App\Models\user_model->login_worker('workertest@gmai...')
#1 C:\xampp\htdocs\jobbed\system\CodeIgniter.php(832): App\Controllers\data_handling->login_worker()
#2 C:\xampp\htdocs\jobbed\system\CodeIgniter.php(419): CodeIgniter\CodeIgniter->runController(Object(App\Controllers\data_handling))
#3 C:\xampp\htdocs\jobbed\system\CodeIgniter.php(326): CodeIgniter\CodeIgniter->handleRequest(NULL, Object(Config\Cache), false)
#4 C:\xampp\htdocs\jobbed\public\index.php(37): CodeIgniter\CodeIgniter->run()
#5 C:\xampp\htdocs\jobbed\system\Commands\Server\rewrite.php(43): require_once('C:\\xampp\\htdocs...')
#6 {main}
ERROR - 2022-07-17 09:45:10 --> Unknown column 'role_id' in 'where clause'
CRITICAL - 2022-07-17 09:45:10 --> Call to a member function getRowArray() on bool
#0 C:\xampp\htdocs\jobbed\app\Controllers\data_handling.php(113): App\Models\user_model->login_worker('workertest@gmai...')
#1 C:\xampp\htdocs\jobbed\system\CodeIgniter.php(832): App\Controllers\data_handling->login_worker()
#2 C:\xampp\htdocs\jobbed\system\CodeIgniter.php(419): CodeIgniter\CodeIgniter->runController(Object(App\Controllers\data_handling))
#3 C:\xampp\htdocs\jobbed\system\CodeIgniter.php(326): CodeIgniter\CodeIgniter->handleRequest(NULL, Object(Config\Cache), false)
#4 C:\xampp\htdocs\jobbed\public\index.php(37): CodeIgniter\CodeIgniter->run()
#5 C:\xampp\htdocs\jobbed\system\Commands\Server\rewrite.php(43): require_once('C:\\xampp\\htdocs...')
#6 {main}
ERROR - 2022-07-17 09:45:10 --> Unknown column 'role_id' in 'where clause'
CRITICAL - 2022-07-17 09:45:10 --> Call to a member function getRowArray() on bool
#0 C:\xampp\htdocs\jobbed\app\Controllers\data_handling.php(113): App\Models\user_model->login_worker('workertest@gmai...')
#1 C:\xampp\htdocs\jobbed\system\CodeIgniter.php(832): App\Controllers\data_handling->login_worker()
#2 C:\xampp\htdocs\jobbed\system\CodeIgniter.php(419): CodeIgniter\CodeIgniter->runController(Object(App\Controllers\data_handling))
#3 C:\xampp\htdocs\jobbed\system\CodeIgniter.php(326): CodeIgniter\CodeIgniter->handleRequest(NULL, Object(Config\Cache), false)
#4 C:\xampp\htdocs\jobbed\public\index.php(37): CodeIgniter\CodeIgniter->run()
#5 C:\xampp\htdocs\jobbed\system\Commands\Server\rewrite.php(43): require_once('C:\\xampp\\htdocs...')
#6 {main}
ERROR - 2022-07-17 09:45:10 --> Unknown column 'role_id' in 'where clause'
CRITICAL - 2022-07-17 09:45:10 --> Call to a member function getRowArray() on bool
#0 C:\xampp\htdocs\jobbed\app\Controllers\data_handling.php(113): App\Models\user_model->login_worker('workertest@gmai...')
#1 C:\xampp\htdocs\jobbed\system\CodeIgniter.php(832): App\Controllers\data_handling->login_worker()
#2 C:\xampp\htdocs\jobbed\system\CodeIgniter.php(419): CodeIgniter\CodeIgniter->runController(Object(App\Controllers\data_handling))
#3 C:\xampp\htdocs\jobbed\system\CodeIgniter.php(326): CodeIgniter\CodeIgniter->handleRequest(NULL, Object(Config\Cache), false)
#4 C:\xampp\htdocs\jobbed\public\index.php(37): CodeIgniter\CodeIgniter->run()
#5 C:\xampp\htdocs\jobbed\system\Commands\Server\rewrite.php(43): require_once('C:\\xampp\\htdocs...')
#6 {main}
ERROR - 2022-07-17 09:51:58 --> Unknown column 'role_id' in 'where clause'
CRITICAL - 2022-07-17 09:51:58 --> Call to a member function getRowArray() on bool
#0 C:\xampp\htdocs\jobbed\app\Controllers\data_handling.php(113): App\Models\user_model->loginworker('workertest@gmai...')
#1 C:\xampp\htdocs\jobbed\system\CodeIgniter.php(832): App\Controllers\data_handling->workerLogin()
#2 C:\xampp\htdocs\jobbed\system\CodeIgniter.php(419): CodeIgniter\CodeIgniter->runController(Object(App\Controllers\data_handling))
#3 C:\xampp\htdocs\jobbed\system\CodeIgniter.php(326): CodeIgniter\CodeIgniter->handleRequest(NULL, Object(Config\Cache), false)
#4 C:\xampp\htdocs\jobbed\public\index.php(37): CodeIgniter\CodeIgniter->run()
#5 C:\xampp\htdocs\jobbed\system\Commands\Server\rewrite.php(43): require_once('C:\\xampp\\htdocs...')
#6 {main}
ERROR - 2022-07-17 09:52:00 --> Unknown column 'role_id' in 'where clause'
CRITICAL - 2022-07-17 09:52:00 --> Call to a member function getRowArray() on bool
#0 C:\xampp\htdocs\jobbed\app\Controllers\data_handling.php(113): App\Models\user_model->loginworker('workertest@gmai...')
#1 C:\xampp\htdocs\jobbed\system\CodeIgniter.php(832): App\Controllers\data_handling->workerLogin()
#2 C:\xampp\htdocs\jobbed\system\CodeIgniter.php(419): CodeIgniter\CodeIgniter->runController(Object(App\Controllers\data_handling))
#3 C:\xampp\htdocs\jobbed\system\CodeIgniter.php(326): CodeIgniter\CodeIgniter->handleRequest(NULL, Object(Config\Cache), false)
#4 C:\xampp\htdocs\jobbed\public\index.php(37): CodeIgniter\CodeIgniter->run()
#5 C:\xampp\htdocs\jobbed\system\Commands\Server\rewrite.php(43): require_once('C:\\xampp\\htdocs...')
#6 {main}
ERROR - 2022-07-17 09:52:01 --> Unknown column 'role_id' in 'where clause'
CRITICAL - 2022-07-17 09:52:01 --> Call to a member function getRowArray() on bool
#0 C:\xampp\htdocs\jobbed\app\Controllers\data_handling.php(113): App\Models\user_model->loginworker('workertest@gmai...')
#1 C:\xampp\htdocs\jobbed\system\CodeIgniter.php(832): App\Controllers\data_handling->workerLogin()
#2 C:\xampp\htdocs\jobbed\system\CodeIgniter.php(419): CodeIgniter\CodeIgniter->runController(Object(App\Controllers\data_handling))
#3 C:\xampp\htdocs\jobbed\system\CodeIgniter.php(326): CodeIgniter\CodeIgniter->handleRequest(NULL, Object(Config\Cache), false)
#4 C:\xampp\htdocs\jobbed\public\index.php(37): CodeIgniter\CodeIgniter->run()
#5 C:\xampp\htdocs\jobbed\system\Commands\Server\rewrite.php(43): require_once('C:\\xampp\\htdocs...')
#6 {main}
CRITICAL - 2022-07-17 09:57:25 --> Call to undefined method CodeIgniter\Session\Session::unset()
#0 C:\xampp\htdocs\jobbed\system\CodeIgniter.php(832): App\Controllers\data_handling->workerLogin()
#1 C:\xampp\htdocs\jobbed\system\CodeIgniter.php(419): CodeIgniter\CodeIgniter->runController(Object(App\Controllers\data_handling))
#2 C:\xampp\htdocs\jobbed\system\CodeIgniter.php(326): CodeIgniter\CodeIgniter->handleRequest(NULL, Object(Config\Cache), false)
#3 C:\xampp\htdocs\jobbed\public\index.php(37): CodeIgniter\CodeIgniter->run()
#4 C:\xampp\htdocs\jobbed\system\Commands\Server\rewrite.php(43): require_once('C:\\xampp\\htdocs...')
#5 {main}
CRITICAL - 2022-07-17 09:57:28 --> Call to undefined method CodeIgniter\Session\Session::unset()
#0 C:\xampp\htdocs\jobbed\system\CodeIgniter.php(832): App\Controllers\data_handling->workerLogin()
#1 C:\xampp\htdocs\jobbed\system\CodeIgniter.php(419): CodeIgniter\CodeIgniter->runController(Object(App\Controllers\data_handling))
#2 C:\xampp\htdocs\jobbed\system\CodeIgniter.php(326): CodeIgniter\CodeIgniter->handleRequest(NULL, Object(Config\Cache), false)
#3 C:\xampp\htdocs\jobbed\public\index.php(37): CodeIgniter\CodeIgniter->run()
#4 C:\xampp\htdocs\jobbed\system\Commands\Server\rewrite.php(43): require_once('C:\\xampp\\htdocs...')
#5 {main}
CRITICAL - 2022-07-17 09:57:28 --> Call to undefined method CodeIgniter\Session\Session::unset()
#0 C:\xampp\htdocs\jobbed\system\CodeIgniter.php(832): App\Controllers\data_handling->workerLogin()
#1 C:\xampp\htdocs\jobbed\system\CodeIgniter.php(419): CodeIgniter\CodeIgniter->runController(Object(App\Controllers\data_handling))
#2 C:\xampp\htdocs\jobbed\system\CodeIgniter.php(326): CodeIgniter\CodeIgniter->handleRequest(NULL, Object(Config\Cache), false)
#3 C:\xampp\htdocs\jobbed\public\index.php(37): CodeIgniter\CodeIgniter->run()
#4 C:\xampp\htdocs\jobbed\system\Commands\Server\rewrite.php(43): require_once('C:\\xampp\\htdocs...')
#5 {main}
CRITICAL - 2022-07-17 09:57:29 --> Call to undefined method CodeIgniter\Session\Session::unset()
#0 C:\xampp\htdocs\jobbed\system\CodeIgniter.php(832): App\Controllers\data_handling->workerLogin()
#1 C:\xampp\htdocs\jobbed\system\CodeIgniter.php(419): CodeIgniter\CodeIgniter->runController(Object(App\Controllers\data_handling))
#2 C:\xampp\htdocs\jobbed\system\CodeIgniter.php(326): CodeIgniter\CodeIgniter->handleRequest(NULL, Object(Config\Cache), false)
#3 C:\xampp\htdocs\jobbed\public\index.php(37): CodeIgniter\CodeIgniter->run()
#4 C:\xampp\htdocs\jobbed\system\Commands\Server\rewrite.php(43): require_once('C:\\xampp\\htdocs...')
#5 {main}
CRITICAL - 2022-07-17 09:57:29 --> Call to undefined method CodeIgniter\Session\Session::unset()
#0 C:\xampp\htdocs\jobbed\system\CodeIgniter.php(832): App\Controllers\data_handling->workerLogin()
#1 C:\xampp\htdocs\jobbed\system\CodeIgniter.php(419): CodeIgniter\CodeIgniter->runController(Object(App\Controllers\data_handling))
#2 C:\xampp\htdocs\jobbed\system\CodeIgniter.php(326): CodeIgniter\CodeIgniter->handleRequest(NULL, Object(Config\Cache), false)
#3 C:\xampp\htdocs\jobbed\public\index.php(37): CodeIgniter\CodeIgniter->run()
#4 C:\xampp\htdocs\jobbed\system\Commands\Server\rewrite.php(43): require_once('C:\\xampp\\htdocs...')
#5 {main}
CRITICAL - 2022-07-17 09:57:29 --> Call to undefined method CodeIgniter\Session\Session::unset()
#0 C:\xampp\htdocs\jobbed\system\CodeIgniter.php(832): App\Controllers\data_handling->workerLogin()
#1 C:\xampp\htdocs\jobbed\system\CodeIgniter.php(419): CodeIgniter\CodeIgniter->runController(Object(App\Controllers\data_handling))
#2 C:\xampp\htdocs\jobbed\system\CodeIgniter.php(326): CodeIgniter\CodeIgniter->handleRequest(NULL, Object(Config\Cache), false)
#3 C:\xampp\htdocs\jobbed\public\index.php(37): CodeIgniter\CodeIgniter->run()
#4 C:\xampp\htdocs\jobbed\system\Commands\Server\rewrite.php(43): require_once('C:\\xampp\\htdocs...')
#5 {main}
CRITICAL - 2022-07-17 09:57:29 --> Call to undefined method CodeIgniter\Session\Session::unset()
#0 C:\xampp\htdocs\jobbed\system\CodeIgniter.php(832): App\Controllers\data_handling->workerLogin()
#1 C:\xampp\htdocs\jobbed\system\CodeIgniter.php(419): CodeIgniter\CodeIgniter->runController(Object(App\Controllers\data_handling))
#2 C:\xampp\htdocs\jobbed\system\CodeIgniter.php(326): CodeIgniter\CodeIgniter->handleRequest(NULL, Object(Config\Cache), false)
#3 C:\xampp\htdocs\jobbed\public\index.php(37): CodeIgniter\CodeIgniter->run()
#4 C:\xampp\htdocs\jobbed\system\Commands\Server\rewrite.php(43): require_once('C:\\xampp\\htdocs...')
#5 {main}
CRITICAL - 2022-07-17 09:57:29 --> Call to undefined method CodeIgniter\Session\Session::unset()
#0 C:\xampp\htdocs\jobbed\system\CodeIgniter.php(832): App\Controllers\data_handling->workerLogin()
#1 C:\xampp\htdocs\jobbed\system\CodeIgniter.php(419): CodeIgniter\CodeIgniter->runController(Object(App\Controllers\data_handling))
#2 C:\xampp\htdocs\jobbed\system\CodeIgniter.php(326): CodeIgniter\CodeIgniter->handleRequest(NULL, Object(Config\Cache), false)
#3 C:\xampp\htdocs\jobbed\public\index.php(37): CodeIgniter\CodeIgniter->run()
#4 C:\xampp\htdocs\jobbed\system\Commands\Server\rewrite.php(43): require_once('C:\\xampp\\htdocs...')
#5 {main}
CRITICAL - 2022-07-17 09:57:29 --> Call to undefined method CodeIgniter\Session\Session::unset()
#0 C:\xampp\htdocs\jobbed\system\CodeIgniter.php(832): App\Controllers\data_handling->workerLogin()
#1 C:\xampp\htdocs\jobbed\system\CodeIgniter.php(419): CodeIgniter\CodeIgniter->runController(Object(App\Controllers\data_handling))
#2 C:\xampp\htdocs\jobbed\system\CodeIgniter.php(326): CodeIgniter\CodeIgniter->handleRequest(NULL, Object(Config\Cache), false)
#3 C:\xampp\htdocs\jobbed\public\index.php(37): CodeIgniter\CodeIgniter->run()
#4 C:\xampp\htdocs\jobbed\system\Commands\Server\rewrite.php(43): require_once('C:\\xampp\\htdocs...')
#5 {main}
CRITICAL - 2022-07-17 09:57:29 --> Call to undefined method CodeIgniter\Session\Session::unset()
#0 C:\xampp\htdocs\jobbed\system\CodeIgniter.php(832): App\Controllers\data_handling->workerLogin()
#1 C:\xampp\htdocs\jobbed\system\CodeIgniter.php(419): CodeIgniter\CodeIgniter->runController(Object(App\Controllers\data_handling))
#2 C:\xampp\htdocs\jobbed\system\CodeIgniter.php(326): CodeIgniter\CodeIgniter->handleRequest(NULL, Object(Config\Cache), false)
#3 C:\xampp\htdocs\jobbed\public\index.php(37): CodeIgniter\CodeIgniter->run()
#4 C:\xampp\htdocs\jobbed\system\Commands\Server\rewrite.php(43): require_once('C:\\xampp\\htdocs...')
#5 {main}
CRITICAL - 2022-07-17 09:57:30 --> Call to undefined method CodeIgniter\Session\Session::unset()
#0 C:\xampp\htdocs\jobbed\system\CodeIgniter.php(832): App\Controllers\data_handling->workerLogin()
#1 C:\xampp\htdocs\jobbed\system\CodeIgniter.php(419): CodeIgniter\CodeIgniter->runController(Object(App\Controllers\data_handling))
#2 C:\xampp\htdocs\jobbed\system\CodeIgniter.php(326): CodeIgniter\CodeIgniter->handleRequest(NULL, Object(Config\Cache), false)
#3 C:\xampp\htdocs\jobbed\public\index.php(37): CodeIgniter\CodeIgniter->run()
#4 C:\xampp\htdocs\jobbed\system\Commands\Server\rewrite.php(43): require_once('C:\\xampp\\htdocs...')
#5 {main}
CRITICAL - 2022-07-17 09:57:30 --> Call to undefined method CodeIgniter\Session\Session::unset()
#0 C:\xampp\htdocs\jobbed\system\CodeIgniter.php(832): App\Controllers\data_handling->workerLogin()
#1 C:\xampp\htdocs\jobbed\system\CodeIgniter.php(419): CodeIgniter\CodeIgniter->runController(Object(App\Controllers\data_handling))
#2 C:\xampp\htdocs\jobbed\system\CodeIgniter.php(326): CodeIgniter\CodeIgniter->handleRequest(NULL, Object(Config\Cache), false)
#3 C:\xampp\htdocs\jobbed\public\index.php(37): CodeIgniter\CodeIgniter->run()
#4 C:\xampp\htdocs\jobbed\system\Commands\Server\rewrite.php(43): require_once('C:\\xampp\\htdocs...')
#5 {main}
CRITICAL - 2022-07-17 09:57:30 --> Call to undefined method CodeIgniter\Session\Session::unset()
#0 C:\xampp\htdocs\jobbed\system\CodeIgniter.php(832): App\Controllers\data_handling->workerLogin()
#1 C:\xampp\htdocs\jobbed\system\CodeIgniter.php(419): CodeIgniter\CodeIgniter->runController(Object(App\Controllers\data_handling))
#2 C:\xampp\htdocs\jobbed\system\CodeIgniter.php(326): CodeIgniter\CodeIgniter->handleRequest(NULL, Object(Config\Cache), false)
#3 C:\xampp\htdocs\jobbed\public\index.php(37): CodeIgniter\CodeIgniter->run()
#4 C:\xampp\htdocs\jobbed\system\Commands\Server\rewrite.php(43): require_once('C:\\xampp\\htdocs...')
#5 {main}
CRITICAL - 2022-07-17 09:57:31 --> Call to undefined method CodeIgniter\Session\Session::unset()
#0 C:\xampp\htdocs\jobbed\system\CodeIgniter.php(832): App\Controllers\data_handling->workerLogin()
#1 C:\xampp\htdocs\jobbed\system\CodeIgniter.php(419): CodeIgniter\CodeIgniter->runController(Object(App\Controllers\data_handling))
#2 C:\xampp\htdocs\jobbed\system\CodeIgniter.php(326): CodeIgniter\CodeIgniter->handleRequest(NULL, Object(Config\Cache), false)
#3 C:\xampp\htdocs\jobbed\public\index.php(37): CodeIgniter\CodeIgniter->run()
#4 C:\xampp\htdocs\jobbed\system\Commands\Server\rewrite.php(43): require_once('C:\\xampp\\htdocs...')
#5 {main}
CRITICAL - 2022-07-17 09:57:31 --> Call to undefined method CodeIgniter\Session\Session::unset()
#0 C:\xampp\htdocs\jobbed\system\CodeIgniter.php(832): App\Controllers\data_handling->workerLogin()
#1 C:\xampp\htdocs\jobbed\system\CodeIgniter.php(419): CodeIgniter\CodeIgniter->runController(Object(App\Controllers\data_handling))
#2 C:\xampp\htdocs\jobbed\system\CodeIgniter.php(326): CodeIgniter\CodeIgniter->handleRequest(NULL, Object(Config\Cache), false)
#3 C:\xampp\htdocs\jobbed\public\index.php(37): CodeIgniter\CodeIgniter->run()
#4 C:\xampp\htdocs\jobbed\system\Commands\Server\rewrite.php(43): require_once('C:\\xampp\\htdocs...')
#5 {main}
CRITICAL - 2022-07-17 09:57:31 --> Call to undefined method CodeIgniter\Session\Session::unset()
#0 C:\xampp\htdocs\jobbed\system\CodeIgniter.php(832): App\Controllers\data_handling->workerLogin()
#1 C:\xampp\htdocs\jobbed\system\CodeIgniter.php(419): CodeIgniter\CodeIgniter->runController(Object(App\Controllers\data_handling))
#2 C:\xampp\htdocs\jobbed\system\CodeIgniter.php(326): CodeIgniter\CodeIgniter->handleRequest(NULL, Object(Config\Cache), false)
#3 C:\xampp\htdocs\jobbed\public\index.php(37): CodeIgniter\CodeIgniter->run()
#4 C:\xampp\htdocs\jobbed\system\Commands\Server\rewrite.php(43): require_once('C:\\xampp\\htdocs...')
#5 {main}
CRITICAL - 2022-07-17 09:57:55 --> Call to undefined method CodeIgniter\Session\Session::unset()
#0 C:\xampp\htdocs\jobbed\system\CodeIgniter.php(832): App\Controllers\data_handling->workerLogin()
#1 C:\xampp\htdocs\jobbed\system\CodeIgniter.php(419): CodeIgniter\CodeIgniter->runController(Object(App\Controllers\data_handling))
#2 C:\xampp\htdocs\jobbed\system\CodeIgniter.php(326): CodeIgniter\CodeIgniter->handleRequest(NULL, Object(Config\Cache), false)
#3 C:\xampp\htdocs\jobbed\public\index.php(37): CodeIgniter\CodeIgniter->run()
#4 C:\xampp\htdocs\jobbed\system\Commands\Server\rewrite.php(43): require_once('C:\\xampp\\htdocs...')
#5 {main}
CRITICAL - 2022-07-17 09:57:55 --> Call to undefined method CodeIgniter\Session\Session::unset()
#0 C:\xampp\htdocs\jobbed\system\CodeIgniter.php(832): App\Controllers\data_handling->workerLogin()
#1 C:\xampp\htdocs\jobbed\system\CodeIgniter.php(419): CodeIgniter\CodeIgniter->runController(Object(App\Controllers\data_handling))
#2 C:\xampp\htdocs\jobbed\system\CodeIgniter.php(326): CodeIgniter\CodeIgniter->handleRequest(NULL, Object(Config\Cache), false)
#3 C:\xampp\htdocs\jobbed\public\index.php(37): CodeIgniter\CodeIgniter->run()
#4 C:\xampp\htdocs\jobbed\system\Commands\Server\rewrite.php(43): require_once('C:\\xampp\\htdocs...')
#5 {main}
CRITICAL - 2022-07-17 09:58:18 --> Call to undefined method CodeIgniter\Session\Session::unset()
#0 C:\xampp\htdocs\jobbed\system\CodeIgniter.php(832): App\Controllers\data_handling->workerLogin()
#1 C:\xampp\htdocs\jobbed\system\CodeIgniter.php(419): CodeIgniter\CodeIgniter->runController(Object(App\Controllers\data_handling))
#2 C:\xampp\htdocs\jobbed\system\CodeIgniter.php(326): CodeIgniter\CodeIgniter->handleRequest(NULL, Object(Config\Cache), false)
#3 C:\xampp\htdocs\jobbed\public\index.php(37): CodeIgniter\CodeIgniter->run()
#4 C:\xampp\htdocs\jobbed\system\Commands\Server\rewrite.php(43): require_once('C:\\xampp\\htdocs...')
#5 {main}
CRITICAL - 2022-07-17 09:58:20 --> Call to undefined method CodeIgniter\Session\Session::unset()
#0 C:\xampp\htdocs\jobbed\system\CodeIgniter.php(832): App\Controllers\data_handling->workerLogin()
#1 C:\xampp\htdocs\jobbed\system\CodeIgniter.php(419): CodeIgniter\CodeIgniter->runController(Object(App\Controllers\data_handling))
#2 C:\xampp\htdocs\jobbed\system\CodeIgniter.php(326): CodeIgniter\CodeIgniter->handleRequest(NULL, Object(Config\Cache), false)
#3 C:\xampp\htdocs\jobbed\public\index.php(37): CodeIgniter\CodeIgniter->run()
#4 C:\xampp\htdocs\jobbed\system\Commands\Server\rewrite.php(43): require_once('C:\\xampp\\htdocs...')
#5 {main}
CRITICAL - 2022-07-17 09:58:20 --> Call to undefined method CodeIgniter\Session\Session::unset()
#0 C:\xampp\htdocs\jobbed\system\CodeIgniter.php(832): App\Controllers\data_handling->workerLogin()
#1 C:\xampp\htdocs\jobbed\system\CodeIgniter.php(419): CodeIgniter\CodeIgniter->runController(Object(App\Controllers\data_handling))
#2 C:\xampp\htdocs\jobbed\system\CodeIgniter.php(326): CodeIgniter\CodeIgniter->handleRequest(NULL, Object(Config\Cache), false)
#3 C:\xampp\htdocs\jobbed\public\index.php(37): CodeIgniter\CodeIgniter->run()
#4 C:\xampp\htdocs\jobbed\system\Commands\Server\rewrite.php(43): require_once('C:\\xampp\\htdocs...')
#5 {main}
CRITICAL - 2022-07-17 09:58:20 --> Call to undefined method CodeIgniter\Session\Session::unset()
#0 C:\xampp\htdocs\jobbed\system\CodeIgniter.php(832): App\Controllers\data_handling->workerLogin()
#1 C:\xampp\htdocs\jobbed\system\CodeIgniter.php(419): CodeIgniter\CodeIgniter->runController(Object(App\Controllers\data_handling))
#2 C:\xampp\htdocs\jobbed\system\CodeIgniter.php(326): CodeIgniter\CodeIgniter->handleRequest(NULL, Object(Config\Cache), false)
#3 C:\xampp\htdocs\jobbed\public\index.php(37): CodeIgniter\CodeIgniter->run()
#4 C:\xampp\htdocs\jobbed\system\Commands\Server\rewrite.php(43): require_once('C:\\xampp\\htdocs...')
#5 {main}
CRITICAL - 2022-07-17 09:58:20 --> Call to undefined method CodeIgniter\Session\Session::unset()
#0 C:\xampp\htdocs\jobbed\system\CodeIgniter.php(832): App\Controllers\data_handling->workerLogin()
#1 C:\xampp\htdocs\jobbed\system\CodeIgniter.php(419): CodeIgniter\CodeIgniter->runController(Object(App\Controllers\data_handling))
#2 C:\xampp\htdocs\jobbed\system\CodeIgniter.php(326): CodeIgniter\CodeIgniter->handleRequest(NULL, Object(Config\Cache), false)
#3 C:\xampp\htdocs\jobbed\public\index.php(37): CodeIgniter\CodeIgniter->run()
#4 C:\xampp\htdocs\jobbed\system\Commands\Server\rewrite.php(43): require_once('C:\\xampp\\htdocs...')
#5 {main}
CRITICAL - 2022-07-17 09:58:20 --> Call to undefined method CodeIgniter\Session\Session::unset()
#0 C:\xampp\htdocs\jobbed\system\CodeIgniter.php(832): App\Controllers\data_handling->workerLogin()
#1 C:\xampp\htdocs\jobbed\system\CodeIgniter.php(419): CodeIgniter\CodeIgniter->runController(Object(App\Controllers\data_handling))
#2 C:\xampp\htdocs\jobbed\system\CodeIgniter.php(326): CodeIgniter\CodeIgniter->handleRequest(NULL, Object(Config\Cache), false)
#3 C:\xampp\htdocs\jobbed\public\index.php(37): CodeIgniter\CodeIgniter->run()
#4 C:\xampp\htdocs\jobbed\system\Commands\Server\rewrite.php(43): require_once('C:\\xampp\\htdocs...')
#5 {main}
CRITICAL - 2022-07-17 09:58:21 --> Call to undefined method CodeIgniter\Session\Session::unset()
#0 C:\xampp\htdocs\jobbed\system\CodeIgniter.php(832): App\Controllers\data_handling->workerLogin()
#1 C:\xampp\htdocs\jobbed\system\CodeIgniter.php(419): CodeIgniter\CodeIgniter->runController(Object(App\Controllers\data_handling))
#2 C:\xampp\htdocs\jobbed\system\CodeIgniter.php(326): CodeIgniter\CodeIgniter->handleRequest(NULL, Object(Config\Cache), false)
#3 C:\xampp\htdocs\jobbed\public\index.php(37): CodeIgniter\CodeIgniter->run()
#4 C:\xampp\htdocs\jobbed\system\Commands\Server\rewrite.php(43): require_once('C:\\xampp\\htdocs...')
#5 {main}
ERROR - 2022-07-17 10:54:17 --> Unknown column 'tbl_issue.issue_owner_id' in 'where clause'
CRITICAL - 2022-07-17 10:54:17 --> Call to a member function getResultArray() on bool
#0 C:\xampp\htdocs\jobbed\app\Controllers\data_handling.php(197): App\Models\user_model->getData('SELECT tbl_user...')
#1 C:\xampp\htdocs\jobbed\system\CodeIgniter.php(832): App\Controllers\data_handling->getFreeJobs()
#2 C:\xampp\htdocs\jobbed\system\CodeIgniter.php(419): CodeIgniter\CodeIgniter->runController(Object(App\Controllers\data_handling))
#3 C:\xampp\htdocs\jobbed\system\CodeIgniter.php(326): CodeIgniter\CodeIgniter->handleRequest(NULL, Object(Config\Cache), false)
#4 C:\xampp\htdocs\jobbed\public\index.php(37): CodeIgniter\CodeIgniter->run()
#5 C:\xampp\htdocs\jobbed\system\Commands\Server\rewrite.php(43): require_once('C:\\xampp\\htdocs...')
#6 {main}
ERROR - 2022-07-17 10:54:24 --> Unknown column 'tbl_issue.issue_owner_id' in 'where clause'
CRITICAL - 2022-07-17 10:54:24 --> Call to a member function getResultArray() on bool
#0 C:\xampp\htdocs\jobbed\app\Controllers\data_handling.php(197): App\Models\user_model->getData('SELECT tbl_user...')
#1 C:\xampp\htdocs\jobbed\system\CodeIgniter.php(832): App\Controllers\data_handling->getFreeJobs()
#2 C:\xampp\htdocs\jobbed\system\CodeIgniter.php(419): CodeIgniter\CodeIgniter->runController(Object(App\Controllers\data_handling))
#3 C:\xampp\htdocs\jobbed\system\CodeIgniter.php(326): CodeIgniter\CodeIgniter->handleRequest(NULL, Object(Config\Cache), false)
#4 C:\xampp\htdocs\jobbed\public\index.php(37): CodeIgniter\CodeIgniter->run()
#5 C:\xampp\htdocs\jobbed\system\Commands\Server\rewrite.php(43): require_once('C:\\xampp\\htdocs...')
#6 {main}
ERROR - 2022-07-17 10:56:18 --> Unknown column 'tbl_issue.issue_owner_id' in 'where clause'
CRITICAL - 2022-07-17 10:56:18 --> Call to a member function getResultArray() on bool
#0 C:\xampp\htdocs\jobbed\app\Controllers\data_handling.php(197): App\Models\user_model->getData('SELECT tbl_user...')
#1 C:\xampp\htdocs\jobbed\system\CodeIgniter.php(832): App\Controllers\data_handling->getFreeJobs()
#2 C:\xampp\htdocs\jobbed\system\CodeIgniter.php(419): CodeIgniter\CodeIgniter->runController(Object(App\Controllers\data_handling))
#3 C:\xampp\htdocs\jobbed\system\CodeIgniter.php(326): CodeIgniter\CodeIgniter->handleRequest(NULL, Object(Config\Cache), false)
#4 C:\xampp\htdocs\jobbed\public\index.php(37): CodeIgniter\CodeIgniter->run()
#5 C:\xampp\htdocs\jobbed\system\Commands\Server\rewrite.php(43): require_once('C:\\xampp\\htdocs...')
#6 {main}
ERROR - 2022-07-17 10:56:18 --> Unknown column 'tbl_issue.issue_owner_id' in 'where clause'
CRITICAL - 2022-07-17 10:56:18 --> Call to a member function getResultArray() on bool
#0 C:\xampp\htdocs\jobbed\app\Controllers\data_handling.php(197): App\Models\user_model->getData('SELECT tbl_user...')
#1 C:\xampp\htdocs\jobbed\system\CodeIgniter.php(832): App\Controllers\data_handling->getFreeJobs()
#2 C:\xampp\htdocs\jobbed\system\CodeIgniter.php(419): CodeIgniter\CodeIgniter->runController(Object(App\Controllers\data_handling))
#3 C:\xampp\htdocs\jobbed\system\CodeIgniter.php(326): CodeIgniter\CodeIgniter->handleRequest(NULL, Object(Config\Cache), false)
#4 C:\xampp\htdocs\jobbed\public\index.php(37): CodeIgniter\CodeIgniter->run()
#5 C:\xampp\htdocs\jobbed\system\Commands\Server\rewrite.php(43): require_once('C:\\xampp\\htdocs...')
#6 {main}
ERROR - 2022-07-17 10:56:19 --> Unknown column 'tbl_issue.issue_owner_id' in 'where clause'
CRITICAL - 2022-07-17 10:56:19 --> Call to a member function getResultArray() on bool
#0 C:\xampp\htdocs\jobbed\app\Controllers\data_handling.php(197): App\Models\user_model->getData('SELECT tbl_user...')
#1 C:\xampp\htdocs\jobbed\system\CodeIgniter.php(832): App\Controllers\data_handling->getFreeJobs()
#2 C:\xampp\htdocs\jobbed\system\CodeIgniter.php(419): CodeIgniter\CodeIgniter->runController(Object(App\Controllers\data_handling))
#3 C:\xampp\htdocs\jobbed\system\CodeIgniter.php(326): CodeIgniter\CodeIgniter->handleRequest(NULL, Object(Config\Cache), false)
#4 C:\xampp\htdocs\jobbed\public\index.php(37): CodeIgniter\CodeIgniter->run()
#5 C:\xampp\htdocs\jobbed\system\Commands\Server\rewrite.php(43): require_once('C:\\xampp\\htdocs...')
#6 {main}
ERROR - 2022-07-17 10:56:19 --> Unknown column 'tbl_issue.issue_owner_id' in 'where clause'
CRITICAL - 2022-07-17 10:56:19 --> Call to a member function getResultArray() on bool
#0 C:\xampp\htdocs\jobbed\app\Controllers\data_handling.php(197): App\Models\user_model->getData('SELECT tbl_user...')
#1 C:\xampp\htdocs\jobbed\system\CodeIgniter.php(832): App\Controllers\data_handling->getFreeJobs()
#2 C:\xampp\htdocs\jobbed\system\CodeIgniter.php(419): CodeIgniter\CodeIgniter->runController(Object(App\Controllers\data_handling))
#3 C:\xampp\htdocs\jobbed\system\CodeIgniter.php(326): CodeIgniter\CodeIgniter->handleRequest(NULL, Object(Config\Cache), false)
#4 C:\xampp\htdocs\jobbed\public\index.php(37): CodeIgniter\CodeIgniter->run()
#5 C:\xampp\htdocs\jobbed\system\Commands\Server\rewrite.php(43): require_once('C:\\xampp\\htdocs...')
#6 {main}
ERROR - 2022-07-17 10:56:20 --> Unknown column 'tbl_issue.issue_owner_id' in 'where clause'
CRITICAL - 2022-07-17 10:56:20 --> Call to a member function getResultArray() on bool
#0 C:\xampp\htdocs\jobbed\app\Controllers\data_handling.php(197): App\Models\user_model->getData('SELECT tbl_user...')
#1 C:\xampp\htdocs\jobbed\system\CodeIgniter.php(832): App\Controllers\data_handling->getFreeJobs()
#2 C:\xampp\htdocs\jobbed\system\CodeIgniter.php(419): CodeIgniter\CodeIgniter->runController(Object(App\Controllers\data_handling))
#3 C:\xampp\htdocs\jobbed\system\CodeIgniter.php(326): CodeIgniter\CodeIgniter->handleRequest(NULL, Object(Config\Cache), false)
#4 C:\xampp\htdocs\jobbed\public\index.php(37): CodeIgniter\CodeIgniter->run()
#5 C:\xampp\htdocs\jobbed\system\Commands\Server\rewrite.php(43): require_once('C:\\xampp\\htdocs...')
#6 {main}
ERROR - 2022-07-17 10:56:20 --> Unknown column 'tbl_issue.issue_owner_id' in 'where clause'
CRITICAL - 2022-07-17 10:56:20 --> Call to a member function getResultArray() on bool
#0 C:\xampp\htdocs\jobbed\app\Controllers\data_handling.php(197): App\Models\user_model->getData('SELECT tbl_user...')
#1 C:\xampp\htdocs\jobbed\system\CodeIgniter.php(832): App\Controllers\data_handling->getFreeJobs()
#2 C:\xampp\htdocs\jobbed\system\CodeIgniter.php(419): CodeIgniter\CodeIgniter->runController(Object(App\Controllers\data_handling))
#3 C:\xampp\htdocs\jobbed\system\CodeIgniter.php(326): CodeIgniter\CodeIgniter->handleRequest(NULL, Object(Config\Cache), false)
#4 C:\xampp\htdocs\jobbed\public\index.php(37): CodeIgniter\CodeIgniter->run()
#5 C:\xampp\htdocs\jobbed\system\Commands\Server\rewrite.php(43): require_once('C:\\xampp\\htdocs...')
#6 {main}
ERROR - 2022-07-17 10:56:20 --> Unknown column 'tbl_issue.issue_owner_id' in 'where clause'
CRITICAL - 2022-07-17 10:56:20 --> Call to a member function getResultArray() on bool
#0 C:\xampp\htdocs\jobbed\app\Controllers\data_handling.php(197): App\Models\user_model->getData('SELECT tbl_user...')
#1 C:\xampp\htdocs\jobbed\system\CodeIgniter.php(832): App\Controllers\data_handling->getFreeJobs()
#2 C:\xampp\htdocs\jobbed\system\CodeIgniter.php(419): CodeIgniter\CodeIgniter->runController(Object(App\Controllers\data_handling))
#3 C:\xampp\htdocs\jobbed\system\CodeIgniter.php(326): CodeIgniter\CodeIgniter->handleRequest(NULL, Object(Config\Cache), false)
#4 C:\xampp\htdocs\jobbed\public\index.php(37): CodeIgniter\CodeIgniter->run()
#5 C:\xampp\htdocs\jobbed\system\Commands\Server\rewrite.php(43): require_once('C:\\xampp\\htdocs...')
#6 {main}
ERROR - 2022-07-17 10:56:42 --> Unknown column 'tbl_issue.issue_owner_id' in 'where clause'
CRITICAL - 2022-07-17 10:56:42 --> Call to a member function getResultArray() on bool
#0 C:\xampp\htdocs\jobbed\app\Controllers\data_handling.php(197): App\Models\user_model->getData('SELECT tbl_user...')
#1 C:\xampp\htdocs\jobbed\system\CodeIgniter.php(832): App\Controllers\data_handling->getFreeJobs()
#2 C:\xampp\htdocs\jobbed\system\CodeIgniter.php(419): CodeIgniter\CodeIgniter->runController(Object(App\Controllers\data_handling))
#3 C:\xampp\htdocs\jobbed\system\CodeIgniter.php(326): CodeIgniter\CodeIgniter->handleRequest(NULL, Object(Config\Cache), false)
#4 C:\xampp\htdocs\jobbed\public\index.php(37): CodeIgniter\CodeIgniter->run()
#5 C:\xampp\htdocs\jobbed\system\Commands\Server\rewrite.php(43): require_once('C:\\xampp\\htdocs...')
#6 {main}
ERROR - 2022-07-17 10:56:42 --> Unknown column 'tbl_issue.issue_owner_id' in 'where clause'
CRITICAL - 2022-07-17 10:56:42 --> Call to a member function getResultArray() on bool
#0 C:\xampp\htdocs\jobbed\app\Controllers\data_handling.php(197): App\Models\user_model->getData('SELECT tbl_user...')
#1 C:\xampp\htdocs\jobbed\system\CodeIgniter.php(832): App\Controllers\data_handling->getFreeJobs()
#2 C:\xampp\htdocs\jobbed\system\CodeIgniter.php(419): CodeIgniter\CodeIgniter->runController(Object(App\Controllers\data_handling))
#3 C:\xampp\htdocs\jobbed\system\CodeIgniter.php(326): CodeIgniter\CodeIgniter->handleRequest(NULL, Object(Config\Cache), false)
#4 C:\xampp\htdocs\jobbed\public\index.php(37): CodeIgniter\CodeIgniter->run()
#5 C:\xampp\htdocs\jobbed\system\Commands\Server\rewrite.php(43): require_once('C:\\xampp\\htdocs...')
#6 {main}
ERROR - 2022-07-17 10:56:43 --> Unknown column 'tbl_issue.issue_owner_id' in 'where clause'
CRITICAL - 2022-07-17 10:56:43 --> Call to a member function getResultArray() on bool
#0 C:\xampp\htdocs\jobbed\app\Controllers\data_handling.php(197): App\Models\user_model->getData('SELECT tbl_user...')
#1 C:\xampp\htdocs\jobbed\system\CodeIgniter.php(832): App\Controllers\data_handling->getFreeJobs()
#2 C:\xampp\htdocs\jobbed\system\CodeIgniter.php(419): CodeIgniter\CodeIgniter->runController(Object(App\Controllers\data_handling))
#3 C:\xampp\htdocs\jobbed\system\CodeIgniter.php(326): CodeIgniter\CodeIgniter->handleRequest(NULL, Object(Config\Cache), false)
#4 C:\xampp\htdocs\jobbed\public\index.php(37): CodeIgniter\CodeIgniter->run()
#5 C:\xampp\htdocs\jobbed\system\Commands\Server\rewrite.php(43): require_once('C:\\xampp\\htdocs...')
#6 {main}
ERROR - 2022-07-17 10:56:43 --> Unknown column 'tbl_issue.issue_owner_id' in 'where clause'
CRITICAL - 2022-07-17 10:56:43 --> Call to a member function getResultArray() on bool
#0 C:\xampp\htdocs\jobbed\app\Controllers\data_handling.php(197): App\Models\user_model->getData('SELECT tbl_user...')
#1 C:\xampp\htdocs\jobbed\system\CodeIgniter.php(832): App\Controllers\data_handling->getFreeJobs()
#2 C:\xampp\htdocs\jobbed\system\CodeIgniter.php(419): CodeIgniter\CodeIgniter->runController(Object(App\Controllers\data_handling))
#3 C:\xampp\htdocs\jobbed\system\CodeIgniter.php(326): CodeIgniter\CodeIgniter->handleRequest(NULL, Object(Config\Cache), false)
#4 C:\xampp\htdocs\jobbed\public\index.php(37): CodeIgniter\CodeIgniter->run()
#5 C:\xampp\htdocs\jobbed\system\Commands\Server\rewrite.php(43): require_once('C:\\xampp\\htdocs...')
#6 {main}
ERROR - 2022-07-17 10:56:43 --> Unknown column 'tbl_issue.issue_owner_id' in 'where clause'
CRITICAL - 2022-07-17 10:56:43 --> Call to a member function getResultArray() on bool
#0 C:\xampp\htdocs\jobbed\app\Controllers\data_handling.php(197): App\Models\user_model->getData('SELECT tbl_user...')
#1 C:\xampp\htdocs\jobbed\system\CodeIgniter.php(832): App\Controllers\data_handling->getFreeJobs()
#2 C:\xampp\htdocs\jobbed\system\CodeIgniter.php(419): CodeIgniter\CodeIgniter->runController(Object(App\Controllers\data_handling))
#3 C:\xampp\htdocs\jobbed\system\CodeIgniter.php(326): CodeIgniter\CodeIgniter->handleRequest(NULL, Object(Config\Cache), false)
#4 C:\xampp\htdocs\jobbed\public\index.php(37): CodeIgniter\CodeIgniter->run()
#5 C:\xampp\htdocs\jobbed\system\Commands\Server\rewrite.php(43): require_once('C:\\xampp\\htdocs...')
#6 {main}
ERROR - 2022-07-17 10:56:43 --> Unknown column 'tbl_issue.issue_owner_id' in 'where clause'
CRITICAL - 2022-07-17 10:56:43 --> Call to a member function getResultArray() on bool
#0 C:\xampp\htdocs\jobbed\app\Controllers\data_handling.php(197): App\Models\user_model->getData('SELECT tbl_user...')
#1 C:\xampp\htdocs\jobbed\system\CodeIgniter.php(832): App\Controllers\data_handling->getFreeJobs()
#2 C:\xampp\htdocs\jobbed\system\CodeIgniter.php(419): CodeIgniter\CodeIgniter->runController(Object(App\Controllers\data_handling))
#3 C:\xampp\htdocs\jobbed\system\CodeIgniter.php(326): CodeIgniter\CodeIgniter->handleRequest(NULL, Object(Config\Cache), false)
#4 C:\xampp\htdocs\jobbed\public\index.php(37): CodeIgniter\CodeIgniter->run()
#5 C:\xampp\htdocs\jobbed\system\Commands\Server\rewrite.php(43): require_once('C:\\xampp\\htdocs...')
#6 {main}
ERROR - 2022-07-17 10:56:44 --> Unknown column 'tbl_issue.issue_owner_id' in 'where clause'
CRITICAL - 2022-07-17 10:56:44 --> Call to a member function getResultArray() on bool
#0 C:\xampp\htdocs\jobbed\app\Controllers\data_handling.php(197): App\Models\user_model->getData('SELECT tbl_user...')
#1 C:\xampp\htdocs\jobbed\system\CodeIgniter.php(832): App\Controllers\data_handling->getFreeJobs()
#2 C:\xampp\htdocs\jobbed\system\CodeIgniter.php(419): CodeIgniter\CodeIgniter->runController(Object(App\Controllers\data_handling))
#3 C:\xampp\htdocs\jobbed\system\CodeIgniter.php(326): CodeIgniter\CodeIgniter->handleRequest(NULL, Object(Config\Cache), false)
#4 C:\xampp\htdocs\jobbed\public\index.php(37): CodeIgniter\CodeIgniter->run()
#5 C:\xampp\htdocs\jobbed\system\Commands\Server\rewrite.php(43): require_once('C:\\xampp\\htdocs...')
#6 {main}
ERROR - 2022-07-17 10:56:44 --> Unknown column 'tbl_issue.issue_owner_id' in 'where clause'
CRITICAL - 2022-07-17 10:56:44 --> Call to a member function getResultArray() on bool
#0 C:\xampp\htdocs\jobbed\app\Controllers\data_handling.php(197): App\Models\user_model->getData('SELECT tbl_user...')
#1 C:\xampp\htdocs\jobbed\system\CodeIgniter.php(832): App\Controllers\data_handling->getFreeJobs()
#2 C:\xampp\htdocs\jobbed\system\CodeIgniter.php(419): CodeIgniter\CodeIgniter->runController(Object(App\Controllers\data_handling))
#3 C:\xampp\htdocs\jobbed\system\CodeIgniter.php(326): CodeIgniter\CodeIgniter->handleRequest(NULL, Object(Config\Cache), false)
#4 C:\xampp\htdocs\jobbed\public\index.php(37): CodeIgniter\CodeIgniter->run()
#5 C:\xampp\htdocs\jobbed\system\Commands\Server\rewrite.php(43): require_once('C:\\xampp\\htdocs...')
#6 {main}
ERROR - 2022-07-17 10:56:44 --> Unknown column 'tbl_issue.issue_owner_id' in 'where clause'
CRITICAL - 2022-07-17 10:56:44 --> Call to a member function getResultArray() on bool
#0 C:\xampp\htdocs\jobbed\app\Controllers\data_handling.php(197): App\Models\user_model->getData('SELECT tbl_user...')
#1 C:\xampp\htdocs\jobbed\system\CodeIgniter.php(832): App\Controllers\data_handling->getFreeJobs()
#2 C:\xampp\htdocs\jobbed\system\CodeIgniter.php(419): CodeIgniter\CodeIgniter->runController(Object(App\Controllers\data_handling))
#3 C:\xampp\htdocs\jobbed\system\CodeIgniter.php(326): CodeIgniter\CodeIgniter->handleRequest(NULL, Object(Config\Cache), false)
#4 C:\xampp\htdocs\jobbed\public\index.php(37): CodeIgniter\CodeIgniter->run()
#5 C:\xampp\htdocs\jobbed\system\Commands\Server\rewrite.php(43): require_once('C:\\xampp\\htdocs...')
#6 {main}
ERROR - 2022-07-17 10:56:45 --> Unknown column 'tbl_issue.issue_owner_id' in 'where clause'
CRITICAL - 2022-07-17 10:56:45 --> Call to a member function getResultArray() on bool
#0 C:\xampp\htdocs\jobbed\app\Controllers\data_handling.php(197): App\Models\user_model->getData('SELECT tbl_user...')
#1 C:\xampp\htdocs\jobbed\system\CodeIgniter.php(832): App\Controllers\data_handling->getFreeJobs()
#2 C:\xampp\htdocs\jobbed\system\CodeIgniter.php(419): CodeIgniter\CodeIgniter->runController(Object(App\Controllers\data_handling))
#3 C:\xampp\htdocs\jobbed\system\CodeIgniter.php(326): CodeIgniter\CodeIgniter->handleRequest(NULL, Object(Config\Cache), false)
#4 C:\xampp\htdocs\jobbed\public\index.php(37): CodeIgniter\CodeIgniter->run()
#5 C:\xampp\htdocs\jobbed\system\Commands\Server\rewrite.php(43): require_once('C:\\xampp\\htdocs...')
#6 {main}
ERROR - 2022-07-17 10:57:08 --> Unknown column 'tbl_issue.issue_owner_id' in 'where clause'
CRITICAL - 2022-07-17 10:57:08 --> Call to a member function getResultArray() on bool
#0 C:\xampp\htdocs\jobbed\app\Controllers\data_handling.php(197): App\Models\user_model->getData('SELECT tbl_user...')
#1 C:\xampp\htdocs\jobbed\system\CodeIgniter.php(832): App\Controllers\data_handling->getFreeJobs()
#2 C:\xampp\htdocs\jobbed\system\CodeIgniter.php(419): CodeIgniter\CodeIgniter->runController(Object(App\Controllers\data_handling))
#3 C:\xampp\htdocs\jobbed\system\CodeIgniter.php(326): CodeIgniter\CodeIgniter->handleRequest(NULL, Object(Config\Cache), false)
#4 C:\xampp\htdocs\jobbed\public\index.php(37): CodeIgniter\CodeIgniter->run()
#5 C:\xampp\htdocs\jobbed\system\Commands\Server\rewrite.php(43): require_once('C:\\xampp\\htdocs...')
#6 {main}
ERROR - 2022-07-17 10:57:58 --> Unknown column 'tbl_issue.issue_owner_id' in 'where clause'
CRITICAL - 2022-07-17 10:57:58 --> Call to a member function getResultArray() on bool
#0 C:\xampp\htdocs\jobbed\app\Controllers\data_handling.php(198): App\Models\user_model->getData('SELECT tbl_user...')
#1 C:\xampp\htdocs\jobbed\system\CodeIgniter.php(832): App\Controllers\data_handling->getFreeJobs()
#2 C:\xampp\htdocs\jobbed\system\CodeIgniter.php(419): CodeIgniter\CodeIgniter->runController(Object(App\Controllers\data_handling))
#3 C:\xampp\htdocs\jobbed\system\CodeIgniter.php(326): CodeIgniter\CodeIgniter->handleRequest(NULL, Object(Config\Cache), false)
#4 C:\xampp\htdocs\jobbed\public\index.php(37): CodeIgniter\CodeIgniter->run()
#5 C:\xampp\htdocs\jobbed\system\Commands\Server\rewrite.php(43): require_once('C:\\xampp\\htdocs...')
#6 {main}
