CRITICAL - 2022-07-16 01:54:54 --> include(header.php): failed to open stream: No such file or directory
#0 C:\xampp\htdocs\gigr\app\Views\UI_worker\w-landing.php(5): CodeIgniter\Debug\Exceptions->errorHandler(2, 'include(header....', 'C:\\xampp\\htdocs...', 5, Array)
#1 C:\xampp\htdocs\gigr\app\Views\UI_worker\w-landing.php(5): include()
#2 C:\xampp\htdocs\gigr\system\View\View.php(210): include('C:\\xampp\\htdocs...')
#3 C:\xampp\htdocs\gigr\system\View\View.php(213): CodeIgniter\View\View->CodeIgniter\View\{closure}()
#4 C:\xampp\htdocs\gigr\system\Common.php(1089): CodeIgniter\View\View->render('UI_worker/w-lan...', Array, true)
#5 C:\xampp\htdocs\gigr\app\Controllers\Home.php(35): view('UI_worker/w-lan...')
#6 C:\xampp\htdocs\gigr\system\CodeIgniter.php(832): App\Controllers\Home->w_landing()
#7 C:\xampp\htdocs\gigr\system\CodeIgniter.php(419): CodeIgniter\CodeIgniter->runController(Object(App\Controllers\Home))
#8 C:\xampp\htdocs\gigr\system\CodeIgniter.php(326): CodeIgniter\CodeIgniter->handleRequest(NULL, Object(Config\Cache), false)
#9 C:\xampp\htdocs\gigr\public\index.php(37): CodeIgniter\CodeIgniter->run()
#10 C:\xampp\htdocs\gigr\system\Commands\Server\rewrite.php(43): require_once('C:\\xampp\\htdocs...')
#11 {main}
CRITICAL - 2022-07-16 01:58:02 --> include(header.php): failed to open stream: No such file or directory
#0 C:\xampp\htdocs\gigr\app\Views\UI_worker\workerHome.php(5): CodeIgniter\Debug\Exceptions->errorHandler(2, 'include(header....', 'C:\\xampp\\htdocs...', 5, Array)
#1 C:\xampp\htdocs\gigr\app\Views\UI_worker\workerHome.php(5): include()
#2 C:\xampp\htdocs\gigr\system\View\View.php(210): include('C:\\xampp\\htdocs...')
#3 C:\xampp\htdocs\gigr\system\View\View.php(213): CodeIgniter\View\View->CodeIgniter\View\{closure}()
#4 C:\xampp\htdocs\gigr\system\Common.php(1089): CodeIgniter\View\View->render('UI_worker/worke...', Array, true)
#5 C:\xampp\htdocs\gigr\app\Controllers\Home.php(35): view('UI_worker/worke...')
#6 C:\xampp\htdocs\gigr\system\CodeIgniter.php(832): App\Controllers\Home->workerHome()
#7 C:\xampp\htdocs\gigr\system\CodeIgniter.php(419): CodeIgniter\CodeIgniter->runController(Object(App\Controllers\Home))
#8 C:\xampp\htdocs\gigr\system\CodeIgniter.php(326): CodeIgniter\CodeIgniter->handleRequest(NULL, Object(Config\Cache), false)
#9 C:\xampp\htdocs\gigr\public\index.php(37): CodeIgniter\CodeIgniter->run()
#10 C:\xampp\htdocs\gigr\system\Commands\Server\rewrite.php(43): require_once('C:\\xampp\\htdocs...')
#11 {main}
CRITICAL - 2022-07-16 01:58:59 --> include(header.php): failed to open stream: No such file or directory
#0 C:\xampp\htdocs\gigr\app\Views\UI_worker\workerHome.php(5): CodeIgniter\Debug\Exceptions->errorHandler(2, 'include(header....', 'C:\\xampp\\htdocs...', 5, Array)
#1 C:\xampp\htdocs\gigr\app\Views\UI_worker\workerHome.php(5): include()
#2 C:\xampp\htdocs\gigr\system\View\View.php(210): include('C:\\xampp\\htdocs...')
#3 C:\xampp\htdocs\gigr\system\View\View.php(213): CodeIgniter\View\View->CodeIgniter\View\{closure}()
#4 C:\xampp\htdocs\gigr\system\Common.php(1089): CodeIgniter\View\View->render('UI_worker/worke...', Array, true)
#5 C:\xampp\htdocs\gigr\app\Controllers\Home.php(35): view('UI_worker/worke...')
#6 C:\xampp\htdocs\gigr\system\CodeIgniter.php(832): App\Controllers\Home->workerHome()
#7 C:\xampp\htdocs\gigr\system\CodeIgniter.php(419): CodeIgniter\CodeIgniter->runController(Object(App\Controllers\Home))
#8 C:\xampp\htdocs\gigr\system\CodeIgniter.php(326): CodeIgniter\CodeIgniter->handleRequest(NULL, Object(Config\Cache), false)
#9 C:\xampp\htdocs\gigr\public\index.php(37): CodeIgniter\CodeIgniter->run()
#10 C:\xampp\htdocs\gigr\system\Commands\Server\rewrite.php(43): require_once('C:\\xampp\\htdocs...')
#11 {main}
