CRITICAL - 2022-07-20 00:09:20 --> Call to a member function isValid() on null
#0 C:\xampp\htdocs\jobbed\system\CodeIgniter.php(832): App\Controllers\data_handling->worker_register()
#1 C:\xampp\htdocs\jobbed\system\CodeIgniter.php(419): CodeIgniter\CodeIgniter->runController(Object(App\Controllers\data_handling))
#2 C:\xampp\htdocs\jobbed\system\CodeIgniter.php(326): CodeIgniter\CodeIgniter->handleRequest(NULL, Object(Config\Cache), false)
#3 C:\xampp\htdocs\jobbed\public\index.php(37): CodeIgniter\CodeIgniter->run()
#4 C:\xampp\htdocs\jobbed\system\Commands\Server\rewrite.php(43): require_once('C:\\xampp\\htdocs...')
#5 {main}
CRITICAL - 2022-07-20 00:55:15 --> Call to a member function isValid() on null
#0 C:\xampp\htdocs\jobbed\system\CodeIgniter.php(832): App\Controllers\data_handling->worker_register()
#1 C:\xampp\htdocs\jobbed\system\CodeIgniter.php(419): CodeIgniter\CodeIgniter->runController(Object(App\Controllers\data_handling))
#2 C:\xampp\htdocs\jobbed\system\CodeIgniter.php(326): CodeIgniter\CodeIgniter->handleRequest(NULL, Object(Config\Cache), false)
#3 C:\xampp\htdocs\jobbed\public\index.php(37): CodeIgniter\CodeIgniter->run()
#4 C:\xampp\htdocs\jobbed\system\Commands\Server\rewrite.php(43): require_once('C:\\xampp\\htdocs...')
#5 {main}
CRITICAL - 2022-07-20 01:06:36 --> Call to a member function isValid() on null
#0 C:\xampp\htdocs\jobbed\system\CodeIgniter.php(832): App\Controllers\data_handling->worker_register()
#1 C:\xampp\htdocs\jobbed\system\CodeIgniter.php(419): CodeIgniter\CodeIgniter->runController(Object(App\Controllers\data_handling))
#2 C:\xampp\htdocs\jobbed\system\CodeIgniter.php(326): CodeIgniter\CodeIgniter->handleRequest(NULL, Object(Config\Cache), false)
#3 C:\xampp\htdocs\jobbed\public\index.php(37): CodeIgniter\CodeIgniter->run()
#4 C:\xampp\htdocs\jobbed\system\Commands\Server\rewrite.php(43): require_once('C:\\xampp\\htdocs...')
#5 {main}
ERROR - 2022-07-20 01:14:02 --> Cannot add or update a child row: a foreign key constraint fails (`jobbed`.`tbl_issues`, CONSTRAINT `tbl_issues_ibfk_5` FOREIGN KEY (`issue_handler_id`) REFERENCES `tbl_users` (`user_id`))
ERROR - 2022-07-20 02:11:56 --> Unknown column 'is_verified' in 'where clause'
CRITICAL - 2022-07-20 02:11:56 --> Call to a member function getResultArray() on bool
#0 C:\xampp\htdocs\jobbed\app\Controllers\data_handling.php(433): App\Models\user_model->getData('SELECT * FROM t...')
#1 C:\xampp\htdocs\jobbed\system\CodeIgniter.php(832): App\Controllers\data_handling->getApplications()
#2 C:\xampp\htdocs\jobbed\system\CodeIgniter.php(419): CodeIgniter\CodeIgniter->runController(Object(App\Controllers\data_handling))
#3 C:\xampp\htdocs\jobbed\system\CodeIgniter.php(326): CodeIgniter\CodeIgniter->handleRequest(NULL, Object(Config\Cache), false)
#4 C:\xampp\htdocs\jobbed\public\index.php(37): CodeIgniter\CodeIgniter->run()
#5 C:\xampp\htdocs\jobbed\system\Commands\Server\rewrite.php(43): require_once('C:\\xampp\\htdocs...')
#6 {main}
ERROR - 2022-07-20 02:12:54 --> Unknown column 'is_verified' in 'where clause'
CRITICAL - 2022-07-20 02:12:54 --> Call to a member function getResultArray() on bool
#0 C:\xampp\htdocs\jobbed\app\Controllers\data_handling.php(433): App\Models\user_model->getData('SELECT * FROM t...')
#1 C:\xampp\htdocs\jobbed\system\CodeIgniter.php(832): App\Controllers\data_handling->getApplications()
#2 C:\xampp\htdocs\jobbed\system\CodeIgniter.php(419): CodeIgniter\CodeIgniter->runController(Object(App\Controllers\data_handling))
#3 C:\xampp\htdocs\jobbed\system\CodeIgniter.php(326): CodeIgniter\CodeIgniter->handleRequest(NULL, Object(Config\Cache), false)
#4 C:\xampp\htdocs\jobbed\public\index.php(37): CodeIgniter\CodeIgniter->run()
#5 C:\xampp\htdocs\jobbed\system\Commands\Server\rewrite.php(43): require_once('C:\\xampp\\htdocs...')
#6 {main}
CRITICAL - 2022-07-20 02:14:59 --> Call to a member function isValid() on null
#0 C:\xampp\htdocs\jobbed\system\CodeIgniter.php(832): App\Controllers\data_handling->worker_register()
#1 C:\xampp\htdocs\jobbed\system\CodeIgniter.php(419): CodeIgniter\CodeIgniter->runController(Object(App\Controllers\data_handling))
#2 C:\xampp\htdocs\jobbed\system\CodeIgniter.php(326): CodeIgniter\CodeIgniter->handleRequest(NULL, Object(Config\Cache), false)
#3 C:\xampp\htdocs\jobbed\public\index.php(37): CodeIgniter\CodeIgniter->run()
#4 C:\xampp\htdocs\jobbed\system\Commands\Server\rewrite.php(43): require_once('C:\\xampp\\htdocs...')
#5 {main}
ERROR - 2022-07-20 02:15:35 --> Unknown column 'is_verified' in 'where clause'
CRITICAL - 2022-07-20 02:15:35 --> Call to a member function getResultArray() on bool
#0 C:\xampp\htdocs\jobbed\app\Controllers\data_handling.php(433): App\Models\user_model->getData('SELECT * FROM t...')
#1 C:\xampp\htdocs\jobbed\system\CodeIgniter.php(832): App\Controllers\data_handling->getApplications()
#2 C:\xampp\htdocs\jobbed\system\CodeIgniter.php(419): CodeIgniter\CodeIgniter->runController(Object(App\Controllers\data_handling))
#3 C:\xampp\htdocs\jobbed\system\CodeIgniter.php(326): CodeIgniter\CodeIgniter->handleRequest(NULL, Object(Config\Cache), false)
#4 C:\xampp\htdocs\jobbed\public\index.php(37): CodeIgniter\CodeIgniter->run()
#5 C:\xampp\htdocs\jobbed\system\Commands\Server\rewrite.php(43): require_once('C:\\xampp\\htdocs...')
#6 {main}
