ERROR - 2022-07-19 02:24:04 --> Cannot delete or update a parent row: a foreign key constraint fails (`jobbed`.`tbl_issues`, CONSTRAINT `tbl_issues_ibfk_3` FOREIGN KEY (`issue_category`) REFERENCES `tbl_services` (`service_id`))
CRITICAL - 2022-07-19 02:49:36 -->  route cannot be found while reverse-routing.
#0 C:\xampp\htdocs\jobbed\system\HTTP\RedirectResponse.php(56): CodeIgniter\HTTP\Exceptions\HTTPException::forInvalidRedirectRoute('')
#1 C:\xampp\htdocs\jobbed\system\Common.php(832): CodeIgniter\HTTP\RedirectResponse->route(false)
#2 C:\xampp\htdocs\jobbed\app\Controllers\data_handling.php(311): redirect('/Home/adminServ...')
#3 C:\xampp\htdocs\jobbed\system\CodeIgniter.php(832): App\Controllers\data_handling->addService()
#4 C:\xampp\htdocs\jobbed\system\CodeIgniter.php(419): CodeIgniter\CodeIgniter->runController(Object(App\Controllers\data_handling))
#5 C:\xampp\htdocs\jobbed\system\CodeIgniter.php(326): CodeIgniter\CodeIgniter->handleRequest(NULL, Object(Config\Cache), false)
#6 C:\xampp\htdocs\jobbed\public\index.php(37): CodeIgniter\CodeIgniter->run()
#7 C:\xampp\htdocs\jobbed\system\Commands\Server\rewrite.php(43): require_once('C:\\xampp\\htdocs...')
#8 {main}
CRITICAL - 2022-07-19 02:50:04 -->  route cannot be found while reverse-routing.
#0 C:\xampp\htdocs\jobbed\system\HTTP\RedirectResponse.php(56): CodeIgniter\HTTP\Exceptions\HTTPException::forInvalidRedirectRoute('')
#1 C:\xampp\htdocs\jobbed\system\Common.php(832): CodeIgniter\HTTP\RedirectResponse->route(false)
#2 C:\xampp\htdocs\jobbed\app\Controllers\data_handling.php(311): redirect('Home/adminServi...')
#3 C:\xampp\htdocs\jobbed\system\CodeIgniter.php(832): App\Controllers\data_handling->addService()
#4 C:\xampp\htdocs\jobbed\system\CodeIgniter.php(419): CodeIgniter\CodeIgniter->runController(Object(App\Controllers\data_handling))
#5 C:\xampp\htdocs\jobbed\system\CodeIgniter.php(326): CodeIgniter\CodeIgniter->handleRequest(NULL, Object(Config\Cache), false)
#6 C:\xampp\htdocs\jobbed\public\index.php(37): CodeIgniter\CodeIgniter->run()
#7 C:\xampp\htdocs\jobbed\system\Commands\Server\rewrite.php(43): require_once('C:\\xampp\\htdocs...')
#8 {main}
